<?xml version="1.0" ?>
<!DOCTYPE coverage SYSTEM "http://cobertura.sourceforge.net/xml/coverage-04.dtd">
<coverage lines-valid="869" lines-covered="749" line-rate="0.8619" branches-valid="150" branches-covered="115" branch-rate="0.7666" timestamp="1783009424268" complexity="0" version="0.1">
  <sources>
    <source>/home/gajap/uSandbox/repos/nebula/nebula-insurance-crm/experience</source>
  </sources>
  <packages>
    <package name="neuron" line-rate="0" branch-rate="0.5">
      <classes>
        <class name="index.ts" filename="src/features/neuron/index.ts" line-rate="0" branch-rate="0">
          <methods>
            <method name="(empty-report)" hits="0" signature="()V">
              <lines>
                <line number="1" hits="0"/>
              </lines>
            </method>
          </methods>
          <lines>
            <line number="1" hits="0" branch="true" condition-coverage="0% (0/1)"/>
            <line number="2" hits="0" branch="false"/>
            <line number="3" hits="0" branch="false"/>
            <line number="4" hits="0" branch="false"/>
            <line number="5" hits="0" branch="false"/>
          </lines>
        </class>
        <class name="types.ts" filename="src/features/neuron/types.ts" line-rate="1" branch-rate="1">
          <methods>
            <method name="(empty-report)" hits="1" signature="()V">
              <lines>
                <line number="1" hits="1"/>
              </lines>
            </method>
          </methods>
          <lines>
          </lines>
        </class>
      </classes>
    </package>
    <package name="neuron.components" line-rate="0.882" branch-rate="0.7440000000000001">
      <classes>
        <class name="Composer.tsx" filename="src/features/neuron/components/Composer.tsx" line-rate="0.9301999999999999" branch-rate="0.6666">
          <methods>
            <method name="Composer" hits="76" signature="()V">
              <lines>
                <line number="9" hits="76"/>
              </lines>
            </method>
            <method name="submit" hits="2" signature="()V">
              <lines>
                <line number="18" hits="2"/>
              </lines>
            </method>
            <method name="handleSubmit" hits="2" signature="()V">
              <lines>
                <line number="25" hits="2"/>
              </lines>
            </method>
            <method name="handleKeyDown" hits="61" signature="()V">
              <lines>
                <line number="30" hits="61"/>
              </lines>
            </method>
            <method name="onChange" hits="61" signature="()V">
              <lines>
                <line number="42" hits="61"/>
              </lines>
            </method>
          </methods>
          <lines>
            <line number="1" hits="1" branch="false"/>
            <line number="9" hits="1" branch="true" condition-coverage="100% (1/1)"/>
            <line number="10" hits="76" branch="false"/>
            <line number="11" hits="76" branch="false"/>
            <line number="12" hits="76" branch="false"/>
            <line number="15" hits="76" branch="false"/>
            <line number="16" hits="76" branch="false"/>
            <line number="18" hits="76" branch="true" condition-coverage="100% (1/1)"/>
            <line number="19" hits="2" branch="false"/>
            <line number="20" hits="2" branch="true" condition-coverage="0% (0/1)"/>
            <line number="21" hits="2" branch="false"/>
            <line number="22" hits="2" branch="false"/>
            <line number="23" hits="2" branch="false"/>
            <line number="25" hits="76" branch="true" condition-coverage="100% (1/1)"/>
            <line number="26" hits="2" branch="false"/>
            <line number="27" hits="2" branch="false"/>
            <line number="28" hits="2" branch="false"/>
            <line number="30" hits="76" branch="true" condition-coverage="100% (1/1)"/>
            <line number="31" hits="61" branch="true" condition-coverage="0% (0/2)"/>
            <line number="32" hits="0" branch="false"/>
            <line number="33" hits="0" branch="false"/>
            <line number="34" hits="0" branch="false"/>
            <line number="35" hits="61" branch="false"/>
            <line number="37" hits="76" branch="false"/>
            <line number="38" hits="76" branch="false"/>
            <line number="39" hits="76" branch="false"/>
            <line number="40" hits="76" branch="false"/>
            <line number="41" hits="76" branch="false"/>
            <line number="42" hits="76" branch="true" condition-coverage="100% (1/1)"/>
            <line number="43" hits="76" branch="false"/>
            <line number="44" hits="76" branch="false"/>
            <line number="45" hits="76" branch="false"/>
            <line number="46" hits="76" branch="false"/>
            <line number="47" hits="76" branch="false"/>
            <line number="48" hits="76" branch="false"/>
            <line number="49" hits="76" branch="false"/>
            <line number="50" hits="76" branch="true" condition-coverage="100% (1/1)"/>
            <line number="51" hits="76" branch="false"/>
            <line number="52" hits="76" branch="false"/>
            <line number="54" hits="76" branch="false"/>
            <line number="55" hits="76" branch="false"/>
            <line number="56" hits="76" branch="false"/>
            <line number="58" hits="76" branch="false"/>
          </lines>
        </class>
        <class name="DayAtAGlance.test.tsx" filename="src/features/neuron/components/DayAtAGlance.test.tsx" line-rate="1" branch-rate="1">
          <methods>
            <method name="glanceFixture" hits="8" signature="()V">
              <lines>
                <line number="25" hits="8"/>
              </lines>
            </method>
            <method name="glanceWithRenewalsContent" hits="2" signature="()V">
              <lines>
                <line number="48" hits="2"/>
              </lines>
            </method>
          </methods>
          <lines>
            <line number="1" hits="1" branch="false"/>
            <line number="3" hits="1" branch="false"/>
            <line number="22" hits="1" branch="false"/>
            <line number="23" hits="1" branch="false"/>
            <line number="25" hits="8" branch="true" condition-coverage="100% (1/1)"/>
            <line number="26" hits="8" branch="false"/>
            <line number="27" hits="8" branch="false"/>
            <line number="28" hits="8" branch="false"/>
            <line number="29" hits="8" branch="false"/>
            <line number="30" hits="8" branch="false"/>
            <line number="31" hits="8" branch="false"/>
            <line number="32" hits="8" branch="false"/>
            <line number="33" hits="8" branch="false"/>
            <line number="34" hits="8" branch="false"/>
            <line number="35" hits="8" branch="false"/>
            <line number="36" hits="8" branch="false"/>
            <line number="37" hits="8" branch="false"/>
            <line number="38" hits="8" branch="false"/>
            <line number="39" hits="8" branch="false"/>
            <line number="40" hits="8" branch="false"/>
            <line number="41" hits="8" branch="false"/>
            <line number="42" hits="8" branch="false"/>
            <line number="43" hits="8" branch="false"/>
            <line number="44" hits="8" branch="false"/>
            <line number="45" hits="8" branch="false"/>
            <line number="46" hits="8" branch="false"/>
            <line number="48" hits="2" branch="true" condition-coverage="100% (1/1)"/>
            <line number="49" hits="2" branch="false"/>
            <line number="50" hits="2" branch="false"/>
            <line number="51" hits="2" branch="false"/>
            <line number="52" hits="2" branch="false"/>
            <line number="53" hits="2" branch="false"/>
            <line number="54" hits="2" branch="false"/>
            <line number="55" hits="2" branch="false"/>
            <line number="56" hits="2" branch="false"/>
            <line number="57" hits="2" branch="false"/>
            <line number="58" hits="2" branch="false"/>
            <line number="59" hits="2" branch="false"/>
            <line number="60" hits="2" branch="false"/>
            <line number="61" hits="2" branch="false"/>
            <line number="62" hits="2" branch="false"/>
            <line number="64" hits="1" branch="true" condition-coverage="100% (1/1)"/>
            <line number="65" hits="1" branch="true" condition-coverage="100% (1/1)"/>
            <line number="66" hits="11" branch="false"/>
            <line number="67" hits="11" branch="false"/>
            <line number="68" hits="1" branch="false"/>
            <line number="70" hits="1" branch="true" condition-coverage="100% (1/1)"/>
            <line number="71" hits="1" branch="false"/>
            <line number="72" hits="1" branch="false"/>
            <line number="73" hits="1" branch="false"/>
            <line number="75" hits="1" branch="false"/>
            <line number="76" hits="1" branch="false"/>
            <line number="77" hits="1" branch="false"/>
            <line number="78" hits="1" branch="false"/>
            <line number="79" hits="1" branch="false"/>
            <line number="81" hits="1" branch="false"/>
            <line number="82" hits="1" branch="false"/>
            <line number="83" hits="1" branch="false"/>
            <line number="85" hits="1" branch="true" condition-coverage="100% (1/1)"/>
            <line number="86" hits="1" branch="false"/>
            <line number="87" hits="1" branch="false"/>
            <line number="88" hits="1" branch="false"/>
            <line number="89" hits="1" branch="false"/>
            <line number="91" hits="1" branch="true" condition-coverage="100% (1/1)"/>
            <line number="92" hits="1" branch="false"/>
            <line number="93" hits="1" branch="false"/>
            <line number="94" hits="1" branch="false"/>
            <line number="95" hits="1" branch="false"/>
            <line number="96" hits="1" branch="false"/>
            <line number="97" hits="1" branch="false"/>
            <line number="98" hits="1" branch="false"/>
            <line number="99" hits="1" branch="false"/>
            <line number="100" hits="1" branch="false"/>
            <line number="101" hits="1" branch="false"/>
            <line number="102" hits="1" branch="false"/>
            <line number="104" hits="1" branch="true" condition-coverage="100% (1/1)"/>
            <line number="105" hits="1" branch="true" condition-coverage="100% (1/1)"/>
            <line number="106" hits="1" branch="false"/>
            <line number="107" hits="1" branch="false"/>
            <line number="108" hits="1" branch="false"/>
            <line number="110" hits="1" branch="true" condition-coverage="100% (1/1)"/>
            <line number="111" hits="1" branch="false"/>
            <line number="112" hits="1" branch="false"/>
            <line number="113" hits="1" branch="false"/>
            <line number="114" hits="1" branch="false"/>
            <line number="115" hits="1" branch="false"/>
            <line number="117" hits="1" branch="true" condition-coverage="100% (1/1)"/>
            <line number="118" hits="1" branch="false"/>
            <line number="119" hits="1" branch="false"/>
            <line number="120" hits="1" branch="false"/>
            <line number="121" hits="1" branch="false"/>
            <line number="122" hits="1" branch="false"/>
            <line number="123" hits="1" branch="false"/>
            <line number="125" hits="1" branch="true" condition-coverage="100% (1/1)"/>
            <line number="126" hits="1" branch="false"/>
            <line number="127" hits="1" branch="false"/>
            <line number="128" hits="1" branch="false"/>
            <line number="129" hits="1" branch="false"/>
            <line number="130" hits="1" branch="false"/>
            <line number="131" hits="1" branch="false"/>
            <line number="132" hits="1" branch="false"/>
            <line number="133" hits="1" branch="false"/>
            <line number="134" hits="1" branch="false"/>
            <line number="135" hits="1" branch="false"/>
            <line number="136" hits="1" branch="false"/>
            <line number="137" hits="1" branch="false"/>
            <line number="138" hits="1" branch="false"/>
            <line number="139" hits="1" branch="false"/>
            <line number="140" hits="1" branch="false"/>
            <line number="142" hits="1" branch="false"/>
            <line number="143" hits="1" branch="false"/>
            <line number="144" hits="1" branch="false"/>
            <line number="146" hits="1" branch="false"/>
            <line number="147" hits="1" branch="false"/>
            <line number="148" hits="1" branch="false"/>
            <line number="149" hits="1" branch="false"/>
            <line number="152" hits="1" branch="false"/>
            <line number="153" hits="1" branch="false"/>
            <line number="154" hits="1" branch="false"/>
            <line number="155" hits="1" branch="false"/>
            <line number="156" hits="1" branch="false"/>
            <line number="158" hits="1" branch="true" condition-coverage="100% (1/1)"/>
            <line number="159" hits="1" branch="false"/>
            <line number="160" hits="1" branch="false"/>
            <line number="161" hits="1" branch="false"/>
            <line number="162" hits="1" branch="false"/>
            <line number="163" hits="1" branch="false"/>
            <line number="164" hits="1" branch="false"/>
            <line number="165" hits="1" branch="false"/>
            <line number="166" hits="1" branch="false"/>
            <line number="167" hits="1" branch="false"/>
            <line number="168" hits="1" branch="false"/>
            <line number="169" hits="1" branch="false"/>
            <line number="170" hits="1" branch="false"/>
            <line number="171" hits="1" branch="false"/>
            <line number="172" hits="1" branch="false"/>
            <line number="173" hits="1" branch="false"/>
            <line number="174" hits="1" branch="false"/>
            <line number="175" hits="1" branch="false"/>
            <line number="176" hits="1" branch="false"/>
            <line number="177" hits="1" branch="false"/>
            <line number="178" hits="1" branch="false"/>
            <line number="179" hits="1" branch="false"/>
            <line number="180" hits="1" branch="false"/>
            <line number="182" hits="1" branch="false"/>
            <line number="183" hits="1" branch="false"/>
            <line number="185" hits="1" branch="false"/>
            <line number="186" hits="1" branch="false"/>
            <line number="187" hits="1" branch="false"/>
            <line number="188" hits="1" branch="false"/>
            <line number="190" hits="1" branch="false"/>
            <line number="192" hits="1" branch="true" condition-coverage="100% (1/1)"/>
            <line number="193" hits="1" branch="false"/>
            <line number="194" hits="1" branch="false"/>
            <line number="195" hits="1" branch="false"/>
            <line number="196" hits="1" branch="false"/>
            <line number="197" hits="1" branch="false"/>
            <line number="198" hits="1" branch="false"/>
            <line number="199" hits="1" branch="false"/>
            <line number="200" hits="1" branch="false"/>
            <line number="201" hits="1" branch="false"/>
            <line number="202" hits="1" branch="false"/>
            <line number="203" hits="1" branch="false"/>
            <line number="207" hits="1" branch="true" condition-coverage="100% (1/1)"/>
            <line number="208" hits="1" branch="false"/>
            <line number="209" hits="1" branch="false"/>
            <line number="210" hits="1" branch="false"/>
            <line number="211" hits="1" branch="false"/>
            <line number="212" hits="1" branch="false"/>
            <line number="214" hits="1" branch="false"/>
            <line number="215" hits="1" branch="false"/>
            <line number="217" hits="1" branch="false"/>
            <line number="218" hits="1" branch="false"/>
            <line number="221" hits="1" branch="true" condition-coverage="100% (1/1)"/>
            <line number="222" hits="1" branch="false"/>
            <line number="223" hits="1" branch="false"/>
            <line number="224" hits="1" branch="false"/>
            <line number="225" hits="1" branch="false"/>
            <line number="226" hits="1" branch="false"/>
            <line number="227" hits="1" branch="false"/>
            <line number="229" hits="1" branch="true" condition-coverage="100% (1/1)"/>
            <line number="230" hits="1" branch="false"/>
            <line number="231" hits="1" branch="false"/>
            <line number="232" hits="1" branch="false"/>
            <line number="233" hits="1" branch="false"/>
            <line number="234" hits="1" branch="false"/>
            <line number="235" hits="1" branch="false"/>
            <line number="236" hits="1" branch="false"/>
            <line number="237" hits="1" branch="false"/>
            <line number="238" hits="1" branch="false"/>
            <line number="239" hits="1" branch="false"/>
            <line number="241" hits="1" branch="false"/>
            <line number="242" hits="1" branch="false"/>
            <line number="244" hits="1" branch="false"/>
            <line number="245" hits="1" branch="false"/>
            <line number="247" hits="1" branch="false"/>
            <line number="249" hits="1" branch="false"/>
            <line number="250" hits="1" branch="true" condition-coverage="100% (1/1)"/>
            <line number="251" hits="1" branch="false"/>
            <line number="253" hits="1" branch="true" condition-coverage="100% (1/1)"/>
            <line number="254" hits="1" branch="false"/>
            <line number="255" hits="1" branch="false"/>
            <line number="256" hits="1" branch="false"/>
            <line number="258" hits="1" branch="false"/>
            <line number="259" hits="1" branch="false"/>
            <line number="260" hits="1" branch="false"/>
            <line number="261" hits="1" branch="false"/>
            <line number="262" hits="1" branch="false"/>
            <line number="263" hits="1" branch="false"/>
            <line number="264" hits="1" branch="false"/>
          </lines>
        </class>
        <class name="DayAtAGlance.tsx" filename="src/features/neuron/components/DayAtAGlance.tsx" line-rate="0.8887999999999999" branch-rate="0.8529000000000001">
          <methods>
            <method name="orderZones" hits="15" signature="()V">
              <lines>
                <line number="21" hits="15"/>
              </lines>
            </method>
            <method name="rank" hits="150" signature="()V">
              <lines>
                <line number="22" hits="150"/>
              </lines>
            </method>
            <method name="DayAtAGlance" hits="28" signature="()V">
              <lines>
                <line number="29" hits="28"/>
              </lines>
            </method>
            <method name="onSuccess" hits="3" signature="()V">
              <lines>
                <line number="43" hits="3"/>
              </lines>
            </method>
            <method name="onSuccess" hits="2" signature="()V">
              <lines>
                <line number="64" hits="2"/>
              </lines>
            </method>
            <method name="onError" hits="0" signature="()V">
              <lines>
                <line number="65" hits="0"/>
              </lines>
            </method>
            <method name="onClick" hits="0" signature="()V">
              <lines>
                <line number="105" hits="0"/>
              </lines>
            </method>
          </methods>
          <lines>
            <line number="1" hits="1" branch="false"/>
            <line number="21" hits="15" branch="true" condition-coverage="100% (1/1)"/>
            <line number="22" hits="15" branch="true" condition-coverage="100% (1/1)"/>
            <line number="23" hits="150" branch="false"/>
            <line number="24" hits="150" branch="true" condition-coverage="0% (0/1)"/>
            <line number="25" hits="150" branch="false"/>
            <line number="26" hits="15" branch="true" condition-coverage="100% (1/1)"/>
            <line number="27" hits="15" branch="false"/>
            <line number="29" hits="1" branch="true" condition-coverage="100% (1/1)"/>
            <line number="30" hits="28" branch="false"/>
            <line number="31" hits="28" branch="false"/>
            <line number="32" hits="28" branch="false"/>
            <line number="33" hits="28" branch="false"/>
            <line number="35" hits="28" branch="false"/>
            <line number="36" hits="28" branch="true" condition-coverage="100% (1/1)"/>
            <line number="37" hits="3" branch="false"/>
            <line number="38" hits="3" branch="false"/>
            <line number="39" hits="3" branch="false"/>
            <line number="40" hits="3" branch="false"/>
            <line number="41" hits="3" branch="false"/>
            <line number="42" hits="3" branch="false"/>
            <line number="43" hits="3" branch="true" condition-coverage="100% (2/2)"/>
            <line number="44" hits="3" branch="false"/>
            <line number="45" hits="3" branch="false"/>
            <line number="46" hits="28" branch="true" condition-coverage="100% (1/1)"/>
            <line number="47" hits="28" branch="false"/>
            <line number="49" hits="28" branch="false"/>
            <line number="50" hits="28" branch="true" condition-coverage="100% (1/1)"/>
            <line number="51" hits="2" branch="true" condition-coverage="0% (0/1)"/>
            <line number="53" hits="2" branch="false"/>
            <line number="54" hits="2" branch="false"/>
            <line number="55" hits="2" branch="true" condition-coverage="0% (0/1)"/>
            <line number="56" hits="2" branch="false"/>
            <line number="57" hits="2" branch="false"/>
            <line number="58" hits="2" branch="false"/>
            <line number="59" hits="2" branch="false"/>
            <line number="60" hits="2" branch="true" condition-coverage="100% (1/1)"/>
            <line number="61" hits="2" branch="false"/>
            <line number="62" hits="2" branch="false"/>
            <line number="63" hits="2" branch="false"/>
            <line number="64" hits="2" branch="true" condition-coverage="100% (2/2)"/>
            <line number="65" hits="2" branch="false"/>
            <line number="66" hits="0" branch="false"/>
            <line number="67" hits="0" branch="false"/>
            <line number="68" hits="0" branch="false"/>
            <line number="69" hits="0" branch="false"/>
            <line number="70" hits="0" branch="false"/>
            <line number="71" hits="0" branch="false"/>
            <line number="72" hits="0" branch="false"/>
            <line number="73" hits="0" branch="false"/>
            <line number="74" hits="0" branch="false"/>
            <line number="75" hits="0" branch="false"/>
            <line number="76" hits="0" branch="false"/>
            <line number="77" hits="0" branch="false"/>
            <line number="78" hits="2" branch="false"/>
            <line number="79" hits="2" branch="false"/>
            <line number="80" hits="2" branch="false"/>
            <line number="81" hits="28" branch="true" condition-coverage="100% (1/1)"/>
            <line number="82" hits="28" branch="false"/>
            <line number="84" hits="28" branch="true" condition-coverage="100% (1/1)"/>
            <line number="85" hits="11" branch="false"/>
            <line number="86" hits="11" branch="false"/>
            <line number="88" hits="11" branch="false"/>
            <line number="90" hits="11" branch="true" condition-coverage="100% (1/1)"/>
            <line number="92" hits="28" branch="true" condition-coverage="100% (1/1)"/>
            <line number="93" hits="2" branch="false"/>
            <line number="94" hits="2" branch="false"/>
            <line number="95" hits="2" branch="false"/>
            <line number="96" hits="2" branch="false"/>
            <line number="97" hits="2" branch="false"/>
            <line number="98" hits="2" branch="true" condition-coverage="100% (1/1)"/>
            <line number="99" hits="1" branch="true" condition-coverage="100% (1/1)"/>
            <line number="100" hits="1" branch="false"/>
            <line number="101" hits="2" branch="false"/>
            <line number="102" hits="2" branch="true" condition-coverage="100% (1/1)"/>
            <line number="103" hits="1" branch="false"/>
            <line number="104" hits="1" branch="false"/>
            <line number="105" hits="1" branch="false"/>
            <line number="106" hits="1" branch="false"/>
            <line number="107" hits="1" branch="false"/>
            <line number="109" hits="1" branch="true" condition-coverage="100% (1/1)"/>
            <line number="110" hits="1" branch="false"/>
            <line number="111" hits="2" branch="false"/>
            <line number="113" hits="2" branch="true" condition-coverage="100% (1/1)"/>
            <line number="115" hits="28" branch="true" condition-coverage="0% (0/1)"/>
            <line number="116" hits="0" branch="false"/>
            <line number="117" hits="0" branch="true" condition-coverage="100% (1/1)"/>
            <line number="119" hits="15" branch="false"/>
            <line number="121" hits="15" branch="false"/>
            <line number="122" hits="15" branch="false"/>
            <line number="123" hits="15" branch="false"/>
            <line number="124" hits="15" branch="false"/>
            <line number="125" hits="15" branch="false"/>
            <line number="126" hits="15" branch="true" condition-coverage="100% (1/1)"/>
            <line number="127" hits="60" branch="false"/>
            <line number="128" hits="60" branch="false"/>
            <line number="129" hits="60" branch="true" condition-coverage="100% (2/2)"/>
            <line number="131" hits="60" branch="false"/>
            <line number="132" hits="60" branch="false"/>
            <line number="133" hits="15" branch="false"/>
            <line number="134" hits="15" branch="false"/>
            <line number="136" hits="15" branch="false"/>
            <line number="137" hits="15" branch="false"/>
            <line number="138" hits="15" branch="false"/>
            <line number="140" hits="15" branch="true" condition-coverage="100% (1/1)"/>
            <line number="141" hits="30" branch="false"/>
            <line number="142" hits="30" branch="false"/>
            <line number="143" hits="30" branch="false"/>
            <line number="144" hits="15" branch="false"/>
            <line number="146" hits="15" branch="true" condition-coverage="100% (1/1)"/>
            <line number="147" hits="10" branch="false"/>
            <line number="148" hits="10" branch="false"/>
            <line number="149" hits="10" branch="false"/>
            <line number="150" hits="10" branch="false"/>
            <line number="151" hits="10" branch="true" condition-coverage="100% (1/1)"/>
            <line number="153" hits="10" branch="true" condition-coverage="100% (1/1)"/>
            <line number="154" hits="14" branch="false"/>
            <line number="155" hits="10" branch="true" condition-coverage="0% (0/1)"/>
            <line number="156" hits="10" branch="false"/>
            <line number="157" hits="15" branch="false"/>
            <line number="158" hits="15" branch="false"/>
            <line number="159" hits="15" branch="false"/>
            <line number="161" hits="15" branch="false"/>
            <line number="162" hits="15" branch="false"/>
            <line number="163" hits="15" branch="false"/>
            <line number="165" hits="15" branch="false"/>
          </lines>
        </class>
        <class name="MessagePartView.tsx" filename="src/features/neuron/components/MessagePartView.tsx" line-rate="0.4583" branch-rate="0.5555">
          <methods>
            <method name="MessagePartView" hits="44" signature="()V">
              <lines>
                <line number="11" hits="44"/>
              </lines>
            </method>
          </methods>
          <lines>
            <line number="1" hits="1" branch="false"/>
            <line number="11" hits="1" branch="true" condition-coverage="100% (1/1)"/>
            <line number="12" hits="44" branch="false"/>
            <line number="13" hits="44" branch="true" condition-coverage="100% (1/1)"/>
            <line number="14" hits="25" branch="false"/>
            <line number="16" hits="44" branch="true" condition-coverage="100% (1/1)"/>
            <line number="17" hits="16" branch="false"/>
            <line number="18" hits="16" branch="false"/>
            <line number="19" hits="16" branch="false"/>
            <line number="20" hits="16" branch="false"/>
            <line number="21" hits="16" branch="false"/>
            <line number="22" hits="16" branch="true" condition-coverage="0% (0/1)"/>
            <line number="23" hits="16" branch="false"/>
            <line number="25" hits="16" branch="true" condition-coverage="100% (1/1)"/>
            <line number="26" hits="16" branch="false"/>
            <line number="29" hits="44" branch="true" condition-coverage="100% (1/1)"/>
            <line number="30" hits="3" branch="false"/>
            <line number="32" hits="44" branch="true" condition-coverage="0% (0/1)"/>
            <line number="33" hits="0" branch="false"/>
            <line number="34" hits="0" branch="false"/>
            <line number="35" hits="0" branch="false"/>
            <line number="36" hits="0" branch="false"/>
            <line number="37" hits="0" branch="false"/>
            <line number="38" hits="0" branch="false"/>
            <line number="40" hits="0" branch="false"/>
            <line number="41" hits="0" branch="false"/>
            <line number="42" hits="0" branch="false"/>
            <line number="43" hits="0" branch="false"/>
            <line number="46" hits="44" branch="true" condition-coverage="0% (0/1)"/>
            <line number="47" hits="0" branch="false"/>
            <line number="48" hits="0" branch="false"/>
            <line number="49" hits="0" branch="false"/>
            <line number="50" hits="0" branch="false"/>
            <line number="51" hits="0" branch="false"/>
            <line number="52" hits="0" branch="false"/>
            <line number="53" hits="0" branch="false"/>
            <line number="54" hits="0" branch="false"/>
            <line number="55" hits="0" branch="false"/>
            <line number="56" hits="0" branch="false"/>
            <line number="57" hits="0" branch="false"/>
            <line number="59" hits="0" branch="false"/>
            <line number="60" hits="0" branch="false"/>
            <line number="61" hits="0" branch="false"/>
            <line number="62" hits="0" branch="false"/>
            <line number="65" hits="44" branch="true" condition-coverage="0% (0/1)"/>
            <line number="66" hits="0" branch="false"/>
            <line number="67" hits="44" branch="false"/>
            <line number="68" hits="44" branch="false"/>
          </lines>
        </class>
        <class name="NeuronPanel.tsx" filename="src/features/neuron/components/NeuronPanel.tsx" line-rate="0" branch-rate="0">
          <methods>
            <method name="(empty-report)" hits="0" signature="()V">
              <lines>
                <line number="1" hits="0"/>
              </lines>
            </method>
          </methods>
          <lines>
            <line number="1" hits="0" branch="true" condition-coverage="0% (0/1)"/>
            <line number="16" hits="0" branch="false"/>
            <line number="17" hits="0" branch="false"/>
            <line number="18" hits="0" branch="false"/>
            <line number="19" hits="0" branch="false"/>
            <line number="20" hits="0" branch="false"/>
            <line number="21" hits="0" branch="false"/>
            <line number="22" hits="0" branch="false"/>
            <line number="23" hits="0" branch="false"/>
            <line number="24" hits="0" branch="false"/>
            <line number="25" hits="0" branch="false"/>
            <line number="27" hits="0" branch="false"/>
            <line number="28" hits="0" branch="false"/>
            <line number="29" hits="0" branch="false"/>
            <line number="30" hits="0" branch="false"/>
            <line number="31" hits="0" branch="false"/>
            <line number="32" hits="0" branch="false"/>
            <line number="33" hits="0" branch="false"/>
            <line number="35" hits="0" branch="false"/>
            <line number="36" hits="0" branch="false"/>
            <line number="37" hits="0" branch="false"/>
            <line number="39" hits="0" branch="false"/>
            <line number="40" hits="0" branch="false"/>
            <line number="42" hits="0" branch="false"/>
            <line number="43" hits="0" branch="false"/>
            <line number="44" hits="0" branch="false"/>
            <line number="46" hits="0" branch="false"/>
            <line number="48" hits="0" branch="false"/>
          </lines>
        </class>
        <class name="OutreachDraftEditor.tsx" filename="src/features/neuron/components/OutreachDraftEditor.tsx" line-rate="0.8852" branch-rate="0.5454">
          <methods>
            <method name="OutreachDraftEditor" hits="3" signature="()V">
              <lines>
                <line number="25" hits="3"/>
              </lines>
            </method>
            <method name="onChange" hits="0" signature="()V">
              <lines>
                <line number="46" hits="0"/>
              </lines>
            </method>
            <method name="onClick" hits="0" signature="()V">
              <lines>
                <line number="57" hits="0"/>
              </lines>
            </method>
            <method name="onClick" hits="1" signature="()V">
              <lines>
                <line number="64" hits="1"/>
              </lines>
            </method>
          </methods>
          <lines>
            <line number="1" hits="1" branch="false"/>
            <line number="11" hits="1" branch="false"/>
            <line number="12" hits="1" branch="false"/>
            <line number="13" hits="1" branch="false"/>
            <line number="14" hits="1" branch="false"/>
            <line number="15" hits="1" branch="false"/>
            <line number="16" hits="1" branch="false"/>
            <line number="17" hits="1" branch="false"/>
            <line number="18" hits="1" branch="false"/>
            <line number="19" hits="1" branch="false"/>
            <line number="20" hits="1" branch="false"/>
            <line number="21" hits="1" branch="false"/>
            <line number="22" hits="1" branch="false"/>
            <line number="23" hits="1" branch="false"/>
            <line number="25" hits="1" branch="true" condition-coverage="100% (1/1)"/>
            <line number="26" hits="3" branch="true" condition-coverage="0% (0/1)"/>
            <line number="27" hits="3" branch="true" condition-coverage="0% (0/1)"/>
            <line number="28" hits="3" branch="true" condition-coverage="100% (2/2)"/>
            <line number="29" hits="3" branch="true" condition-coverage="100% (2/2)"/>
            <line number="31" hits="3" branch="true" condition-coverage="0% (0/1)"/>
            <line number="32" hits="3" branch="false"/>
            <line number="33" hits="3" branch="false"/>
            <line number="35" hits="3" branch="false"/>
            <line number="36" hits="3" branch="false"/>
            <line number="37" hits="3" branch="false"/>
            <line number="38" hits="3" branch="false"/>
            <line number="39" hits="3" branch="false"/>
            <line number="40" hits="3" branch="false"/>
            <line number="42" hits="3" branch="true" condition-coverage="0% (0/1)"/>
            <line number="43" hits="0" branch="false"/>
            <line number="44" hits="0" branch="false"/>
            <line number="45" hits="0" branch="false"/>
            <line number="46" hits="0" branch="false"/>
            <line number="47" hits="0" branch="false"/>
            <line number="48" hits="0" branch="false"/>
            <line number="49" hits="0" branch="false"/>
            <line number="51" hits="3" branch="false"/>
            <line number="54" hits="3" branch="false"/>
            <line number="55" hits="3" branch="false"/>
            <line number="56" hits="3" branch="false"/>
            <line number="57" hits="3" branch="false"/>
            <line number="58" hits="3" branch="false"/>
            <line number="60" hits="3" branch="true" condition-coverage="0% (0/1)"/>
            <line number="61" hits="3" branch="false"/>
            <line number="62" hits="3" branch="false"/>
            <line number="63" hits="3" branch="false"/>
            <line number="64" hits="3" branch="true" condition-coverage="100% (1/1)"/>
            <line number="65" hits="1" branch="false"/>
            <line number="66" hits="1" branch="false"/>
            <line number="67" hits="1" branch="false"/>
            <line number="68" hits="1" branch="false"/>
            <line number="70" hits="3" branch="false"/>
            <line number="71" hits="3" branch="false"/>
            <line number="72" hits="3" branch="false"/>
            <line number="73" hits="3" branch="false"/>
            <line number="74" hits="3" branch="false"/>
            <line number="75" hits="3" branch="false"/>
            <line number="77" hits="3" branch="false"/>
            <line number="78" hits="3" branch="false"/>
            <line number="79" hits="3" branch="false"/>
            <line number="81" hits="3" branch="false"/>
          </lines>
        </class>
        <class name="RenewalCompanionContext.tsx" filename="src/features/neuron/components/RenewalCompanionContext.tsx" line-rate="0.9814" branch-rate="0.6">
          <methods>
            <method name="RenewalCompanionContext" hits="2" signature="()V">
              <lines>
                <line number="29" hits="2"/>
              </lines>
            </method>
          </methods>
          <lines>
            <line number="1" hits="1" branch="false"/>
            <line number="6" hits="1" branch="false"/>
            <line number="7" hits="1" branch="false"/>
            <line number="8" hits="1" branch="false"/>
            <line number="9" hits="1" branch="false"/>
            <line number="10" hits="1" branch="false"/>
            <line number="11" hits="1" branch="false"/>
            <line number="12" hits="1" branch="false"/>
            <line number="13" hits="1" branch="false"/>
            <line number="14" hits="1" branch="false"/>
            <line number="15" hits="1" branch="false"/>
            <line number="16" hits="1" branch="false"/>
            <line number="17" hits="1" branch="false"/>
            <line number="18" hits="1" branch="false"/>
            <line number="19" hits="1" branch="false"/>
            <line number="29" hits="1" branch="true" condition-coverage="100% (1/1)"/>
            <line number="30" hits="2" branch="true" condition-coverage="0% (0/1)"/>
            <line number="31" hits="2" branch="true" condition-coverage="0% (0/1)"/>
            <line number="32" hits="2" branch="true" condition-coverage="0% (0/1)"/>
            <line number="33" hits="2" branch="true" condition-coverage="100% (2/2)"/>
            <line number="34" hits="2" branch="true" condition-coverage="100% (1/1)"/>
            <line number="36" hits="2" branch="false"/>
            <line number="37" hits="2" branch="false"/>
            <line number="38" hits="2" branch="false"/>
            <line number="39" hits="2" branch="false"/>
            <line number="40" hits="2" branch="false"/>
            <line number="41" hits="2" branch="false"/>
            <line number="42" hits="2" branch="false"/>
            <line number="43" hits="2" branch="false"/>
            <line number="44" hits="2" branch="true" condition-coverage="0% (0/1)"/>
            <line number="45" hits="0" branch="false"/>
            <line number="46" hits="2" branch="false"/>
            <line number="47" hits="2" branch="false"/>
            <line number="48" hits="2" branch="true" condition-coverage="100% (1/1)"/>
            <line number="49" hits="1" branch="false"/>
            <line number="50" hits="1" branch="false"/>
            <line number="51" hits="1" branch="false"/>
            <line number="52" hits="1" branch="true" condition-coverage="100% (1/1)"/>
            <line number="53" hits="1" branch="false"/>
            <line number="54" hits="2" branch="false"/>
            <line number="55" hits="2" branch="true" condition-coverage="100% (1/1)"/>
            <line number="56" hits="1" branch="false"/>
            <line number="57" hits="1" branch="false"/>
            <line number="58" hits="1" branch="false"/>
            <line number="59" hits="1" branch="true" condition-coverage="100% (1/1)"/>
            <line number="60" hits="1" branch="true" condition-coverage="0% (0/1)"/>
            <line number="61" hits="1" branch="true" condition-coverage="0% (0/1)"/>
            <line number="62" hits="1" branch="false"/>
            <line number="63" hits="1" branch="false"/>
            <line number="64" hits="1" branch="false"/>
            <line number="65" hits="1" branch="true" condition-coverage="100% (1/1)"/>
            <line number="66" hits="1" branch="false"/>
            <line number="67" hits="2" branch="false"/>
            <line number="69" hits="2" branch="false"/>
          </lines>
        </class>
        <class name="RenewalsNeedsAttentionList.tsx" filename="src/features/neuron/components/RenewalsNeedsAttentionList.tsx" line-rate="0.9695999999999999" branch-rate="0.75">
          <methods>
            <method name="RenewalsNeedsAttentionList" hits="6" signature="()V">
              <lines>
                <line number="41" hits="6"/>
              </lines>
            </method>
            <method name="onClick" hits="1" signature="()V">
              <lines>
                <line number="70" hits="1"/>
              </lines>
            </method>
            <method name="onClick" hits="1" signature="()V">
              <lines>
                <line number="78" hits="1"/>
              </lines>
            </method>
          </methods>
          <lines>
            <line number="1" hits="1" branch="false"/>
            <line number="10" hits="1" branch="false"/>
            <line number="11" hits="1" branch="false"/>
            <line number="12" hits="1" branch="false"/>
            <line number="13" hits="1" branch="false"/>
            <line number="14" hits="1" branch="false"/>
            <line number="15" hits="1" branch="false"/>
            <line number="16" hits="1" branch="false"/>
            <line number="17" hits="1" branch="false"/>
            <line number="18" hits="1" branch="false"/>
            <line number="19" hits="1" branch="false"/>
            <line number="20" hits="1" branch="false"/>
            <line number="21" hits="1" branch="false"/>
            <line number="22" hits="1" branch="false"/>
            <line number="23" hits="1" branch="false"/>
            <line number="24" hits="1" branch="false"/>
            <line number="25" hits="1" branch="false"/>
            <line number="26" hits="1" branch="false"/>
            <line number="27" hits="1" branch="false"/>
            <line number="28" hits="1" branch="false"/>
            <line number="29" hits="1" branch="false"/>
            <line number="30" hits="1" branch="false"/>
            <line number="31" hits="1" branch="false"/>
            <line number="41" hits="1" branch="true" condition-coverage="100% (1/1)"/>
            <line number="42" hits="6" branch="true" condition-coverage="0% (0/1)"/>
            <line number="43" hits="6" branch="false"/>
            <line number="45" hits="6" branch="true" condition-coverage="0% (0/1)"/>
            <line number="46" hits="0" branch="false"/>
            <line number="47" hits="0" branch="false"/>
            <line number="49" hits="6" branch="false"/>
            <line number="50" hits="6" branch="false"/>
            <line number="51" hits="6" branch="true" condition-coverage="100% (1/1)"/>
            <line number="52" hits="6" branch="false"/>
            <line number="53" hits="6" branch="false"/>
            <line number="54" hits="6" branch="false"/>
            <line number="56" hits="6" branch="false"/>
            <line number="57" hits="6" branch="false"/>
            <line number="58" hits="6" branch="false"/>
            <line number="59" hits="6" branch="false"/>
            <line number="60" hits="6" branch="false"/>
            <line number="61" hits="6" branch="false"/>
            <line number="62" hits="6" branch="true" condition-coverage="100% (1/1)"/>
            <line number="63" hits="5" branch="false"/>
            <line number="64" hits="5" branch="false"/>
            <line number="65" hits="5" branch="true" condition-coverage="100% (1/1)"/>
            <line number="66" hits="1" branch="false"/>
            <line number="67" hits="6" branch="false"/>
            <line number="68" hits="6" branch="false"/>
            <line number="69" hits="6" branch="false"/>
            <line number="70" hits="6" branch="true" condition-coverage="100% (1/1)"/>
            <line number="71" hits="6" branch="false"/>
            <line number="72" hits="6" branch="false"/>
            <line number="73" hits="6" branch="false"/>
            <line number="75" hits="6" branch="false"/>
            <line number="76" hits="6" branch="false"/>
            <line number="77" hits="6" branch="false"/>
            <line number="78" hits="6" branch="true" condition-coverage="100% (1/1)"/>
            <line number="79" hits="6" branch="false"/>
            <line number="80" hits="6" branch="false"/>
            <line number="81" hits="6" branch="false"/>
            <line number="83" hits="6" branch="false"/>
            <line number="84" hits="6" branch="false"/>
            <line number="85" hits="6" branch="false"/>
            <line number="86" hits="6" branch="false"/>
            <line number="87" hits="6" branch="false"/>
            <line number="89" hits="6" branch="false"/>
          </lines>
        </class>
        <class name="ZoneSlot.tsx" filename="src/features/neuron/components/ZoneSlot.tsx" line-rate="0.983" branch-rate="0.6842">
          <methods>
            <method name="ZoneBadge" hits="60" signature="()V">
              <lines>
                <line number="11" hits="60"/>
              </lines>
            </method>
            <method name="ZoneSlot" hits="60" signature="()V">
              <lines>
                <line number="33" hits="60"/>
              </lines>
            </method>
          </methods>
          <lines>
            <line number="1" hits="1" branch="false"/>
            <line number="11" hits="60" branch="true" condition-coverage="100% (1/1)"/>
            <line number="12" hits="60" branch="true" condition-coverage="100% (2/2)"/>
            <line number="13" hits="15" branch="false"/>
            <line number="14" hits="15" branch="false"/>
            <line number="15" hits="15" branch="false"/>
            <line number="16" hits="15" branch="false"/>
            <line number="18" hits="15" branch="true" condition-coverage="100% (1/1)"/>
            <line number="19" hits="60" branch="true" condition-coverage="100% (1/1)"/>
            <line number="20" hits="1" branch="false"/>
            <line number="21" hits="1" branch="false"/>
            <line number="22" hits="1" branch="false"/>
            <line number="23" hits="1" branch="false"/>
            <line number="25" hits="1" branch="true" condition-coverage="100% (1/1)"/>
            <line number="26" hits="44" branch="false"/>
            <line number="27" hits="44" branch="false"/>
            <line number="28" hits="44" branch="false"/>
            <line number="29" hits="44" branch="false"/>
            <line number="31" hits="44" branch="false"/>
            <line number="33" hits="1" branch="true" condition-coverage="100% (1/1)"/>
            <line number="34" hits="60" branch="true" condition-coverage="0% (0/1)"/>
            <line number="35" hits="60" branch="false"/>
            <line number="37" hits="60" branch="false"/>
            <line number="38" hits="60" branch="false"/>
            <line number="39" hits="60" branch="true" condition-coverage="100% (1/1)"/>
            <line number="40" hits="5" branch="false"/>
            <line number="41" hits="5" branch="true" condition-coverage="0% (0/2)"/>
            <line number="42" hits="0" branch="false"/>
            <line number="43" hits="5" branch="false"/>
            <line number="44" hits="60" branch="true" condition-coverage="100% (1/1)"/>
            <line number="45" hits="10" branch="true" condition-coverage="0% (0/1)"/>
            <line number="46" hits="10" branch="false"/>
            <line number="47" hits="60" branch="true" condition-coverage="100% (1/1)"/>
            <line number="48" hits="1" branch="false"/>
            <line number="49" hits="1" branch="false"/>
            <line number="50" hits="1" branch="true" condition-coverage="0% (0/1)"/>
            <line number="51" hits="1" branch="false"/>
            <line number="53" hits="1" branch="false"/>
            <line number="54" hits="60" branch="true" condition-coverage="100% (1/1)"/>
            <line number="55" hits="60" branch="true" condition-coverage="100% (1/1)"/>
            <line number="56" hits="44" branch="true" condition-coverage="0% (0/1)"/>
            <line number="57" hits="44" branch="false"/>
            <line number="58" hits="60" branch="false"/>
            <line number="60" hits="60" branch="false"/>
            <line number="61" hits="60" branch="false"/>
            <line number="62" hits="60" branch="false"/>
            <line number="63" hits="60" branch="false"/>
            <line number="64" hits="60" branch="false"/>
            <line number="65" hits="60" branch="false"/>
            <line number="66" hits="60" branch="false"/>
            <line number="67" hits="60" branch="true" condition-coverage="100% (1/1)"/>
            <line number="68" hits="60" branch="false"/>
            <line number="70" hits="60" branch="false"/>
            <line number="71" hits="60" branch="false"/>
            <line number="72" hits="60" branch="false"/>
            <line number="73" hits="60" branch="false"/>
            <line number="74" hits="60" branch="false"/>
            <line number="75" hits="60" branch="false"/>
            <line number="77" hits="60" branch="false"/>
          </lines>
        </class>
      </classes>
    </package>
    <package name="neuron.hooks" line-rate="0.42590000000000006" branch-rate="0.75">
      <classes>
        <class name="useCompanionAction.ts" filename="src/features/neuron/hooks/useCompanionAction.ts" line-rate="1" branch-rate="1">
          <methods>
            <method name="useCompanionAction" hits="28" signature="()V">
              <lines>
                <line number="18" hits="28"/>
              </lines>
            </method>
            <method name="mutationFn" hits="3" signature="()V">
              <lines>
                <line number="20" hits="3"/>
              </lines>
            </method>
          </methods>
          <lines>
            <line number="1" hits="1" branch="false"/>
            <line number="18" hits="1" branch="true" condition-coverage="100% (1/1)"/>
            <line number="19" hits="28" branch="false"/>
            <line number="20" hits="28" branch="true" condition-coverage="100% (1/1)"/>
            <line number="21" hits="3" branch="false"/>
            <line number="22" hits="28" branch="false"/>
            <line number="23" hits="28" branch="false"/>
          </lines>
        </class>
        <class name="useGlance.ts" filename="src/features/neuron/hooks/useGlance.ts" line-rate="0.9" branch-rate="0.6666">
          <methods>
            <method name="useGlance" hits="28" signature="()V">
              <lines>
                <line number="11" hits="28"/>
              </lines>
            </method>
            <method name="queryFn" hits="11" signature="()V">
              <lines>
                <line number="18" hits="11"/>
              </lines>
            </method>
          </methods>
          <lines>
            <line number="1" hits="1" branch="false"/>
            <line number="11" hits="1" branch="true" condition-coverage="100% (1/1)"/>
            <line number="12" hits="28" branch="true" condition-coverage="0% (0/1)"/>
            <line number="13" hits="0" branch="false"/>
            <line number="14" hits="28" branch="false"/>
            <line number="16" hits="28" branch="false"/>
            <line number="17" hits="28" branch="false"/>
            <line number="18" hits="28" branch="true" condition-coverage="100% (1/1)"/>
            <line number="19" hits="28" branch="false"/>
            <line number="20" hits="28" branch="false"/>
          </lines>
        </class>
        <class name="useNeuronChat.ts" filename="src/features/neuron/hooks/useNeuronChat.ts" line-rate="0" branch-rate="0">
          <methods>
            <method name="(empty-report)" hits="0" signature="()V">
              <lines>
                <line number="1" hits="0"/>
              </lines>
            </method>
          </methods>
          <lines>
            <line number="1" hits="0" branch="true" condition-coverage="0% (0/1)"/>
            <line number="4" hits="0" branch="false"/>
            <line number="5" hits="0" branch="false"/>
            <line number="6" hits="0" branch="false"/>
            <line number="7" hits="0" branch="false"/>
            <line number="8" hits="0" branch="false"/>
            <line number="9" hits="0" branch="false"/>
            <line number="10" hits="0" branch="false"/>
            <line number="12" hits="0" branch="false"/>
            <line number="13" hits="0" branch="false"/>
            <line number="14" hits="0" branch="false"/>
            <line number="16" hits="0" branch="false"/>
            <line number="17" hits="0" branch="false"/>
            <line number="18" hits="0" branch="false"/>
            <line number="20" hits="0" branch="false"/>
            <line number="21" hits="0" branch="false"/>
            <line number="22" hits="0" branch="false"/>
            <line number="23" hits="0" branch="false"/>
            <line number="24" hits="0" branch="false"/>
            <line number="25" hits="0" branch="false"/>
            <line number="26" hits="0" branch="false"/>
            <line number="27" hits="0" branch="false"/>
            <line number="28" hits="0" branch="false"/>
            <line number="29" hits="0" branch="false"/>
            <line number="30" hits="0" branch="false"/>
            <line number="31" hits="0" branch="false"/>
            <line number="32" hits="0" branch="false"/>
            <line number="33" hits="0" branch="false"/>
            <line number="35" hits="0" branch="false"/>
            <line number="36" hits="0" branch="false"/>
          </lines>
        </class>
        <class name="useSendMessage.ts" filename="src/features/neuron/hooks/useSendMessage.ts" line-rate="1" branch-rate="1">
          <methods>
            <method name="useSendMessage" hits="28" signature="()V">
              <lines>
                <line number="18" hits="28"/>
              </lines>
            </method>
            <method name="mutationFn" hits="2" signature="()V">
              <lines>
                <line number="20" hits="2"/>
              </lines>
            </method>
          </methods>
          <lines>
            <line number="1" hits="1" branch="false"/>
            <line number="18" hits="1" branch="true" condition-coverage="100% (1/1)"/>
            <line number="19" hits="28" branch="false"/>
            <line number="20" hits="28" branch="true" condition-coverage="100% (1/1)"/>
            <line number="21" hits="2" branch="false"/>
            <line number="22" hits="28" branch="false"/>
            <line number="23" hits="28" branch="false"/>
          </lines>
        </class>
      </classes>
    </package>
    <package name="neuron.lib" line-rate="1" branch-rate="1">
      <classes>
        <class name="constants.ts" filename="src/features/neuron/lib/constants.ts" line-rate="1" branch-rate="1">
          <methods>
          </methods>
          <lines>
            <line number="4" hits="1" branch="false"/>
            <line number="5" hits="1" branch="false"/>
            <line number="7" hits="1" branch="false"/>
            <line number="8" hits="1" branch="false"/>
            <line number="9" hits="1" branch="false"/>
            <line number="12" hits="1" branch="false"/>
          </lines>
        </class>
      </classes>
    </package>
    <package name="neuron.registry" line-rate="0.9815999999999999" branch-rate="1">
      <classes>
        <class name="actionContext.tsx" filename="src/features/neuron/registry/actionContext.tsx" line-rate="1" branch-rate="1">
          <methods>
            <method name="dispatch" hits="0" signature="()V">
              <lines>
                <line number="20" hits="0"/>
              </lines>
            </method>
            <method name="useAction" hits="9" signature="()V">
              <lines>
                <line number="26" hits="9"/>
              </lines>
            </method>
          </methods>
          <lines>
            <line number="1" hits="1" branch="false"/>
            <line number="19" hits="1" branch="false"/>
            <line number="20" hits="1" branch="false"/>
            <line number="21" hits="1" branch="false"/>
            <line number="22" hits="1" branch="false"/>
            <line number="24" hits="1" branch="false"/>
            <line number="26" hits="1" branch="true" condition-coverage="100% (1/1)"/>
            <line number="27" hits="9" branch="false"/>
            <line number="28" hits="9" branch="false"/>
          </lines>
        </class>
        <class name="actionRegistry.ts" filename="src/features/neuron/registry/actionRegistry.ts" line-rate="0.7777" branch-rate="1">
          <methods>
            <method name="isRegisteredAction" hits="0" signature="()V">
              <lines>
                <line number="15" hits="0"/>
              </lines>
            </method>
          </methods>
          <lines>
            <line number="8" hits="1" branch="false"/>
            <line number="9" hits="1" branch="false"/>
            <line number="10" hits="1" branch="false"/>
            <line number="11" hits="1" branch="false"/>
            <line number="12" hits="1" branch="false"/>
            <line number="13" hits="1" branch="false"/>
            <line number="15" hits="1" branch="false"/>
            <line number="16" hits="0" branch="false"/>
            <line number="17" hits="0" branch="false"/>
          </lines>
        </class>
        <class name="componentRegistry.test.tsx" filename="src/features/neuron/registry/componentRegistry.test.tsx" line-rate="1" branch-rate="1">
          <methods>
          </methods>
          <lines>
            <line number="1" hits="1" branch="false"/>
            <line number="2" hits="1" branch="false"/>
            <line number="6" hits="1" branch="false"/>
            <line number="8" hits="1" branch="true" condition-coverage="100% (1/1)"/>
            <line number="9" hits="1" branch="true" condition-coverage="100% (1/1)"/>
            <line number="10" hits="1" branch="false"/>
            <line number="11" hits="1" branch="false"/>
            <line number="12" hits="1" branch="false"/>
            <line number="14" hits="1" branch="true" condition-coverage="100% (1/1)"/>
            <line number="15" hits="1" branch="false"/>
            <line number="16" hits="1" branch="false"/>
            <line number="17" hits="1" branch="false"/>
            <line number="18" hits="1" branch="false"/>
            <line number="20" hits="1" branch="true" condition-coverage="100% (1/1)"/>
            <line number="21" hits="1" branch="false"/>
            <line number="22" hits="1" branch="false"/>
            <line number="23" hits="1" branch="false"/>
            <line number="25" hits="1" branch="true" condition-coverage="100% (1/1)"/>
            <line number="26" hits="1" branch="false"/>
            <line number="27" hits="1" branch="false"/>
            <line number="28" hits="1" branch="false"/>
            <line number="29" hits="1" branch="false"/>
            <line number="30" hits="1" branch="false"/>
            <line number="31" hits="1" branch="false"/>
            <line number="32" hits="1" branch="false"/>
            <line number="33" hits="1" branch="false"/>
            <line number="35" hits="1" branch="true" condition-coverage="100% (1/1)"/>
            <line number="36" hits="1" branch="false"/>
            <line number="37" hits="1" branch="false"/>
            <line number="38" hits="1" branch="false"/>
            <line number="39" hits="1" branch="false"/>
            <line number="40" hits="1" branch="false"/>
            <line number="41" hits="1" branch="false"/>
            <line number="42" hits="1" branch="false"/>
            <line number="43" hits="1" branch="false"/>
            <line number="45" hits="1" branch="true" condition-coverage="100% (1/1)"/>
            <line number="46" hits="1" branch="false"/>
            <line number="47" hits="1" branch="false"/>
            <line number="48" hits="1" branch="false"/>
            <line number="49" hits="1" branch="false"/>
            <line number="50" hits="1" branch="false"/>
            <line number="51" hits="1" branch="false"/>
            <line number="52" hits="1" branch="false"/>
            <line number="53" hits="1" branch="false"/>
            <line number="54" hits="1" branch="false"/>
            <line number="55" hits="1" branch="false"/>
            <line number="56" hits="1" branch="false"/>
          </lines>
        </class>
        <class name="componentRegistry.tsx" filename="src/features/neuron/registry/componentRegistry.tsx" line-rate="1" branch-rate="1">
          <methods>
            <method name="isRegisteredComponent" hits="2" signature="()V">
              <lines>
                <line number="47" hits="2"/>
              </lines>
            </method>
            <method name="SafeFallback" hits="2" signature="()V">
              <lines>
                <line number="51" hits="2"/>
              </lines>
            </method>
            <method name="renderRegisteredComponent" hits="13" signature="()V">
              <lines>
                <line number="66" hits="13"/>
              </lines>
            </method>
          </methods>
          <lines>
            <line number="1" hits="1" branch="false"/>
            <line number="24" hits="1" branch="false"/>
            <line number="25" hits="1" branch="false"/>
            <line number="32" hits="1" branch="false"/>
            <line number="33" hits="1" branch="false"/>
            <line number="34" hits="1" branch="false"/>
            <line number="35" hits="1" branch="false"/>
            <line number="36" hits="1" branch="false"/>
            <line number="37" hits="1" branch="false"/>
            <line number="38" hits="1" branch="false"/>
            <line number="39" hits="1" branch="false"/>
            <line number="40" hits="1" branch="false"/>
            <line number="41" hits="1" branch="false"/>
            <line number="42" hits="1" branch="false"/>
            <line number="43" hits="1" branch="false"/>
            <line number="44" hits="1" branch="false"/>
            <line number="45" hits="1" branch="false"/>
            <line number="47" hits="1" branch="true" condition-coverage="100% (1/1)"/>
            <line number="48" hits="2" branch="false"/>
            <line number="49" hits="2" branch="false"/>
            <line number="51" hits="1" branch="true" condition-coverage="100% (1/1)"/>
            <line number="54" hits="2" branch="false"/>
            <line number="55" hits="2" branch="false"/>
            <line number="56" hits="2" branch="false"/>
            <line number="57" hits="2" branch="false"/>
            <line number="58" hits="2" branch="false"/>
            <line number="59" hits="2" branch="false"/>
            <line number="60" hits="2" branch="false"/>
            <line number="62" hits="2" branch="false"/>
            <line number="64" hits="2" branch="false"/>
            <line number="66" hits="1" branch="true" condition-coverage="100% (1/1)"/>
            <line number="67" hits="13" branch="false"/>
            <line number="68" hits="13" branch="false"/>
            <line number="69" hits="13" branch="false"/>
            <line number="70" hits="13" branch="false"/>
            <line number="71" hits="13" branch="true" condition-coverage="100% (1/1)"/>
            <line number="72" hits="1" branch="false"/>
            <line number="73" hits="1" branch="true" condition-coverage="100% (1/1)"/>
            <line number="74" hits="13" branch="true" condition-coverage="100% (1/1)"/>
            <line number="75" hits="1" branch="false"/>
            <line number="76" hits="1" branch="true" condition-coverage="100% (1/1)"/>
            <line number="77" hits="11" branch="false"/>
            <line number="78" hits="11" branch="false"/>
            <line number="79" hits="11" branch="false"/>
          </lines>
        </class>
      </classes>
    </package>
  </packages>
</coverage>
