{"total": {"lines":{"total":568,"covered":490,"skipped":0,"pct":86.26},"statements":{"total":568,"covered":490,"skipped":0,"pct":86.26},"functions":{"total":64,"covered":27,"skipped":0,"pct":42.18},"branches":{"total":91,"covered":43,"skipped":0,"pct":47.25},"branchesTrue":{"total":0,"covered":0,"skipped":0,"pct":100}}
,"/repo/experience/src/components/layout/Sidebar.tsx": {"lines":{"total":147,"covered":92,"skipped":0,"pct":62.58},"functions":{"total":2,"covered":2,"skipped":0,"pct":100},"statements":{"total":147,"covered":92,"skipped":0,"pct":62.58},"branches":{"total":19,"covered":11,"skipped":0,"pct":57.89}}
,"/repo/experience/src/features/billing/presentation.ts": {"lines":{"total":8,"covered":8,"skipped":0,"pct":100},"functions":{"total":2,"covered":2,"skipped":0,"pct":100},"statements":{"total":8,"covered":8,"skipped":0,"pct":100},"branches":{"total":2,"covered":2,"skipped":0,"pct":100}}
,"/repo/experience/src/features/billing/components/BillingUi.tsx": {"lines":{"total":59,"covered":59,"skipped":0,"pct":100},"functions":{"total":5,"covered":4,"skipped":0,"pct":80},"statements":{"total":59,"covered":59,"skipped":0,"pct":100},"branches":{"total":10,"covered":5,"skipped":0,"pct":50}}
,"/repo/experience/src/pages/BillingInvoiceDetailPage.tsx": {"lines":{"total":94,"covered":90,"skipped":0,"pct":95.74},"functions":{"total":8,"covered":5,"skipped":0,"pct":62.5},"statements":{"total":94,"covered":90,"skipped":0,"pct":95.74},"branches":{"total":19,"covered":8,"skipped":0,"pct":42.1}}
,"/repo/experience/src/pages/BillingPage.tsx": {"lines":{"total":138,"covered":125,"skipped":0,"pct":90.57},"functions":{"total":25,"covered":3,"skipped":0,"pct":12},"statements":{"total":138,"covered":125,"skipped":0,"pct":90.57},"branches":{"total":14,"covered":4,"skipped":0,"pct":28.57}}
,"/repo/experience/src/pages/BillingReconciliationPage.tsx": {"lines":{"total":122,"covered":116,"skipped":0,"pct":95.08},"functions":{"total":22,"covered":11,"skipped":0,"pct":50},"statements":{"total":122,"covered":116,"skipped":0,"pct":95.08},"branches":{"total":27,"covered":13,"skipped":0,"pct":48.14}}
}
