<?xml version="1.0" encoding="utf-8"?>
<TestRun id="9c637c97-33a1-4b7a-831c-08e179b20c52" name="@myStarCore-01 2026-07-19 20:02:15" xmlns="http://microsoft.com/schemas/VisualStudio/TeamTest/2010">
  <Times creation="2026-07-19T20:02:15.2591204-04:00" queuing="2026-07-19T20:02:15.2591205-04:00" start="2026-07-19T20:02:09.7015916-04:00" finish="2026-07-19T20:02:16.2583182-04:00" />
  <TestSettings name="default" id="b2c7e573-77bd-428e-939c-51f5a852e5c0">
    <Deployment runDeploymentRoot="_myStarCore-01_2026-07-19_20_02_15" />
  </TestSettings>
  <Results>
    <UnitTestResult executionId="9cfebce5-c718-488f-8324-c4de27245186" testId="abf53d22-9699-57b6-4c2f-74e23d4e0ed8" testName="Nebula.Tests.Unit.Billing.BillingValidatorsTests.Correction_decision_accepts_only_terminal_contract_values(decision: &quot;Reject&quot;)" computerName="myStarCore-01" duration="00:00:00.0017464" startTime="2026-07-19T20:02:14.1016969-04:00" endTime="2026-07-19T20:02:14.1029883-04:00" testType="13cdc9d9-ddb5-4fa4-a97d-d965ccfc6d4b" outcome="Passed" testListId="8c84fa94-04c1-424b-9868-57a2d4851a1d" relativeResultsDirectory="9cfebce5-c718-488f-8324-c4de27245186" />
    <UnitTestResult executionId="163ee648-1812-422f-92bc-026d01a0a8ec" testId="a0e228a8-193b-764a-b2a3-22be550ea112" testName="Nebula.Tests.Unit.Billing.BillingReconciliationServiceTests.Amount_mismatch_preserves_balances_and_opens_one_exception" computerName="myStarCore-01" duration="00:00:00.0044863" startTime="2026-07-19T20:02:15.5716522-04:00" endTime="2026-07-19T20:02:15.5747703-04:00" testType="13cdc9d9-ddb5-4fa4-a97d-d965ccfc6d4b" outcome="Passed" testListId="8c84fa94-04c1-424b-9868-57a2d4851a1d" relativeResultsDirectory="163ee648-1812-422f-92bc-026d01a0a8ec" />
    <UnitTestResult executionId="44a7cb8d-5e8d-4e28-aefa-b05d5c059b2b" testId="b1f68622-0f7d-c257-ff71-e02fe630e880" testName="Nebula.Tests.Unit.Billing.BillingReconciliationServiceTests.Conflicting_source_reference_blocks_exact_application" computerName="myStarCore-01" duration="00:00:00.0036665" startTime="2026-07-19T20:02:15.5047488-04:00" endTime="2026-07-19T20:02:15.5082365-04:00" testType="13cdc9d9-ddb5-4fa4-a97d-d965ccfc6d4b" outcome="Passed" testListId="8c84fa94-04c1-424b-9868-57a2d4851a1d" relativeResultsDirectory="44a7cb8d-5e8d-4e28-aefa-b05d5c059b2b" />
    <UnitTestResult executionId="b95b14ef-371d-4204-a203-35918b1bc40e" testId="8edf5993-b99d-6723-c836-c711ef4ce091" testName="Nebula.Tests.Unit.Billing.BillingReconciliationServiceTests.Create_search_get_and_summarize_invoice_preserve_policy_context" computerName="myStarCore-01" duration="00:00:00.1126480" startTime="2026-07-19T20:02:15.3114123-04:00" endTime="2026-07-19T20:02:15.4239194-04:00" testType="13cdc9d9-ddb5-4fa4-a97d-d965ccfc6d4b" outcome="Passed" testListId="8c84fa94-04c1-424b-9868-57a2d4851a1d" relativeResultsDirectory="b95b14ef-371d-4204-a203-35918b1bc40e" />
    <UnitTestResult executionId="2f594bb6-e15e-4560-905c-b45122f14e17" testId="2b557767-1f5c-259e-c686-8b53b136f6cb" testName="Nebula.Tests.Unit.Billing.BillingValidatorsTests.Invoice_requires_due_date_on_or_after_invoice_date" computerName="myStarCore-01" duration="00:00:00.0308143" startTime="2026-07-19T20:02:14.0569139-04:00" endTime="2026-07-19T20:02:14.0839280-04:00" testType="13cdc9d9-ddb5-4fa4-a97d-d965ccfc6d4b" outcome="Passed" testListId="8c84fa94-04c1-424b-9868-57a2d4851a1d" relativeResultsDirectory="2f594bb6-e15e-4560-905c-b45122f14e17" />
    <UnitTestResult executionId="85ec0932-b4ae-4876-9e32-878340c340e6" testId="2d1aa396-78a0-dd17-3cde-1e9a8f3881f2" testName="Nebula.Tests.Unit.Billing.BillingReconciliationServiceTests.Invoice_detail_and_backlog_reload_exact_application_pending_correction_and_audit_context" computerName="myStarCore-01" duration="00:00:00.0805381" startTime="2026-07-19T20:02:15.4244175-04:00" endTime="2026-07-19T20:02:15.5044751-04:00" testType="13cdc9d9-ddb5-4fa4-a97d-d965ccfc6d4b" outcome="Passed" testListId="8c84fa94-04c1-424b-9868-57a2d4851a1d" relativeResultsDirectory="85ec0932-b4ae-4876-9e32-878340c340e6" />
    <UnitTestResult executionId="99076591-e437-4abb-a972-975aa9b12237" testId="80d92b00-3710-04a5-3188-c2284052a413" testName="Nebula.Tests.Unit.Billing.BillingReconciliationServiceTests.Different_principal_can_approve_consistent_correction_and_resolve_exception" computerName="myStarCore-01" duration="00:00:00.0478855" startTime="2026-07-19T20:02:15.5207467-04:00" endTime="2026-07-19T20:02:15.5683748-04:00" testType="13cdc9d9-ddb5-4fa4-a97d-d965ccfc6d4b" outcome="Passed" testListId="8c84fa94-04c1-424b-9868-57a2d4851a1d" relativeResultsDirectory="99076591-e437-4abb-a972-975aa9b12237" />
    <UnitTestResult executionId="2e3d41c6-6679-44ef-a697-f7084393fcb8" testId="ad858f55-7848-8b28-f14b-c95198a16f4d" testName="Nebula.Tests.Unit.Billing.BillingReconciliationServiceTests.Create_invoice_authorizes_policy_context_before_returning_global_number_conflict" computerName="myStarCore-01" duration="00:00:00.0121754" startTime="2026-07-19T20:02:15.5087532-04:00" endTime="2026-07-19T20:02:15.5204269-04:00" testType="13cdc9d9-ddb5-4fa4-a97d-d965ccfc6d4b" outcome="Passed" testListId="8c84fa94-04c1-424b-9868-57a2d4851a1d" relativeResultsDirectory="2e3d41c6-6679-44ef-a697-f7084393fcb8" />
    <UnitTestResult executionId="acaa1efd-7475-479b-b0b9-da9c7ba977f7" testId="30e4f9d8-5d4b-eff0-1af4-07d1ad48d596" testName="Nebula.Tests.Unit.Billing.BillingReconciliationServiceTests.Create_invoice_rejects_account_or_currency_outside_policy_version_context" computerName="myStarCore-01" duration="00:00:00.0026399" startTime="2026-07-19T20:02:15.5750194-04:00" endTime="2026-07-19T20:02:15.5774663-04:00" testType="13cdc9d9-ddb5-4fa4-a97d-d965ccfc6d4b" outcome="Passed" testListId="8c84fa94-04c1-424b-9868-57a2d4851a1d" relativeResultsDirectory="acaa1efd-7475-479b-b0b9-da9c7ba977f7" />
    <UnitTestResult executionId="61d1cdb6-282f-41fe-b74a-4aa5576985c0" testId="3fc2f5b3-953b-413a-799c-6320fb722ade" testName="Nebula.Tests.Unit.Billing.BillingValidatorsTests.Correction_decision_accepts_only_terminal_contract_values(decision: &quot;Approve&quot;)" computerName="myStarCore-01" duration="00:00:00.0003388" startTime="2026-07-19T20:02:14.1034344-04:00" endTime="2026-07-19T20:02:14.1034735-04:00" testType="13cdc9d9-ddb5-4fa4-a97d-d965ccfc6d4b" outcome="Passed" testListId="8c84fa94-04c1-424b-9868-57a2d4851a1d" relativeResultsDirectory="61d1cdb6-282f-41fe-b74a-4aa5576985c0" />
    <UnitTestResult executionId="251d94aa-dc38-44d9-9274-38d7750f692d" testId="0e24e4e8-b08e-2ae4-2390-ce817fc9943c" testName="Nebula.Tests.Unit.Billing.BillingValidatorsTests.Receipt_reference_and_balance_correction_contracts_enforce_bounded_values" computerName="myStarCore-01" duration="00:00:00.0094760" startTime="2026-07-19T20:02:14.0973599-04:00" endTime="2026-07-19T20:02:14.1011392-04:00" testType="13cdc9d9-ddb5-4fa4-a97d-d965ccfc6d4b" outcome="Passed" testListId="8c84fa94-04c1-424b-9868-57a2d4851a1d" relativeResultsDirectory="251d94aa-dc38-44d9-9274-38d7750f692d" />
    <UnitTestResult executionId="d355a65d-7a94-4612-967f-4d64a1705f46" testId="62c6dc23-9938-10d4-d0b3-3c888261553f" testName="Nebula.Tests.Unit.Billing.BillingValidatorsTests.Search_contracts_reject_unknown_states_and_out_of_range_paging" computerName="myStarCore-01" duration="00:00:00.0136731" startTime="2026-07-19T20:02:14.1039000-04:00" endTime="2026-07-19T20:02:14.1171514-04:00" testType="13cdc9d9-ddb5-4fa4-a97d-d965ccfc6d4b" outcome="Passed" testListId="8c84fa94-04c1-424b-9868-57a2d4851a1d" relativeResultsDirectory="d355a65d-7a94-4612-967f-4d64a1705f46" />
    <UnitTestResult executionId="729b925d-af13-45b5-9080-44aab66850cb" testId="e5848bde-e56e-eaac-929a-57361706ca4b" testName="Nebula.Tests.Unit.Billing.BillingReconciliationServiceTests.Reference_correction_updates_only_reference_and_resolves_exception" computerName="myStarCore-01" duration="00:00:00.1405254" startTime="2026-07-19T20:02:15.0306888-04:00" endTime="2026-07-19T20:02:15.1707072-04:00" testType="13cdc9d9-ddb5-4fa4-a97d-d965ccfc6d4b" outcome="Passed" testListId="8c84fa94-04c1-424b-9868-57a2d4851a1d" relativeResultsDirectory="729b925d-af13-45b5-9080-44aab66850cb" />
    <UnitTestResult executionId="757f710f-1d3f-4ca7-8de8-9621b341ccee" testId="035249d9-b38d-0318-e35a-a63a113584a5" testName="Nebula.Tests.Unit.Billing.BillingReconciliationServiceTests.Mock_csv_import_rejects_invalid_utf8_without_persisting_a_batch" computerName="myStarCore-01" duration="00:00:00.0049347" startTime="2026-07-19T20:02:15.2335774-04:00" endTime="2026-07-19T20:02:15.2336066-04:00" testType="13cdc9d9-ddb5-4fa4-a97d-d965ccfc6d4b" outcome="Passed" testListId="8c84fa94-04c1-424b-9868-57a2d4851a1d" relativeResultsDirectory="757f710f-1d3f-4ca7-8de8-9621b341ccee" />
    <UnitTestResult executionId="e3bbb706-00c5-45e0-90ec-ad9be3a0c3d0" testId="ebf36e70-98f4-9c8d-af51-efba390b0d21" testName="Nebula.Tests.Unit.Billing.BillingReconciliationServiceTests.Currency_mismatch_preserves_balances_and_opens_exception" computerName="myStarCore-01" duration="00:00:00.0098984" startTime="2026-07-19T20:02:15.3014675-04:00" endTime="2026-07-19T20:02:15.3111630-04:00" testType="13cdc9d9-ddb5-4fa4-a97d-d965ccfc6d4b" outcome="Passed" testListId="8c84fa94-04c1-424b-9868-57a2d4851a1d" relativeResultsDirectory="e3bbb706-00c5-45e0-90ec-ad9be3a0c3d0" />
    <UnitTestResult executionId="744645c8-e27a-4b32-a309-792453da5e94" testId="acd91892-21b4-c063-b219-2b69f9da2ec7" testName="Nebula.Tests.Unit.Billing.BillingReconciliationServiceTests.Exact_application_atomically_reconciles_invoice_and_receipt" computerName="myStarCore-01" duration="00:00:00.0476891" startTime="2026-07-19T20:02:15.1714511-04:00" endTime="2026-07-19T20:02:15.2184633-04:00" testType="13cdc9d9-ddb5-4fa4-a97d-d965ccfc6d4b" outcome="Passed" testListId="8c84fa94-04c1-424b-9868-57a2d4851a1d" relativeResultsDirectory="744645c8-e27a-4b32-a309-792453da5e94" />
    <UnitTestResult executionId="426efd6a-dd76-49f0-92c2-44e107ff1b64" testId="68c9fb00-f553-b141-dd7f-0efcc49e2768" testName="Nebula.Tests.Unit.Billing.BillingReconciliationServiceTests.Mock_csv_import_records_created_duplicate_and_rejected_rows_without_retaining_bytes" computerName="myStarCore-01" duration="00:00:00.0777010" startTime="2026-07-19T20:02:15.2339589-04:00" endTime="2026-07-19T20:02:15.3012041-04:00" testType="13cdc9d9-ddb5-4fa4-a97d-d965ccfc6d4b" outcome="Passed" testListId="8c84fa94-04c1-424b-9868-57a2d4851a1d" relativeResultsDirectory="426efd6a-dd76-49f0-92c2-44e107ff1b64" />
    <UnitTestResult executionId="02d0885c-6a70-48b2-9e8e-0fb1483d6c2d" testId="f1f3d9c4-ea50-949e-09df-c6fb648d62d1" testName="Nebula.Tests.Unit.Billing.BillingValidatorsTests.Exact_application_requires_both_ids_and_receipt_row_version" computerName="myStarCore-01" duration="00:00:00.0078486" startTime="2026-07-19T20:02:14.0953514-04:00" endTime="2026-07-19T20:02:14.0955249-04:00" testType="13cdc9d9-ddb5-4fa4-a97d-d965ccfc6d4b" outcome="Passed" testListId="8c84fa94-04c1-424b-9868-57a2d4851a1d" relativeResultsDirectory="02d0885c-6a70-48b2-9e8e-0fb1483d6c2d" />
    <UnitTestResult executionId="49e4357d-2fc2-4269-99dc-35a4b3cb58e7" testId="4334b9f5-a1dd-6053-c05b-88c8834c520f" testName="Nebula.Tests.Unit.Billing.BillingReconciliationServiceTests.Manual_receipt_can_be_searched_and_duplicate_source_reference_is_rejected" computerName="myStarCore-01" duration="00:00:00.9787112" startTime="2026-07-19T20:02:14.0557191-04:00" endTime="2026-07-19T20:02:15.0301221-04:00" testType="13cdc9d9-ddb5-4fa4-a97d-d965ccfc6d4b" outcome="Passed" testListId="8c84fa94-04c1-424b-9868-57a2d4851a1d" relativeResultsDirectory="49e4357d-2fc2-4269-99dc-35a4b3cb58e7" />
    <UnitTestResult executionId="b5a660e4-7cd8-4325-ada4-4a61d54d0ec0" testId="40b45442-3e59-669b-e144-4a4766da78b3" testName="Nebula.Tests.Unit.Billing.BillingReconciliationServiceTests.Same_principal_cannot_decide_own_correction_even_as_admin" computerName="myStarCore-01" duration="00:00:00.0017861" startTime="2026-07-19T20:02:15.5686851-04:00" endTime="2026-07-19T20:02:15.5702206-04:00" testType="13cdc9d9-ddb5-4fa4-a97d-d965ccfc6d4b" outcome="Passed" testListId="8c84fa94-04c1-424b-9868-57a2d4851a1d" relativeResultsDirectory="b5a660e4-7cd8-4325-ada4-4a61d54d0ec0" />
  </Results>
  <TestDefinitions>
    <UnitTest name="Nebula.Tests.Unit.Billing.BillingValidatorsTests.Search_contracts_reject_unknown_states_and_out_of_range_paging" storage="/home/gajap/usandbox/repos/nebula/nebula-insurance-crm/engine/tests/nebula.tests/bin/debug/net10.0/nebula.tests.dll" id="62c6dc23-9938-10d4-d0b3-3c888261553f">
      <Execution id="d355a65d-7a94-4612-967f-4d64a1705f46" />
      <TestMethod codeBase="/home/gajap/uSandbox/repos/nebula/nebula-insurance-crm/engine/tests/Nebula.Tests/bin/Debug/net10.0/Nebula.Tests.dll" adapterTypeName="executor://xunit/VsTestRunner3/netcore/" className="Nebula.Tests.Unit.Billing.BillingValidatorsTests" name="Search_contracts_reject_unknown_states_and_out_of_range_paging" />
    </UnitTest>
    <UnitTest name="Nebula.Tests.Unit.Billing.BillingReconciliationServiceTests.Create_invoice_authorizes_policy_context_before_returning_global_number_conflict" storage="/home/gajap/usandbox/repos/nebula/nebula-insurance-crm/engine/tests/nebula.tests/bin/debug/net10.0/nebula.tests.dll" id="ad858f55-7848-8b28-f14b-c95198a16f4d">
      <Execution id="2e3d41c6-6679-44ef-a697-f7084393fcb8" />
      <TestMethod codeBase="/home/gajap/uSandbox/repos/nebula/nebula-insurance-crm/engine/tests/Nebula.Tests/bin/Debug/net10.0/Nebula.Tests.dll" adapterTypeName="executor://xunit/VsTestRunner3/netcore/" className="Nebula.Tests.Unit.Billing.BillingReconciliationServiceTests" name="Create_invoice_authorizes_policy_context_before_returning_global_number_conflict" />
    </UnitTest>
    <UnitTest name="Nebula.Tests.Unit.Billing.BillingReconciliationServiceTests.Invoice_detail_and_backlog_reload_exact_application_pending_correction_and_audit_context" storage="/home/gajap/usandbox/repos/nebula/nebula-insurance-crm/engine/tests/nebula.tests/bin/debug/net10.0/nebula.tests.dll" id="2d1aa396-78a0-dd17-3cde-1e9a8f3881f2">
      <Execution id="85ec0932-b4ae-4876-9e32-878340c340e6" />
      <TestMethod codeBase="/home/gajap/uSandbox/repos/nebula/nebula-insurance-crm/engine/tests/Nebula.Tests/bin/Debug/net10.0/Nebula.Tests.dll" adapterTypeName="executor://xunit/VsTestRunner3/netcore/" className="Nebula.Tests.Unit.Billing.BillingReconciliationServiceTests" name="Invoice_detail_and_backlog_reload_exact_application_pending_correction_and_audit_context" />
    </UnitTest>
    <UnitTest name="Nebula.Tests.Unit.Billing.BillingValidatorsTests.Receipt_reference_and_balance_correction_contracts_enforce_bounded_values" storage="/home/gajap/usandbox/repos/nebula/nebula-insurance-crm/engine/tests/nebula.tests/bin/debug/net10.0/nebula.tests.dll" id="0e24e4e8-b08e-2ae4-2390-ce817fc9943c">
      <Execution id="251d94aa-dc38-44d9-9274-38d7750f692d" />
      <TestMethod codeBase="/home/gajap/uSandbox/repos/nebula/nebula-insurance-crm/engine/tests/Nebula.Tests/bin/Debug/net10.0/Nebula.Tests.dll" adapterTypeName="executor://xunit/VsTestRunner3/netcore/" className="Nebula.Tests.Unit.Billing.BillingValidatorsTests" name="Receipt_reference_and_balance_correction_contracts_enforce_bounded_values" />
    </UnitTest>
    <UnitTest name="Nebula.Tests.Unit.Billing.BillingValidatorsTests.Invoice_requires_due_date_on_or_after_invoice_date" storage="/home/gajap/usandbox/repos/nebula/nebula-insurance-crm/engine/tests/nebula.tests/bin/debug/net10.0/nebula.tests.dll" id="2b557767-1f5c-259e-c686-8b53b136f6cb">
      <Execution id="2f594bb6-e15e-4560-905c-b45122f14e17" />
      <TestMethod codeBase="/home/gajap/uSandbox/repos/nebula/nebula-insurance-crm/engine/tests/Nebula.Tests/bin/Debug/net10.0/Nebula.Tests.dll" adapterTypeName="executor://xunit/VsTestRunner3/netcore/" className="Nebula.Tests.Unit.Billing.BillingValidatorsTests" name="Invoice_requires_due_date_on_or_after_invoice_date" />
    </UnitTest>
    <UnitTest name="Nebula.Tests.Unit.Billing.BillingReconciliationServiceTests.Create_invoice_rejects_account_or_currency_outside_policy_version_context" storage="/home/gajap/usandbox/repos/nebula/nebula-insurance-crm/engine/tests/nebula.tests/bin/debug/net10.0/nebula.tests.dll" id="30e4f9d8-5d4b-eff0-1af4-07d1ad48d596">
      <Execution id="acaa1efd-7475-479b-b0b9-da9c7ba977f7" />
      <TestMethod codeBase="/home/gajap/uSandbox/repos/nebula/nebula-insurance-crm/engine/tests/Nebula.Tests/bin/Debug/net10.0/Nebula.Tests.dll" adapterTypeName="executor://xunit/VsTestRunner3/netcore/" className="Nebula.Tests.Unit.Billing.BillingReconciliationServiceTests" name="Create_invoice_rejects_account_or_currency_outside_policy_version_context" />
    </UnitTest>
    <UnitTest name="Nebula.Tests.Unit.Billing.BillingReconciliationServiceTests.Same_principal_cannot_decide_own_correction_even_as_admin" storage="/home/gajap/usandbox/repos/nebula/nebula-insurance-crm/engine/tests/nebula.tests/bin/debug/net10.0/nebula.tests.dll" id="40b45442-3e59-669b-e144-4a4766da78b3">
      <Execution id="b5a660e4-7cd8-4325-ada4-4a61d54d0ec0" />
      <TestMethod codeBase="/home/gajap/uSandbox/repos/nebula/nebula-insurance-crm/engine/tests/Nebula.Tests/bin/Debug/net10.0/Nebula.Tests.dll" adapterTypeName="executor://xunit/VsTestRunner3/netcore/" className="Nebula.Tests.Unit.Billing.BillingReconciliationServiceTests" name="Same_principal_cannot_decide_own_correction_even_as_admin" />
    </UnitTest>
    <UnitTest name="Nebula.Tests.Unit.Billing.BillingReconciliationServiceTests.Different_principal_can_approve_consistent_correction_and_resolve_exception" storage="/home/gajap/usandbox/repos/nebula/nebula-insurance-crm/engine/tests/nebula.tests/bin/debug/net10.0/nebula.tests.dll" id="80d92b00-3710-04a5-3188-c2284052a413">
      <Execution id="99076591-e437-4abb-a972-975aa9b12237" />
      <TestMethod codeBase="/home/gajap/uSandbox/repos/nebula/nebula-insurance-crm/engine/tests/Nebula.Tests/bin/Debug/net10.0/Nebula.Tests.dll" adapterTypeName="executor://xunit/VsTestRunner3/netcore/" className="Nebula.Tests.Unit.Billing.BillingReconciliationServiceTests" name="Different_principal_can_approve_consistent_correction_and_resolve_exception" />
    </UnitTest>
    <UnitTest name="Nebula.Tests.Unit.Billing.BillingReconciliationServiceTests.Manual_receipt_can_be_searched_and_duplicate_source_reference_is_rejected" storage="/home/gajap/usandbox/repos/nebula/nebula-insurance-crm/engine/tests/nebula.tests/bin/debug/net10.0/nebula.tests.dll" id="4334b9f5-a1dd-6053-c05b-88c8834c520f">
      <Execution id="49e4357d-2fc2-4269-99dc-35a4b3cb58e7" />
      <TestMethod codeBase="/home/gajap/uSandbox/repos/nebula/nebula-insurance-crm/engine/tests/Nebula.Tests/bin/Debug/net10.0/Nebula.Tests.dll" adapterTypeName="executor://xunit/VsTestRunner3/netcore/" className="Nebula.Tests.Unit.Billing.BillingReconciliationServiceTests" name="Manual_receipt_can_be_searched_and_duplicate_source_reference_is_rejected" />
    </UnitTest>
    <UnitTest name="Nebula.Tests.Unit.Billing.BillingValidatorsTests.Exact_application_requires_both_ids_and_receipt_row_version" storage="/home/gajap/usandbox/repos/nebula/nebula-insurance-crm/engine/tests/nebula.tests/bin/debug/net10.0/nebula.tests.dll" id="f1f3d9c4-ea50-949e-09df-c6fb648d62d1">
      <Execution id="02d0885c-6a70-48b2-9e8e-0fb1483d6c2d" />
      <TestMethod codeBase="/home/gajap/uSandbox/repos/nebula/nebula-insurance-crm/engine/tests/Nebula.Tests/bin/Debug/net10.0/Nebula.Tests.dll" adapterTypeName="executor://xunit/VsTestRunner3/netcore/" className="Nebula.Tests.Unit.Billing.BillingValidatorsTests" name="Exact_application_requires_both_ids_and_receipt_row_version" />
    </UnitTest>
    <UnitTest name="Nebula.Tests.Unit.Billing.BillingReconciliationServiceTests.Mock_csv_import_records_created_duplicate_and_rejected_rows_without_retaining_bytes" storage="/home/gajap/usandbox/repos/nebula/nebula-insurance-crm/engine/tests/nebula.tests/bin/debug/net10.0/nebula.tests.dll" id="68c9fb00-f553-b141-dd7f-0efcc49e2768">
      <Execution id="426efd6a-dd76-49f0-92c2-44e107ff1b64" />
      <TestMethod codeBase="/home/gajap/uSandbox/repos/nebula/nebula-insurance-crm/engine/tests/Nebula.Tests/bin/Debug/net10.0/Nebula.Tests.dll" adapterTypeName="executor://xunit/VsTestRunner3/netcore/" className="Nebula.Tests.Unit.Billing.BillingReconciliationServiceTests" name="Mock_csv_import_records_created_duplicate_and_rejected_rows_without_retaining_bytes" />
    </UnitTest>
    <UnitTest name="Nebula.Tests.Unit.Billing.BillingReconciliationServiceTests.Currency_mismatch_preserves_balances_and_opens_exception" storage="/home/gajap/usandbox/repos/nebula/nebula-insurance-crm/engine/tests/nebula.tests/bin/debug/net10.0/nebula.tests.dll" id="ebf36e70-98f4-9c8d-af51-efba390b0d21">
      <Execution id="e3bbb706-00c5-45e0-90ec-ad9be3a0c3d0" />
      <TestMethod codeBase="/home/gajap/uSandbox/repos/nebula/nebula-insurance-crm/engine/tests/Nebula.Tests/bin/Debug/net10.0/Nebula.Tests.dll" adapterTypeName="executor://xunit/VsTestRunner3/netcore/" className="Nebula.Tests.Unit.Billing.BillingReconciliationServiceTests" name="Currency_mismatch_preserves_balances_and_opens_exception" />
    </UnitTest>
    <UnitTest name="Nebula.Tests.Unit.Billing.BillingValidatorsTests.Correction_decision_accepts_only_terminal_contract_values(decision: &quot;Reject&quot;)" storage="/home/gajap/usandbox/repos/nebula/nebula-insurance-crm/engine/tests/nebula.tests/bin/debug/net10.0/nebula.tests.dll" id="abf53d22-9699-57b6-4c2f-74e23d4e0ed8">
      <Execution id="9cfebce5-c718-488f-8324-c4de27245186" />
      <TestMethod codeBase="/home/gajap/uSandbox/repos/nebula/nebula-insurance-crm/engine/tests/Nebula.Tests/bin/Debug/net10.0/Nebula.Tests.dll" adapterTypeName="executor://xunit/VsTestRunner3/netcore/" className="Nebula.Tests.Unit.Billing.BillingValidatorsTests" name="Correction_decision_accepts_only_terminal_contract_values" />
    </UnitTest>
    <UnitTest name="Nebula.Tests.Unit.Billing.BillingReconciliationServiceTests.Conflicting_source_reference_blocks_exact_application" storage="/home/gajap/usandbox/repos/nebula/nebula-insurance-crm/engine/tests/nebula.tests/bin/debug/net10.0/nebula.tests.dll" id="b1f68622-0f7d-c257-ff71-e02fe630e880">
      <Execution id="44a7cb8d-5e8d-4e28-aefa-b05d5c059b2b" />
      <TestMethod codeBase="/home/gajap/uSandbox/repos/nebula/nebula-insurance-crm/engine/tests/Nebula.Tests/bin/Debug/net10.0/Nebula.Tests.dll" adapterTypeName="executor://xunit/VsTestRunner3/netcore/" className="Nebula.Tests.Unit.Billing.BillingReconciliationServiceTests" name="Conflicting_source_reference_blocks_exact_application" />
    </UnitTest>
    <UnitTest name="Nebula.Tests.Unit.Billing.BillingReconciliationServiceTests.Exact_application_atomically_reconciles_invoice_and_receipt" storage="/home/gajap/usandbox/repos/nebula/nebula-insurance-crm/engine/tests/nebula.tests/bin/debug/net10.0/nebula.tests.dll" id="acd91892-21b4-c063-b219-2b69f9da2ec7">
      <Execution id="744645c8-e27a-4b32-a309-792453da5e94" />
      <TestMethod codeBase="/home/gajap/uSandbox/repos/nebula/nebula-insurance-crm/engine/tests/Nebula.Tests/bin/Debug/net10.0/Nebula.Tests.dll" adapterTypeName="executor://xunit/VsTestRunner3/netcore/" className="Nebula.Tests.Unit.Billing.BillingReconciliationServiceTests" name="Exact_application_atomically_reconciles_invoice_and_receipt" />
    </UnitTest>
    <UnitTest name="Nebula.Tests.Unit.Billing.BillingReconciliationServiceTests.Reference_correction_updates_only_reference_and_resolves_exception" storage="/home/gajap/usandbox/repos/nebula/nebula-insurance-crm/engine/tests/nebula.tests/bin/debug/net10.0/nebula.tests.dll" id="e5848bde-e56e-eaac-929a-57361706ca4b">
      <Execution id="729b925d-af13-45b5-9080-44aab66850cb" />
      <TestMethod codeBase="/home/gajap/uSandbox/repos/nebula/nebula-insurance-crm/engine/tests/Nebula.Tests/bin/Debug/net10.0/Nebula.Tests.dll" adapterTypeName="executor://xunit/VsTestRunner3/netcore/" className="Nebula.Tests.Unit.Billing.BillingReconciliationServiceTests" name="Reference_correction_updates_only_reference_and_resolves_exception" />
    </UnitTest>
    <UnitTest name="Nebula.Tests.Unit.Billing.BillingReconciliationServiceTests.Create_search_get_and_summarize_invoice_preserve_policy_context" storage="/home/gajap/usandbox/repos/nebula/nebula-insurance-crm/engine/tests/nebula.tests/bin/debug/net10.0/nebula.tests.dll" id="8edf5993-b99d-6723-c836-c711ef4ce091">
      <Execution id="b95b14ef-371d-4204-a203-35918b1bc40e" />
      <TestMethod codeBase="/home/gajap/uSandbox/repos/nebula/nebula-insurance-crm/engine/tests/Nebula.Tests/bin/Debug/net10.0/Nebula.Tests.dll" adapterTypeName="executor://xunit/VsTestRunner3/netcore/" className="Nebula.Tests.Unit.Billing.BillingReconciliationServiceTests" name="Create_search_get_and_summarize_invoice_preserve_policy_context" />
    </UnitTest>
    <UnitTest name="Nebula.Tests.Unit.Billing.BillingValidatorsTests.Correction_decision_accepts_only_terminal_contract_values(decision: &quot;Approve&quot;)" storage="/home/gajap/usandbox/repos/nebula/nebula-insurance-crm/engine/tests/nebula.tests/bin/debug/net10.0/nebula.tests.dll" id="3fc2f5b3-953b-413a-799c-6320fb722ade">
      <Execution id="61d1cdb6-282f-41fe-b74a-4aa5576985c0" />
      <TestMethod codeBase="/home/gajap/uSandbox/repos/nebula/nebula-insurance-crm/engine/tests/Nebula.Tests/bin/Debug/net10.0/Nebula.Tests.dll" adapterTypeName="executor://xunit/VsTestRunner3/netcore/" className="Nebula.Tests.Unit.Billing.BillingValidatorsTests" name="Correction_decision_accepts_only_terminal_contract_values" />
    </UnitTest>
    <UnitTest name="Nebula.Tests.Unit.Billing.BillingReconciliationServiceTests.Amount_mismatch_preserves_balances_and_opens_one_exception" storage="/home/gajap/usandbox/repos/nebula/nebula-insurance-crm/engine/tests/nebula.tests/bin/debug/net10.0/nebula.tests.dll" id="a0e228a8-193b-764a-b2a3-22be550ea112">
      <Execution id="163ee648-1812-422f-92bc-026d01a0a8ec" />
      <TestMethod codeBase="/home/gajap/uSandbox/repos/nebula/nebula-insurance-crm/engine/tests/Nebula.Tests/bin/Debug/net10.0/Nebula.Tests.dll" adapterTypeName="executor://xunit/VsTestRunner3/netcore/" className="Nebula.Tests.Unit.Billing.BillingReconciliationServiceTests" name="Amount_mismatch_preserves_balances_and_opens_one_exception" />
    </UnitTest>
    <UnitTest name="Nebula.Tests.Unit.Billing.BillingReconciliationServiceTests.Mock_csv_import_rejects_invalid_utf8_without_persisting_a_batch" storage="/home/gajap/usandbox/repos/nebula/nebula-insurance-crm/engine/tests/nebula.tests/bin/debug/net10.0/nebula.tests.dll" id="035249d9-b38d-0318-e35a-a63a113584a5">
      <Execution id="757f710f-1d3f-4ca7-8de8-9621b341ccee" />
      <TestMethod codeBase="/home/gajap/uSandbox/repos/nebula/nebula-insurance-crm/engine/tests/Nebula.Tests/bin/Debug/net10.0/Nebula.Tests.dll" adapterTypeName="executor://xunit/VsTestRunner3/netcore/" className="Nebula.Tests.Unit.Billing.BillingReconciliationServiceTests" name="Mock_csv_import_rejects_invalid_utf8_without_persisting_a_batch" />
    </UnitTest>
  </TestDefinitions>
  <TestEntries>
    <TestEntry testId="abf53d22-9699-57b6-4c2f-74e23d4e0ed8" executionId="9cfebce5-c718-488f-8324-c4de27245186" testListId="8c84fa94-04c1-424b-9868-57a2d4851a1d" />
    <TestEntry testId="a0e228a8-193b-764a-b2a3-22be550ea112" executionId="163ee648-1812-422f-92bc-026d01a0a8ec" testListId="8c84fa94-04c1-424b-9868-57a2d4851a1d" />
    <TestEntry testId="b1f68622-0f7d-c257-ff71-e02fe630e880" executionId="44a7cb8d-5e8d-4e28-aefa-b05d5c059b2b" testListId="8c84fa94-04c1-424b-9868-57a2d4851a1d" />
    <TestEntry testId="8edf5993-b99d-6723-c836-c711ef4ce091" executionId="b95b14ef-371d-4204-a203-35918b1bc40e" testListId="8c84fa94-04c1-424b-9868-57a2d4851a1d" />
    <TestEntry testId="2b557767-1f5c-259e-c686-8b53b136f6cb" executionId="2f594bb6-e15e-4560-905c-b45122f14e17" testListId="8c84fa94-04c1-424b-9868-57a2d4851a1d" />
    <TestEntry testId="2d1aa396-78a0-dd17-3cde-1e9a8f3881f2" executionId="85ec0932-b4ae-4876-9e32-878340c340e6" testListId="8c84fa94-04c1-424b-9868-57a2d4851a1d" />
    <TestEntry testId="80d92b00-3710-04a5-3188-c2284052a413" executionId="99076591-e437-4abb-a972-975aa9b12237" testListId="8c84fa94-04c1-424b-9868-57a2d4851a1d" />
    <TestEntry testId="ad858f55-7848-8b28-f14b-c95198a16f4d" executionId="2e3d41c6-6679-44ef-a697-f7084393fcb8" testListId="8c84fa94-04c1-424b-9868-57a2d4851a1d" />
    <TestEntry testId="30e4f9d8-5d4b-eff0-1af4-07d1ad48d596" executionId="acaa1efd-7475-479b-b0b9-da9c7ba977f7" testListId="8c84fa94-04c1-424b-9868-57a2d4851a1d" />
    <TestEntry testId="3fc2f5b3-953b-413a-799c-6320fb722ade" executionId="61d1cdb6-282f-41fe-b74a-4aa5576985c0" testListId="8c84fa94-04c1-424b-9868-57a2d4851a1d" />
    <TestEntry testId="0e24e4e8-b08e-2ae4-2390-ce817fc9943c" executionId="251d94aa-dc38-44d9-9274-38d7750f692d" testListId="8c84fa94-04c1-424b-9868-57a2d4851a1d" />
    <TestEntry testId="62c6dc23-9938-10d4-d0b3-3c888261553f" executionId="d355a65d-7a94-4612-967f-4d64a1705f46" testListId="8c84fa94-04c1-424b-9868-57a2d4851a1d" />
    <TestEntry testId="e5848bde-e56e-eaac-929a-57361706ca4b" executionId="729b925d-af13-45b5-9080-44aab66850cb" testListId="8c84fa94-04c1-424b-9868-57a2d4851a1d" />
    <TestEntry testId="035249d9-b38d-0318-e35a-a63a113584a5" executionId="757f710f-1d3f-4ca7-8de8-9621b341ccee" testListId="8c84fa94-04c1-424b-9868-57a2d4851a1d" />
    <TestEntry testId="ebf36e70-98f4-9c8d-af51-efba390b0d21" executionId="e3bbb706-00c5-45e0-90ec-ad9be3a0c3d0" testListId="8c84fa94-04c1-424b-9868-57a2d4851a1d" />
    <TestEntry testId="acd91892-21b4-c063-b219-2b69f9da2ec7" executionId="744645c8-e27a-4b32-a309-792453da5e94" testListId="8c84fa94-04c1-424b-9868-57a2d4851a1d" />
    <TestEntry testId="68c9fb00-f553-b141-dd7f-0efcc49e2768" executionId="426efd6a-dd76-49f0-92c2-44e107ff1b64" testListId="8c84fa94-04c1-424b-9868-57a2d4851a1d" />
    <TestEntry testId="f1f3d9c4-ea50-949e-09df-c6fb648d62d1" executionId="02d0885c-6a70-48b2-9e8e-0fb1483d6c2d" testListId="8c84fa94-04c1-424b-9868-57a2d4851a1d" />
    <TestEntry testId="4334b9f5-a1dd-6053-c05b-88c8834c520f" executionId="49e4357d-2fc2-4269-99dc-35a4b3cb58e7" testListId="8c84fa94-04c1-424b-9868-57a2d4851a1d" />
    <TestEntry testId="40b45442-3e59-669b-e144-4a4766da78b3" executionId="b5a660e4-7cd8-4325-ada4-4a61d54d0ec0" testListId="8c84fa94-04c1-424b-9868-57a2d4851a1d" />
  </TestEntries>
  <TestLists>
    <TestList name="Results Not in a List" id="8c84fa94-04c1-424b-9868-57a2d4851a1d" />
    <TestList name="All Loaded Results" id="19431567-8539-422a-85d7-44ee4e166bda" />
  </TestLists>
  <ResultSummary outcome="Completed">
    <Counters total="20" executed="20" passed="20" failed="0" error="0" timeout="0" aborted="0" inconclusive="0" passedButRunAborted="0" notRunnable="0" notExecuted="0" disconnected="0" warning="0" completed="0" inProgress="0" pending="0" />
    <Output>
      <StdOut>[xUnit.net 00:00:00.00] xUnit.net VSTest Adapter v3.1.4+50e68bbb8b (64-bit .NET 10.0.10)
[xUnit.net 00:00:00.07]   Discovering: Nebula.Tests
[xUnit.net 00:00:00.18]   Discovered:  Nebula.Tests
[xUnit.net 00:00:00.20]   Starting:    Nebula.Tests
[xUnit.net 00:00:01.77]   Finished:    Nebula.Tests
</StdOut>
    </Output>
    <CollectorDataEntries>
      <Collector agentName="myStarCore-01" uri="datacollector://microsoft/CoverletCodeCoverage/1.0" collectorDisplayName="XPlat code coverage">
        <UriAttachments>
          <UriAttachment>
            <A href="myStarCore-01/coverage.cobertura.xml"></A>
          </UriAttachment>
        </UriAttachments>
      </Collector>
    </CollectorDataEntries>
  </ResultSummary>
</TestRun>