<?xml version="1.0" encoding="UTF-8" ?>
<testsuites name="vitest tests" tests="284" failures="1" errors="0" time="6.984">
    <testsuite name="src/App.test.tsx" timestamp="2026-07-19T22:31:09.482Z" hostname="50ec39301314" tests="15" failures="0" errors="0" skipped="0" time="0.072294112">
        <testcase classname="src/App.test.tsx" name="App routing &gt; renders / at the correct route" time="0.025526045">
        </testcase>
        <testcase classname="src/App.test.tsx" name="App routing &gt; renders /submissions at the correct route" time="0.004420831">
        </testcase>
        <testcase classname="src/App.test.tsx" name="App routing &gt; renders /submissions/new at the correct route" time="0.003842429">
        </testcase>
        <testcase classname="src/App.test.tsx" name="App routing &gt; renders /submissions/submission-1 at the correct route" time="0.003049409">
        </testcase>
        <testcase classname="src/App.test.tsx" name="App routing &gt; renders /renewals at the correct route" time="0.003611081">
        </testcase>
        <testcase classname="src/App.test.tsx" name="App routing &gt; renders /renewals/renewal-1 at the correct route" time="0.002641758">
        </testcase>
        <testcase classname="src/App.test.tsx" name="App routing &gt; renders /brokers at the correct route" time="0.003226944">
        </testcase>
        <testcase classname="src/App.test.tsx" name="App routing &gt; renders /brokers/new at the correct route" time="0.002557169">
        </testcase>
        <testcase classname="src/App.test.tsx" name="App routing &gt; renders /brokers/broker-1 at the correct route" time="0.004315808">
        </testcase>
        <testcase classname="src/App.test.tsx" name="App routing &gt; renders /carrier-markets at the correct route" time="0.002357857">
        </testcase>
        <testcase classname="src/App.test.tsx" name="App routing &gt; renders /tasks at the correct route" time="0.00222267">
        </testcase>
        <testcase classname="src/App.test.tsx" name="App routing &gt; renders /login at the correct route" time="0.001795625">
        </testcase>
        <testcase classname="src/App.test.tsx" name="App routing &gt; renders /auth/callback at the correct route" time="0.005558437">
        </testcase>
        <testcase classname="src/App.test.tsx" name="App routing &gt; renders /unauthorized at the correct route" time="0.002205842">
        </testcase>
        <testcase classname="src/App.test.tsx" name="App routing &gt; renders /missing-route at the correct route" time="0.002304073">
        </testcase>
    </testsuite>
    <testsuite name="src/hooks/useSidebar.test.tsx" timestamp="2026-07-19T22:31:09.488Z" hostname="50ec39301314" tests="3" failures="0" errors="0" skipped="0" time="0.037297004">
        <testcase classname="src/hooks/useSidebar.test.tsx" name="useSidebarProvider &gt; reads collapsed state from local storage and persists toggles" time="0.028851309">
        </testcase>
        <testcase classname="src/hooks/useSidebar.test.tsx" name="useSidebarProvider &gt; opens and closes mobile navigation and resets it on desktop resize" time="0.003839893">
        </testcase>
        <testcase classname="src/hooks/useSidebar.test.tsx" name="useSidebarProvider &gt; exposes sidebar state through the context hook" time="0.002303131">
        </testcase>
    </testsuite>
    <testsuite name="src/hooks/useTheme.test.tsx" timestamp="2026-07-19T22:31:09.490Z" hostname="50ec39301314" tests="2" failures="0" errors="0" skipped="0" time="0.015903011">
        <testcase classname="src/hooks/useTheme.test.tsx" name="useThemeProvider &gt; defaults to dark theme and toggles to light theme" time="0.011734209">
        </testcase>
        <testcase classname="src/hooks/useTheme.test.tsx" name="useThemeProvider &gt; reads the initial theme from local storage and exposes it through useTheme" time="0.002440217">
        </testcase>
    </testsuite>
    <testsuite name="src/services/api.test.ts" timestamp="2026-07-19T22:31:09.491Z" hostname="50ec39301314" tests="13" failures="1" errors="0" skipped="0" time="0.194375799">
        <testcase classname="src/services/api.test.ts" name="api session continuity handling &gt; renews once and retries expired GET requests with the new token" time="0.018249194">
        </testcase>
        <testcase classname="src/services/api.test.ts" name="api session continuity handling &gt; renews locally expired GET requests before dispatching the request" time="0.002541163">
        </testcase>
        <testcase classname="src/services/api.test.ts" name="api session continuity handling &gt; renews locally expired mutations but does not dispatch them automatically" time="0.001731321">
        </testcase>
        <testcase classname="src/services/api.test.ts" name="api session continuity handling &gt; coalesces concurrent expired GET renewals into one signinSilent call" time="0.057358074">
        </testcase>
        <testcase classname="src/services/api.test.ts" name="api session continuity handling &gt; renews expired mutations but does not replay them automatically" time="0.005481785">
        </testcase>
        <testcase classname="src/services/api.test.ts" name="api session continuity handling &gt; leaves navigation pending and emits forced reauth for invalid tokens" time="0.026952084">
        </testcase>
        <testcase classname="src/services/api.test.ts" name="api session continuity handling &gt; retries carrier market invalid-token responses with the local dev token" time="0.00198832">
        </testcase>
        <testcase classname="src/services/api.test.ts" name="api session continuity handling &gt; records fallback telemetry before forced reauth for unknown 401 responses" time="0.024196286">
        </testcase>
        <testcase classname="src/services/api.test.ts" name="api session continuity handling &gt; preserves renewal failure causes in forced reauth telemetry" time="0.023016209">
        </testcase>
        <testcase classname="src/services/api.test.ts" name="api session continuity handling &gt; throws ApiError for ordinary 403 authorization denial without renewal" time="0.001420818">
        </testcase>
        <testcase classname="src/services/api.test.ts" name="api session continuity handling &gt; preserves broker scope redirect behavior without session teardown" time="0.021113265">
        </testcase>
        <testcase classname="src/services/api.test.ts" name="api multipart and binary helpers &gt; does not force a JSON content type for multipart requests" time="0.001405378">
        </testcase>
        <testcase classname="src/services/api.test.ts" name="api multipart and binary helpers &gt; returns blobs for download helpers without parsing JSON" time="0.005346478">
            <failure message="expected Blob { size: 13, type: &apos;text/plain;charset=utf-8&apos; } to be an instance of Blob" type="AssertionError">
AssertionError: expected Blob { size: 13, type: &apos;text/plain;charset=utf-8&apos; } to be an instance of Blob
 ❯ src/services/api.test.ts:420:5
            </failure>
        </testcase>
    </testsuite>
    <testsuite name="src/components/layout/Sidebar.test.tsx" timestamp="2026-07-19T22:31:09.498Z" hostname="50ec39301314" tests="2" failures="0" errors="0" skipped="0" time="0.087377247">
        <testcase classname="src/components/layout/Sidebar.test.tsx" name="Sidebar &gt; links Operational Reports directly to the F0037 rollups tab" time="0.066047607">
        </testcase>
        <testcase classname="src/components/layout/Sidebar.test.tsx" name="Sidebar &gt; exposes billing and marks nested billing routes active" time="0.019161361">
        </testcase>
    </testsuite>
    <testsuite name="src/pages/__tests__/CreateAccountPage.test.tsx" timestamp="2026-07-19T22:31:09.499Z" hostname="50ec39301314" tests="3" failures="0" errors="0" skipped="0" time="0.283547781">
        <testcase classname="src/pages/__tests__/CreateAccountPage.test.tsx" name="CreateAccountPage — S0007 wiring regression &gt; creates an account with the same display name and navigates (unchanged)" time="0.188053634">
        </testcase>
        <testcase classname="src/pages/__tests__/CreateAccountPage.test.tsx" name="CreateAccountPage — S0007 wiring regression &gt; blocks submit with a validation error for an empty display name (unchanged)" time="0.043430036">
        </testcase>
        <testcase classname="src/pages/__tests__/CreateAccountPage.test.tsx" name="CreateAccountPage — S0007 wiring regression &gt; registers with F0035 so dirty values snapshot on a forced re-auth" time="0.049011375">
        </testcase>
    </testsuite>
    <testsuite name="src/pages/__tests__/CreateBrokerPage.test.tsx" timestamp="2026-07-19T22:31:09.501Z" hostname="50ec39301314" tests="3" failures="0" errors="0" skipped="0" time="0.18814366">
        <testcase classname="src/pages/__tests__/CreateBrokerPage.test.tsx" name="CreateBrokerPage — S0007 wiring regression &gt; creates a broker with the same payload and navigates (unchanged)" time="0.13699315">
        </testcase>
        <testcase classname="src/pages/__tests__/CreateBrokerPage.test.tsx" name="CreateBrokerPage — S0007 wiring regression &gt; blocks submit and shows validation errors for empty required fields (unchanged)" time="0.033489624">
        </testcase>
        <testcase classname="src/pages/__tests__/CreateBrokerPage.test.tsx" name="CreateBrokerPage — S0007 wiring regression &gt; registers with F0035 so dirty values snapshot on a forced re-auth" time="0.014324211">
        </testcase>
    </testsuite>
    <testsuite name="src/pages/__tests__/CreatePolicyPage.test.tsx" timestamp="2026-07-19T22:31:09.502Z" hostname="50ec39301314" tests="1" failures="0" errors="0" skipped="0" time="0.095347693">
        <testcase classname="src/pages/__tests__/CreatePolicyPage.test.tsx" name="CreatePolicyPage — S0007 wiring regression &gt; registers the native policy form with F0035 so dirty values snapshot" time="0.084377003">
        </testcase>
    </testsuite>
    <testsuite name="src/pages/__tests__/CreateSubmissionPage.test.tsx" timestamp="2026-07-19T22:31:09.503Z" hostname="50ec39301314" tests="2" failures="0" errors="0" skipped="0" time="0.167769134">
        <testcase classname="src/pages/__tests__/CreateSubmissionPage.test.tsx" name="CreateSubmissionPage — S0007 wiring regression &gt; blocks submit with validation errors for missing required fields (unchanged)" time="0.137037815">
        </testcase>
        <testcase classname="src/pages/__tests__/CreateSubmissionPage.test.tsx" name="CreateSubmissionPage — S0007 wiring regression &gt; registers the native submission form with F0035 so dirty values snapshot" time="0.028309478">
        </testcase>
    </testsuite>
    <testsuite name="src/pages/__tests__/RenewalsPage.create.test.tsx" timestamp="2026-07-19T22:31:09.504Z" hostname="50ec39301314" tests="2" failures="0" errors="0" skipped="0" time="0.212143787">
        <testcase classname="src/pages/__tests__/RenewalsPage.create.test.tsx" name="RenewalsPage create modal — S0007 wiring regression &gt; creates a renewal with the same policyId payload (unchanged)" time="0.168526304">
        </testcase>
        <testcase classname="src/pages/__tests__/RenewalsPage.create.test.tsx" name="RenewalsPage create modal — S0007 wiring regression &gt; registers the create form with F0035 so dirty values snapshot on a forced re-auth" time="0.036909984">
        </testcase>
    </testsuite>
    <testsuite name="src/pages/tests/AuthCallbackPage.test.tsx" timestamp="2026-07-19T22:31:09.505Z" hostname="50ec39301314" tests="9" failures="0" errors="0" skipped="0" time="0.373161633">
        <testcase classname="src/pages/tests/AuthCallbackPage.test.tsx" name="AuthCallbackPage &gt; redirects broker users to the brokers route after a successful callback" time="0.075913346">
        </testcase>
        <testcase classname="src/pages/tests/AuthCallbackPage.test.tsx" name="AuthCallbackPage &gt; redirects non-broker users to the dashboard route after a successful callback" time="0.05565396">
        </testcase>
        <testcase classname="src/pages/tests/AuthCallbackPage.test.tsx" name="AuthCallbackPage &gt; uses the remembered landing route when the exact callback was already completed" time="0.007775233">
        </testcase>
        <testcase classname="src/pages/tests/AuthCallbackPage.test.tsx" name="AuthCallbackPage &gt; treats an in-flight strict-mode replay as a no-op" time="0.004763347">
        </testcase>
        <testcase classname="src/pages/tests/AuthCallbackPage.test.tsx" name="AuthCallbackPage &gt; falls back to the remembered landing route when a replayed callback throws after prior success" time="0.006303061">
        </testcase>
        <testcase classname="src/pages/tests/AuthCallbackPage.test.tsx" name="AuthCallbackPage &gt; clears stale state and redirects to login when the callback fails without a remembered success" time="0.054806123">
        </testcase>
        <testcase classname="src/pages/tests/AuthCallbackPage.test.tsx" name="AuthCallbackPage &gt; navigates to a safe return_to from OIDC state after draining deferred telemetry" time="0.05444793">
        </testcase>
        <testcase classname="src/pages/tests/AuthCallbackPage.test.tsx" name="AuthCallbackPage &gt; preserves callback success when deferred telemetry drain fails" time="0.056156021">
        </testcase>
        <testcase classname="src/pages/tests/AuthCallbackPage.test.tsx" name="AuthCallbackPage &gt; rejects unsafe return_to values and falls back to the role landing route" time="0.054549169">
        </testcase>
    </testsuite>
    <testsuite name="src/components/ui/tests/Modal.test.tsx" timestamp="2026-07-19T22:31:09.508Z" hostname="50ec39301314" tests="2" failures="0" errors="0" skipped="0" time="0.18745143">
        <testcase classname="src/components/ui/tests/Modal.test.tsx" name="Modal &gt; traps focus and closes on Escape" time="0.176469072">
        </testcase>
        <testcase classname="src/components/ui/tests/Modal.test.tsx" name="Modal &gt; closes on backdrop click and does not render when closed" time="0.008676973">
        </testcase>
    </testsuite>
    <testsuite name="src/components/ui/tests/Popover.test.tsx" timestamp="2026-07-19T22:31:09.509Z" hostname="50ec39301314" tests="3" failures="0" errors="0" skipped="0" time="0.317914669">
        <testcase classname="src/components/ui/tests/Popover.test.tsx" name="Popover &gt; opens from a native trigger, traps focus, and closes on Escape" time="0.243918739">
            <system-err>
Warning: An update to Popover inside a test was not wrapped in act(...).

When testing, code that causes React state updates should be wrapped into act(...):

act(() =&gt; {
  /* fire events that update state */
});
/* assert on the output */

This ensures that you&apos;re testing the behavior the user would see in the browser. Learn more at https://reactjs.org/link/wrap-tests-with-act
    at Popover (/repo/experience/src/components/ui/Popover.tsx:17:20)

            </system-err>
        </testcase>
        <testcase classname="src/components/ui/tests/Popover.test.tsx" name="Popover &gt; supports non-native triggers and overlay dismissal on small screens" time="0.045685454">
            <system-err>
Warning: An update to Popover inside a test was not wrapped in act(...).

When testing, code that causes React state updates should be wrapped into act(...):

act(() =&gt; {
  /* fire events that update state */
});
/* assert on the output */

This ensures that you&apos;re testing the behavior the user would see in the browser. Learn more at https://reactjs.org/link/wrap-tests-with-act
    at Popover (/repo/experience/src/components/ui/Popover.tsx:17:20)

            </system-err>
        </testcase>
        <testcase classname="src/components/ui/tests/Popover.test.tsx" name="Popover &gt; closes when clicking outside the popover content" time="0.026038877">
            <system-err>
Warning: An update to Popover inside a test was not wrapped in act(...).

When testing, code that causes React state updates should be wrapped into act(...):

act(() =&gt; {
  /* fire events that update state */
});
/* assert on the output */

This ensures that you&apos;re testing the behavior the user would see in the browser. Learn more at https://reactjs.org/link/wrap-tests-with-act
    at Popover (/repo/experience/src/components/ui/Popover.tsx:17:20)

            </system-err>
        </testcase>
    </testsuite>
    <testsuite name="src/components/ui/tests/Tabs.test.tsx" timestamp="2026-07-19T22:31:09.512Z" hostname="50ec39301314" tests="1" failures="0" errors="0" skipped="0" time="0.107445075">
        <testcase classname="src/components/ui/tests/Tabs.test.tsx" name="Tabs &gt; changes tabs on click and keyboard navigation" time="0.104452726">
        </testcase>
    </testsuite>
    <testsuite name="src/features/admin-configuration/components/AdminConfigurationWorkspace.test.tsx" timestamp="2026-07-19T22:31:09.513Z" hostname="50ec39301314" tests="2" failures="0" errors="0" skipped="0" time="0.289370233">
        <testcase classname="src/features/admin-configuration/components/AdminConfigurationWorkspace.test.tsx" name="AdminConfigurationWorkspace &gt; renders governed domains, validation controls, rollback history, and audit details" time="0.252250747">
        </testcase>
        <testcase classname="src/features/admin-configuration/components/AdminConfigurationWorkspace.test.tsx" name="AdminConfigurationWorkspace &gt; shows retry and empty states when domain loading fails or returns no data" time="0.034110655">
        </testcase>
    </testsuite>
    <testsuite name="src/features/auth/tests/LoginPage.test.tsx" timestamp="2026-07-19T22:31:09.514Z" hostname="50ec39301314" tests="7" failures="0" errors="0" skipped="0" time="0.370533321">
        <testcase classname="src/features/auth/tests/LoginPage.test.tsx" name="LoginPage &gt; renders the Sign In button" time="0.146243986">
        </testcase>
        <testcase classname="src/features/auth/tests/LoginPage.test.tsx" name="LoginPage &gt; shows session_expired notice when reason=session_expired" time="0.057287444">
        </testcase>
        <testcase classname="src/features/auth/tests/LoginPage.test.tsx" name="LoginPage &gt; shows callback_failed error when error=callback_failed" time="0.024920896">
        </testcase>
        <testcase classname="src/features/auth/tests/LoginPage.test.tsx" name="LoginPage &gt; shows misconfiguration error when OIDC env vars are missing" time="0.023086014">
        </testcase>
        <testcase classname="src/features/auth/tests/LoginPage.test.tsx" name="LoginPage &gt; calls oidcUserManager.signinRedirect() when Sign In is clicked" time="0.026422896">
        </testcase>
        <testcase classname="src/features/auth/tests/LoginPage.test.tsx" name="LoginPage &gt; passes return_to through OIDC state when present" time="0.036321698">
        </testcase>
        <testcase classname="src/features/auth/tests/LoginPage.test.tsx" name="LoginPage &gt; shows IdP-unavailable error when signinRedirect throws" time="0.052670537">
        </testcase>
    </testsuite>
    <testsuite name="src/features/auth/tests/ProtectedRoute.test.tsx" timestamp="2026-07-19T22:31:09.516Z" hostname="50ec39301314" tests="5" failures="0" errors="0" skipped="0" time="0.14056408">
        <testcase classname="src/features/auth/tests/ProtectedRoute.test.tsx" name="ProtectedRoute &gt; renders children when session is valid and non-expired" time="0.042333187">
        </testcase>
        <testcase classname="src/features/auth/tests/ProtectedRoute.test.tsx" name="ProtectedRoute &gt; redirects to /login when no session exists" time="0.010443843">
        </testcase>
        <testcase classname="src/features/auth/tests/ProtectedRoute.test.tsx" name="ProtectedRoute &gt; renews expired sessions before rendering protected content" time="0.020539338">
        </testcase>
        <testcase classname="src/features/auth/tests/ProtectedRoute.test.tsx" name="ProtectedRoute &gt; emits forced reauth when expired-session renewal fails" time="0.060981368">
        </testcase>
        <testcase classname="src/features/auth/tests/ProtectedRoute.test.tsx" name="ProtectedRoute &gt; renders null during loading (no content flash)" time="0.003338571">
        </testcase>
    </testsuite>
    <testsuite name="src/features/auth/tests/authModeGuard.test.ts" timestamp="2026-07-19T22:31:09.518Z" hostname="50ec39301314" tests="8" failures="0" errors="0" skipped="0" time="0.003969125">
        <testcase classname="src/features/auth/tests/authModeGuard.test.ts" name="nebula-auth-mode-guard — buildStart hook logic &gt; throws when VITE_AUTH_MODE=dev AND NODE_ENV=production" time="0.001187656">
        </testcase>
        <testcase classname="src/features/auth/tests/authModeGuard.test.ts" name="nebula-auth-mode-guard — buildStart hook logic &gt; is a no-op when VITE_AUTH_MODE=dev AND NODE_ENV=development" time="0.00034506">
        </testcase>
        <testcase classname="src/features/auth/tests/authModeGuard.test.ts" name="nebula-auth-mode-guard — buildStart hook logic &gt; is a no-op when VITE_AUTH_MODE=oidc AND NODE_ENV=production" time="0.00020626">
        </testcase>
        <testcase classname="src/features/auth/tests/authModeGuard.test.ts" name="nebula-auth-mode-guard — buildStart hook logic &gt; is a no-op when VITE_AUTH_MODE is unset AND NODE_ENV=production" time="0.000115394">
        </testcase>
        <testcase classname="src/features/auth/tests/authModeGuard.test.ts" name="nebula-auth-mode-guard — buildStart hook logic &gt; process.env integration: throws when both env vars match danger combo" time="0.000134731">
        </testcase>
        <testcase classname="src/features/auth/tests/authModeGuard.test.ts" name="nebula-auth-mode-guard — buildStart hook logic &gt; process.env integration: is a no-op when VITE_AUTH_MODE=dev and NODE_ENV=development" time="0.000162045">
        </testcase>
        <testcase classname="src/features/auth/tests/authModeGuard.test.ts" name="nebula-auth-mode-guard — buildStart hook logic &gt; process.env integration: is a no-op when VITE_AUTH_MODE=oidc and NODE_ENV=production" time="0.000153298">
        </testcase>
        <testcase classname="src/features/auth/tests/authModeGuard.test.ts" name="nebula-auth-mode-guard — buildStart hook logic &gt; process.env integration: is a no-op when VITE_AUTH_MODE is unset and NODE_ENV=production" time="0.000204076">
        </testcase>
    </testsuite>
    <testsuite name="src/features/auth/tests/useCurrentUser.test.tsx" timestamp="2026-07-19T22:31:09.521Z" hostname="50ec39301314" tests="2" failures="0" errors="0" skipped="0" time="0.08417848">
        <testcase classname="src/features/auth/tests/useCurrentUser.test.tsx" name="useCurrentUser &gt; maps the active oidc profile into the current user model" time="0.072814171">
        </testcase>
        <testcase classname="src/features/auth/tests/useCurrentUser.test.tsx" name="useCurrentUser &gt; reacts to oidc user lifecycle events" time="0.008890228">
        </testcase>
    </testsuite>
    <testsuite name="src/features/auth/tests/useSessionTeardown.test.tsx" timestamp="2026-07-19T22:31:09.521Z" hostname="50ec39301314" tests="11" failures="0" errors="0" skipped="0" time="0.122011766">
        <testcase classname="src/features/auth/tests/useSessionTeardown.test.tsx" name="useSessionTeardown — reason: session_expired &gt; redirects to /login?reason=session_expired" time="0.038079253">
        </testcase>
        <testcase classname="src/features/auth/tests/useSessionTeardown.test.tsx" name="useSessionTeardown — reason: session_expired &gt; clears OIDC state (removeUser + clearStaleState) before redirecting" time="0.005032173">
        </testcase>
        <testcase classname="src/features/auth/tests/useSessionTeardown.test.tsx" name="useSessionTeardown — reason: session_expired &gt; completes teardown even if POST /auth/logout throws a network error" time="0.002955908">
        </testcase>
        <testcase classname="src/features/auth/tests/useSessionTeardown.test.tsx" name="useSessionTeardown — reason: session_expired &gt; completes teardown even if POST /auth/logout returns a non-2xx status" time="0.002242855">
        </testcase>
        <testcase classname="src/features/auth/tests/useSessionTeardown.test.tsx" name="useSessionTeardown — reason: logout &gt; redirects to /login with no query string" time="0.01098564">
        </testcase>
        <testcase classname="src/features/auth/tests/useSessionTeardown.test.tsx" name="useSessionTeardown — reason: logout &gt; calls oidcUserManager.removeUser() and clearStaleState()" time="0.007754412">
        </testcase>
        <testcase classname="src/features/auth/tests/useSessionTeardown.test.tsx" name="useSessionTeardown — reason: logout &gt; calls POST /auth/logout with correct method and credentials" time="0.006938801">
        </testcase>
        <testcase classname="src/features/auth/tests/useSessionTeardown.test.tsx" name="useSessionTeardown — reason: logout &gt; still clears OIDC state and redirects even if logout endpoint call fails" time="0.006855398">
        </testcase>
        <testcase classname="src/features/auth/tests/useSessionTeardown.test.tsx" name="useSessionTeardown — reason: logout &gt; clears OIDC state before redirecting" time="0.007417879">
        </testcase>
        <testcase classname="src/features/auth/tests/useSessionTeardown.test.tsx" name="useAuthEventHandler — 401 interceptor wiring &gt; triggers teardown with session_expired when auth event is emitted" time="0.00819607">
        </testcase>
        <testcase classname="src/features/auth/tests/useSessionTeardown.test.tsx" name="useAuthEventHandler — 401 interceptor wiring &gt; unsubscribes from auth events on unmount — no teardown after unmount" time="0.022126816">
        </testcase>
    </testsuite>
    <testsuite name="src/features/billing/tests/BillingPages.test.tsx" timestamp="2026-07-19T22:31:09.525Z" hostname="50ec39301314" tests="3" failures="0" errors="0" skipped="0" time="0.561616456">
        <testcase classname="src/features/billing/tests/BillingPages.test.tsx" name="F0026 billing UI &gt; renders accessible source-authorized invoices and capture workflows" time="0.41715913">
        </testcase>
        <testcase classname="src/features/billing/tests/BillingPages.test.tsx" name="F0026 billing UI &gt; wires explicit exact application with selected receipt context" time="0.032705351">
        </testcase>
        <testcase classname="src/features/billing/tests/BillingPages.test.tsx" name="F0026 billing UI &gt; wires reference correction and manager decision as separate flows" time="0.107357604">
        </testcase>
    </testsuite>
    <testsuite name="src/features/broker-insights/tests/BrokerInsightsWorkspace.test.tsx" timestamp="2026-07-19T22:31:09.526Z" hostname="50ec39301314" tests="2" failures="0" errors="0" skipped="0" time="0.127299155">
        <testcase classname="src/features/broker-insights/tests/BrokerInsightsWorkspace.test.tsx" name="BrokerInsightsWorkspace &gt; renders scorecard, trend, benchmark, and snapshot panels for an authorized broker" time="0.113186263">
        </testcase>
        <testcase classname="src/features/broker-insights/tests/BrokerInsightsWorkspace.test.tsx" name="BrokerInsightsWorkspace &gt; passes broker filter changes into the scorecard query" time="0.011470021">
        </testcase>
    </testsuite>
    <testsuite name="src/features/brokers/tests/ContactFormModal.restore.test.tsx" timestamp="2026-07-19T22:31:09.527Z" hostname="50ec39301314" tests="5" failures="0" errors="0" skipped="0" time="0.310530297">
        <testcase classname="src/features/brokers/tests/ContactFormModal.restore.test.tsx" name="ContactFormModal restore — F0036-S0008 (closes F0035 finding #1) &gt; restores the snapshot on mount (winning over the on-open reset) and does NOT auto-replay" time="0.232547993">
        </testcase>
        <testcase classname="src/features/brokers/tests/ContactFormModal.restore.test.tsx" name="ContactFormModal restore — F0036-S0008 (closes F0035 finding #1) &gt; waits to consume a modal snapshot until the parent reopens the form" time="0.016536385">
        </testcase>
        <testcase classname="src/features/brokers/tests/ContactFormModal.restore.test.tsx" name="ContactFormModal restore — F0036-S0008 (closes F0035 finding #1) &gt; does not restore another user’s snapshot (per-user isolation)" time="0.010992314">
        </testcase>
        <testcase classname="src/features/brokers/tests/ContactFormModal.restore.test.tsx" name="ContactFormModal restore — F0036-S0008 (closes F0035 finding #1) &gt; restores only from its own form_key (no cross-form contamination)" time="0.008564294">
        </testcase>
        <testcase classname="src/features/brokers/tests/ContactFormModal.restore.test.tsx" name="ContactFormModal restore — F0036-S0008 (closes F0035 finding #1) &gt; round-trips: dirty edit -&gt; forced-re-auth snapshot -&gt; remount restores" time="0.037262581">
        </testcase>
    </testsuite>
    <testsuite name="src/features/brokers/tests/ContactFormModal.test.tsx" timestamp="2026-07-19T22:31:09.529Z" hostname="50ec39301314" tests="5" failures="0" errors="0" skipped="0" time="0.626071553">
        <testcase classname="src/features/brokers/tests/ContactFormModal.test.tsx" name="ContactFormModal — S0007 wiring regression (create + edit preserved) &gt; creates a contact with the same payload as before wiring" time="0.341032838">
        </testcase>
        <testcase classname="src/features/brokers/tests/ContactFormModal.test.tsx" name="ContactFormModal — S0007 wiring regression (create + edit preserved) &gt; blocks submit and shows validation errors for empty required fields (unchanged)" time="0.027197725">
        </testcase>
        <testcase classname="src/features/brokers/tests/ContactFormModal.test.tsx" name="ContactFormModal — S0007 wiring regression (create + edit preserved) &gt; edits an existing contact with the same update payload (incl. rowVersion)" time="0.029943566">
        </testcase>
        <testcase classname="src/features/brokers/tests/ContactFormModal.test.tsx" name="ContactFormModal — S0007 wiring regression (create + edit preserved) &gt; still surfaces a server error on submit failure (error path unchanged by wiring)" time="0.216110017">
        </testcase>
        <testcase classname="src/features/brokers/tests/ContactFormModal.test.tsx" name="ContactFormModal — S0007 wiring regression (create + edit preserved) &gt; registers with F0035 so dirty values snapshot on a forced re-auth" time="0.009015755">
        </testcase>
    </testsuite>
    <testsuite name="src/features/brokers/tests/EditBrokerModal.test.tsx" timestamp="2026-07-19T22:31:09.531Z" hostname="50ec39301314" tests="4" failures="0" errors="0" skipped="0" time="0.264161504">
        <testcase classname="src/features/brokers/tests/EditBrokerModal.test.tsx" name="EditBrokerModal — S0007 wiring regression &gt; updates a broker with the same payload (incl. rowVersion)" time="0.125306196">
        </testcase>
        <testcase classname="src/features/brokers/tests/EditBrokerModal.test.tsx" name="EditBrokerModal — S0007 wiring regression &gt; blocks submit with a validation error when legal name is cleared (unchanged)" time="0.056422291">
        </testcase>
        <testcase classname="src/features/brokers/tests/EditBrokerModal.test.tsx" name="EditBrokerModal — S0007 wiring regression &gt; still surfaces a server error on submit failure (error path unchanged)" time="0.052915888">
        </testcase>
        <testcase classname="src/features/brokers/tests/EditBrokerModal.test.tsx" name="EditBrokerModal — S0007 wiring regression &gt; registers with F0035 so dirty values snapshot on a forced re-auth" time="0.026335051">
        </testcase>
    </testsuite>
    <testsuite name="src/features/brokers/tests/validation.test.ts" timestamp="2026-07-19T22:31:09.532Z" hostname="50ec39301314" tests="3" failures="0" errors="0" skipped="0" time="0.013148574">
        <testcase classname="src/features/brokers/tests/validation.test.ts" name="broker validation helpers &gt; validates broker creation payloads" time="0.007060115">
        </testcase>
        <testcase classname="src/features/brokers/tests/validation.test.ts" name="broker validation helpers &gt; validates broker update payloads" time="0.002593995">
        </testcase>
        <testcase classname="src/features/brokers/tests/validation.test.ts" name="broker validation helpers &gt; validates contact payloads" time="0.000586509">
        </testcase>
    </testsuite>
    <testsuite name="src/features/commissions/tests/CommissionsPage.test.tsx" timestamp="2026-07-19T22:31:09.533Z" hostname="50ec39301314" tests="2" failures="0" errors="0" skipped="0" time="0.242000945">
        <testcase classname="src/features/commissions/tests/CommissionsPage.test.tsx" name="F0025 commission UI &gt; shows searchable expected commission records and rollup totals" time="0.122634476">
        </testcase>
        <testcase classname="src/features/commissions/tests/CommissionsPage.test.tsx" name="F0025 commission UI &gt; wires recalculation from the detail page" time="0.116881958">
        </testcase>
    </testsuite>
    <testsuite name="src/features/distribution/tests/HierarchyPanel.test.tsx" timestamp="2026-07-19T22:31:09.534Z" hostname="50ec39301314" tests="2" failures="0" errors="0" skipped="0" time="0.079376854">
        <testcase classname="src/features/distribution/tests/HierarchyPanel.test.tsx" name="HierarchyPanel &gt; renders the root-to-node breadcrumb and the children list" time="0.029741579">
        </testcase>
        <testcase classname="src/features/distribution/tests/HierarchyPanel.test.tsx" name="HierarchyPanel &gt; exposes a set-parent control" time="0.047049521">
        </testcase>
    </testsuite>
    <testsuite name="src/features/documents/tests/ParentDocumentsPanel.test.tsx" timestamp="2026-07-19T22:31:09.535Z" hostname="50ec39301314" tests="1" failures="0" errors="0" skipped="0" time="0.126741678">
        <testcase classname="src/features/documents/tests/ParentDocumentsPanel.test.tsx" name="ParentDocumentsPanel &gt; renders parent-scoped documents and completeness counts" time="0.125180277">
        </testcase>
    </testsuite>
    <testsuite name="src/features/forms/__tests__/dualBackend.test.tsx" timestamp="2026-07-19T22:31:09.536Z" hostname="50ec39301314" tests="4" failures="0" errors="0" skipped="0" time="0.062553061">
        <testcase classname="src/features/forms/__tests__/dualBackend.test.tsx" name="shared registration helper — dual backend (F0036-S0007) &gt; snapshots both an RHF form and a controlled form through the same helper" time="0.047544237">
        </testcase>
        <testcase classname="src/features/forms/__tests__/dualBackend.test.tsx" name="shared registration helper — dual backend (F0036-S0007) &gt; restores both backends on mount through the same helper" time="0.005722518">
        </testcase>
        <testcase classname="src/features/forms/__tests__/dualBackend.test.tsx" name="shared registration helper — dual backend (F0036-S0007) &gt; restores when a modal parent changes the registered form key after mount" time="0.002321426">
        </testcase>
        <testcase classname="src/features/forms/__tests__/dualBackend.test.tsx" name="shared registration helper — dual backend (F0036-S0007) &gt; does not consume a modal snapshot until registration is enabled" time="0.00350336">
        </testcase>
    </testsuite>
    <testsuite name="src/features/forms/__tests__/useControlledDirtyTracker.test.ts" timestamp="2026-07-19T22:31:09.537Z" hostname="50ec39301314" tests="11" failures="0" errors="0" skipped="0" time="0.043545825">
        <testcase classname="src/features/forms/__tests__/useControlledDirtyTracker.test.ts" name="deepEqual equality matrix (F0036-S0007) &gt; scalar typed-and-cleared back to initial is equal" time="0.006468427">
        </testcase>
        <testcase classname="src/features/forms/__tests__/useControlledDirtyTracker.test.ts" name="deepEqual equality matrix (F0036-S0007) &gt; treats undefined / null / absent key as equal" time="0.000776868">
        </testcase>
        <testcase classname="src/features/forms/__tests__/useControlledDirtyTracker.test.ts" name="deepEqual equality matrix (F0036-S0007) &gt; compares numbers and Dates by value" time="0.000431528">
        </testcase>
        <testcase classname="src/features/forms/__tests__/useControlledDirtyTracker.test.ts" name="deepEqual equality matrix (F0036-S0007) &gt; nested-object replacement with structurally-equal contents is equal (not reference)" time="0.000349649">
        </testcase>
        <testcase classname="src/features/forms/__tests__/useControlledDirtyTracker.test.ts" name="deepEqual equality matrix (F0036-S0007) &gt; array reorder of identical contents is not dirty by default; order-sensitive flags it" time="0.000359989">
        </testcase>
        <testcase classname="src/features/forms/__tests__/useControlledDirtyTracker.test.ts" name="diffPaths (F0036-S0007) &gt; reports flattened JSON paths for differing leaves" time="0.000758231">
        </testcase>
        <testcase classname="src/features/forms/__tests__/useControlledDirtyTracker.test.ts" name="diffPaths (F0036-S0007) &gt; reports the array path when array contents differ" time="0.000343356">
        </testcase>
        <testcase classname="src/features/forms/__tests__/useControlledDirtyTracker.test.ts" name="diffPaths (F0036-S0007) &gt; reports indexed paths when order-sensitive" time="0.000524689">
        </testcase>
        <testcase classname="src/features/forms/__tests__/useControlledDirtyTracker.test.ts" name="useControlledDirtyTracker (F0036-S0007) &gt; returns the F0035 triple with deep-equality dirty semantics" time="0.022488709">
        </testcase>
        <testcase classname="src/features/forms/__tests__/useControlledDirtyTracker.test.ts" name="useControlledDirtyTracker (F0036-S0007) &gt; excludes sensitiveFieldPaths from getValues and getDirtyFieldPaths" time="0.001837517">
        </testcase>
        <testcase classname="src/features/forms/__tests__/useControlledDirtyTracker.test.ts" name="useControlledDirtyTracker (F0036-S0007) &gt; does not mark a form dirty when only sensitiveFieldPaths changed" time="0.006279931">
        </testcase>
    </testsuite>
    <testsuite name="src/features/neuron/components/DayAtAGlance.test.tsx" timestamp="2026-07-19T22:31:09.541Z" hostname="50ec39301314" tests="11" failures="0" errors="0" skipped="0" time="0.868822577">
        <testcase classname="src/features/neuron/components/DayAtAGlance.test.tsx" name="DayAtAGlance (F0038-S0002/S0003 shell) &gt; renders four zones with Renewals live and stubs not-yet-active" time="0.138115727">
        </testcase>
        <testcase classname="src/features/neuron/components/DayAtAGlance.test.tsx" name="DayAtAGlance (F0038-S0002/S0003 shell) &gt; renders the assistant message envelope" time="0.034421232">
        </testcase>
        <testcase classname="src/features/neuron/components/DayAtAGlance.test.tsx" name="DayAtAGlance (F0038-S0002/S0003 shell) &gt; isolates a failing zone to its own slot" time="0.026258768">
        </testcase>
        <testcase classname="src/features/neuron/components/DayAtAGlance.test.tsx" name="DayAtAGlance (F0038-S0002/S0003 shell) &gt; shows a loading state while fetching" time="0.001914517">
        </testcase>
        <testcase classname="src/features/neuron/components/DayAtAGlance.test.tsx" name="DayAtAGlance (F0038-S0002/S0003 shell) &gt; shows a retryable error state on a non-auth failure" time="0.045997099">
        </testcase>
        <testcase classname="src/features/neuron/components/DayAtAGlance.test.tsx" name="DayAtAGlance (F0038-S0002/S0003 shell) &gt; shows an auth-required state (no retry) on 403" time="0.020238467">
        </testcase>
        <testcase classname="src/features/neuron/components/DayAtAGlance.test.tsx" name="DayAtAGlance (F0038-S0002/S0003 shell) &gt; drills a renewal via the View action and renders the returned context" time="0.156878438">
        </testcase>
        <testcase classname="src/features/neuron/components/DayAtAGlance.test.tsx" name="DayAtAGlance (F0038-S0002/S0003 shell) &gt; drafts an outreach and mock-sends the edited draft" time="0.094403323">
        </testcase>
        <testcase classname="src/features/neuron/components/DayAtAGlance.test.tsx" name="DayAtAGlance (F0038-S0002/S0003 shell) &gt; sends a CRM message and renders the scope-guarded reply" time="0.18249273">
        </testcase>
        <testcase classname="src/features/neuron/components/DayAtAGlance.test.tsx" name="DayAtAGlance (F0038-S0002/S0003 shell) &gt; renders a polite CRM redirect for an off-topic message (no general answer)" time="0.129874609">
        </testcase>
        <testcase classname="src/features/neuron/components/DayAtAGlance.test.tsx" name="DayAtAGlance (F0038-S0002/S0003 shell) &gt; does not send an empty message" time="0.030894342">
        </testcase>
    </testsuite>
    <testsuite name="src/features/neuron/registry/componentRegistry.test.tsx" timestamp="2026-07-19T22:31:09.544Z" hostname="50ec39301314" tests="6" failures="0" errors="0" skipped="0" time="0.048074551">
        <testcase classname="src/features/neuron/registry/componentRegistry.test.tsx" name="componentRegistry (F0038-S0002 rendering contract) &gt; reports registration status" time="0.007438466">
        </testcase>
        <testcase classname="src/features/neuron/registry/componentRegistry.test.tsx" name="componentRegistry (F0038-S0002 rendering contract) &gt; renders a safe fallback for an unregistered component id" time="0.014943331">
        </testcase>
        <testcase classname="src/features/neuron/registry/componentRegistry.test.tsx" name="componentRegistry (F0038-S0002 rendering contract) &gt; renders a safe fallback when props fail schema validation" time="0.002635015">
        </testcase>
        <testcase classname="src/features/neuron/registry/componentRegistry.test.tsx" name="componentRegistry (F0038-S0002 rendering contract) &gt; renders the companion-context drill component" time="0.007330875">
        </testcase>
        <testcase classname="src/features/neuron/registry/componentRegistry.test.tsx" name="componentRegistry (F0038-S0002 rendering contract) &gt; renders the outreach draft editor component" time="0.008562843">
        </testcase>
        <testcase classname="src/features/neuron/registry/componentRegistry.test.tsx" name="componentRegistry (F0038-S0002 rendering contract) &gt; renders the registered component when props are valid" time="0.004564977">
        </testcase>
    </testsuite>
    <testsuite name="src/features/notifications/tests/NotificationDropdown.test.tsx" timestamp="2026-07-19T22:31:09.546Z" hostname="50ec39301314" tests="2" failures="0" errors="0" skipped="0" time="0.491478329">
        <testcase classname="src/features/notifications/tests/NotificationDropdown.test.tsx" name="NotificationDropdown &gt; opens, filters, toggles read state, and clears notifications" time="0.364595263">
        </testcase>
        <testcase classname="src/features/notifications/tests/NotificationDropdown.test.tsx" name="NotificationDropdown &gt; supports dismiss, closes on Escape, and closes on outside click" time="0.111797112">
        </testcase>
    </testsuite>
    <testsuite name="src/features/opportunities/tests/OpportunitiesSummary.test.tsx" timestamp="2026-07-19T22:31:09.547Z" hostname="50ec39301314" tests="12" failures="0" errors="0" skipped="0" time="1.924377569">
        <testcase classname="src/features/opportunities/tests/OpportunitiesSummary.test.tsx" name="OpportunitiesSummary &gt; renders chapter controls and connected flow canvas" time="0.49260092">
        </testcase>
        <testcase classname="src/features/opportunities/tests/OpportunitiesSummary.test.tsx" name="OpportunitiesSummary &gt; passes periodDays to KPI hook" time="0.111419033">
        </testcase>
        <testcase classname="src/features/opportunities/tests/OpportunitiesSummary.test.tsx" name="OpportunitiesSummary &gt; passes the selected period to synchronized story hooks" time="0.09798879">
        </testcase>
        <testcase classname="src/features/opportunities/tests/OpportunitiesSummary.test.tsx" name="OpportunitiesSummary &gt; filters the canvas to renewals only from the scope dropdown" time="0.156168974">
        </testcase>
        <testcase classname="src/features/opportunities/tests/OpportunitiesSummary.test.tsx" name="OpportunitiesSummary &gt; supports keyboard chapter navigation with arrow keys" time="0.250162009">
        </testcase>
        <testcase classname="src/features/opportunities/tests/OpportunitiesSummary.test.tsx" name="OpportunitiesSummary &gt; supports arrow-key navigation across stage nodes" time="0.121255598">
        </testcase>
        <testcase classname="src/features/opportunities/tests/OpportunitiesSummary.test.tsx" name="OpportunitiesSummary &gt; hides per-stage alternate toggles during chapter override and restores in flow" time="0.260407157">
        </testcase>
        <testcase classname="src/features/opportunities/tests/OpportunitiesSummary.test.tsx" name="OpportunitiesSummary &gt; restores the previously selected flow mini-view after chapter overrides" time="0.206092852">
        </testcase>
        <testcase classname="src/features/opportunities/tests/OpportunitiesSummary.test.tsx" name="OpportunitiesSummary &gt; renders the quote preparation stage as a submission versus renewal mix" time="0.10442549">
        </testcase>
        <testcase classname="src/features/opportunities/tests/OpportunitiesSummary.test.tsx" name="OpportunitiesSummary &gt; enables breakdown requests lazily for the selected stage mini-view" time="0.076179368">
        </testcase>
        <testcase classname="src/features/opportunities/tests/OpportunitiesSummary.test.tsx" name="OpportunitiesSummary &gt; shows flow error fallback" time="0.006291002">
        </testcase>
        <testcase classname="src/features/opportunities/tests/OpportunitiesSummary.test.tsx" name="OpportunitiesSummary &gt; renders empty timeline state with no popovers when all stage counts are zero" time="0.036588565">
        </testcase>
    </testsuite>
    <testsuite name="src/features/opportunities/tests/OpportunityPopovers.test.tsx" timestamp="2026-07-19T22:31:09.551Z" hostname="50ec39301314" tests="3" failures="0" errors="0" skipped="0" time="0.058119155">
        <testcase classname="src/features/opportunities/tests/OpportunityPopovers.test.tsx" name="opportunity popover content &gt; renders loading, error, empty, and populated state for status items" time="0.044413525">
        </testcase>
        <testcase classname="src/features/opportunities/tests/OpportunityPopovers.test.tsx" name="opportunity popover content &gt; renders loading, error, empty, and populated state for outcome items" time="0.007451885">
        </testcase>
        <testcase classname="src/features/opportunities/tests/OpportunityPopovers.test.tsx" name="opportunity popover content &gt; renders mini cards without amount or assignee details when absent" time="0.004254725">
        </testcase>
    </testsuite>
    <testsuite name="src/features/opportunities/tests/OpportunityVisualizations.test.tsx" timestamp="2026-07-19T22:31:09.552Z" hostname="50ec39301314" tests="6" failures="0" errors="0" skipped="0" time="0.284636199">
        <testcase classname="src/features/opportunities/tests/OpportunityVisualizations.test.tsx" name="opportunity visualizations &gt; renders chart empty, loading, error, and data states" time="0.060439187">
        </testcase>
        <testcase classname="src/features/opportunities/tests/OpportunityVisualizations.test.tsx" name="opportunity visualizations &gt; renders the pipeline board empty and populated states" time="0.097553494">
        </testcase>
        <testcase classname="src/features/opportunities/tests/OpportunityVisualizations.test.tsx" name="opportunity visualizations &gt; renders heatmap loading, error, empty, and populated states" time="0.016461349">
        </testcase>
        <testcase classname="src/features/opportunities/tests/OpportunityVisualizations.test.tsx" name="opportunity visualizations &gt; renders the outcomes rail with all branch styles and supporting popovers" time="0.030834992">
        </testcase>
        <testcase classname="src/features/opportunities/tests/OpportunityVisualizations.test.tsx" name="opportunity visualizations &gt; renders the sunburst loading, error, empty, and interactive states" time="0.024414242">
        </testcase>
        <testcase classname="src/features/opportunities/tests/OpportunityVisualizations.test.tsx" name="opportunity visualizations &gt; renders the treemap loading, error, empty, and drilldown states" time="0.050433069">
        </testcase>
    </testsuite>
    <testsuite name="src/features/session-continuity/tests/IdleWarningModal.test.tsx" timestamp="2026-07-19T22:31:09.553Z" hostname="50ec39301314" tests="3" failures="0" errors="0" skipped="0" time="0.074340301">
        <testcase classname="src/features/session-continuity/tests/IdleWarningModal.test.tsx" name="IdleWarningModal &gt; renders the alert dialog with countdown text" time="0.056029528">
        </testcase>
        <testcase classname="src/features/session-continuity/tests/IdleWarningModal.test.tsx" name="IdleWarningModal &gt; calls the selected action handlers" time="0.012156847">
        </testcase>
        <testcase classname="src/features/session-continuity/tests/IdleWarningModal.test.tsx" name="IdleWarningModal &gt; treats Escape as sign out" time="0.003839603">
        </testcase>
    </testsuite>
    <testsuite name="src/features/session-continuity/tests/authErrorClassifier.test.ts" timestamp="2026-07-19T22:31:09.555Z" hostname="50ec39301314" tests="7" failures="0" errors="0" skipped="0" time="0.026168473">
        <testcase classname="src/features/session-continuity/tests/authErrorClassifier.test.ts" name="classifyAuthResponse &gt; uses ProblemDetails as the authoritative token-expired source" time="0.012375874">
        </testcase>
        <testcase classname="src/features/session-continuity/tests/authErrorClassifier.test.ts" name="classifyAuthResponse &gt; does not mark matching token expired challenge/body pairs as conflicts" time="0.005436253">
        </testcase>
        <testcase classname="src/features/session-continuity/tests/authErrorClassifier.test.ts" name="classifyAuthResponse &gt; does not mark matching invalid token challenge/body pairs as conflicts" time="0.000756679">
        </testcase>
        <testcase classname="src/features/session-continuity/tests/authErrorClassifier.test.ts" name="classifyAuthResponse &gt; does not mark matching session revoked challenge/body pairs as conflicts" time="0.000622739">
        </testcase>
        <testcase classname="src/features/session-continuity/tests/authErrorClassifier.test.ts" name="classifyAuthResponse &gt; marks conflicts when WWW-Authenticate disagrees with ProblemDetails" time="0.000727793">
        </testcase>
        <testcase classname="src/features/session-continuity/tests/authErrorClassifier.test.ts" name="classifyAuthResponse &gt; falls back to status-only unknown for malformed 401 responses" time="0.00056661">
        </testcase>
        <testcase classname="src/features/session-continuity/tests/authErrorClassifier.test.ts" name="classifyAuthResponse &gt; classifies 403 responses as authorization denial when no finer code exists" time="0.000312536">
        </testcase>
    </testsuite>
    <testsuite name="src/features/session-continuity/tests/sessionContinuity.smoke.test.tsx" timestamp="2026-07-19T22:31:09.557Z" hostname="50ec39301314" tests="2" failures="0" errors="0" skipped="0" time="0.065041204">
        <testcase classname="src/features/session-continuity/tests/sessionContinuity.smoke.test.tsx" name="session continuity smoke path &gt; renews one recoverable GET and retries it with the fresh access token" time="0.020759098">
        </testcase>
        <testcase classname="src/features/session-continuity/tests/sessionContinuity.smoke.test.tsx" name="session continuity smoke path &gt; captures dirty form state and restores the route on forced reauth" time="0.036941349">
        </testcase>
    </testsuite>
    <testsuite name="src/features/session-continuity/tests/sessionRenewal.test.ts" timestamp="2026-07-19T22:31:09.558Z" hostname="50ec39301314" tests="4" failures="0" errors="0" skipped="0" time="0.014415488">
        <testcase classname="src/features/session-continuity/tests/sessionRenewal.test.ts" name="renewSessionForExpiredToken &gt; coalesces concurrent renewal callers behind one silent sign-in" time="0.009456577">
        </testcase>
        <testcase classname="src/features/session-continuity/tests/sessionRenewal.test.ts" name="renewSessionForExpiredToken &gt; blocks immediate renewal loops after success" time="0.001094699">
        </testcase>
        <testcase classname="src/features/session-continuity/tests/sessionRenewal.test.ts" name="renewSessionForExpiredToken &gt; allows explicit user-initiated renewal to bypass the loop guard" time="0.000662917">
        </testcase>
        <testcase classname="src/features/session-continuity/tests/sessionRenewal.test.ts" name="renewSessionForExpiredToken &gt; maps invalid_grant renewal failures to refresh expiration" time="0.000617709">
        </testcase>
    </testsuite>
    <testsuite name="src/features/session-continuity/tests/sessionRestore.test.ts" timestamp="2026-07-19T22:31:09.559Z" hostname="50ec39301314" tests="4" failures="0" errors="0" skipped="0" time="0.019416806">
        <testcase classname="src/features/session-continuity/tests/sessionRestore.test.ts" name="session restore helpers &gt; accepts same-origin return paths and rejects unsafe destinations" time="0.009969882">
        </testcase>
        <testcase classname="src/features/session-continuity/tests/sessionRestore.test.ts" name="session restore helpers &gt; stores and consumes a same-user dirty form snapshot once" time="0.001752351">
        </testcase>
        <testcase classname="src/features/session-continuity/tests/sessionRestore.test.ts" name="session restore helpers &gt; lists valid same-user snapshot form keys by prefix without consuming them" time="0.004557973">
        </testcase>
        <testcase classname="src/features/session-continuity/tests/sessionRestore.test.ts" name="session restore helpers &gt; clears snapshots by current user and by other users" time="0.000663357">
        </testcase>
    </testsuite>
    <testsuite name="src/features/session-continuity/tests/sessionTelemetry.test.ts" timestamp="2026-07-19T22:31:09.560Z" hostname="50ec39301314" tests="4" failures="0" errors="0" skipped="0" time="0.014875044">
        <testcase classname="src/features/session-continuity/tests/sessionTelemetry.test.ts" name="session continuity telemetry &gt; builds events from non-PII session identity claims" time="0.007001701">
        </testcase>
        <testcase classname="src/features/session-continuity/tests/sessionTelemetry.test.ts" name="session continuity telemetry &gt; posts buffered events to the protected telemetry endpoint" time="0.003417975">
        </testcase>
        <testcase classname="src/features/session-continuity/tests/sessionTelemetry.test.ts" name="session continuity telemetry &gt; persists and drains deferred failure-class events by user" time="0.001409326">
        </testcase>
        <testcase classname="src/features/session-continuity/tests/sessionTelemetry.test.ts" name="session continuity telemetry &gt; drops expired deferred events instead of sending them" time="0.000541872">
        </testcase>
    </testsuite>
    <testsuite name="src/features/session-continuity/tests/useIdleWarning.test.tsx" timestamp="2026-07-19T22:31:09.562Z" hostname="50ec39301314" tests="6" failures="0" errors="0" skipped="0" time="0.132485379">
        <testcase classname="src/features/session-continuity/tests/useIdleWarning.test.tsx" name="useIdleWarning &gt; opens the idle modal at the inactivity threshold and emits shown telemetry" time="0.030363175">
        </testcase>
        <testcase classname="src/features/session-continuity/tests/useIdleWarning.test.tsx" name="useIdleWarning &gt; renews and closes the modal when the user stays signed in" time="0.011780573">
        </testcase>
        <testcase classname="src/features/session-continuity/tests/useIdleWarning.test.tsx" name="useIdleWarning &gt; forces reauth when the grace period expires" time="0.018904528">
        </testcase>
        <testcase classname="src/features/session-continuity/tests/useIdleWarning.test.tsx" name="useIdleWarning &gt; resets the rolling activity window on route changes" time="0.040491732">
        </testcase>
        <testcase classname="src/features/session-continuity/tests/useIdleWarning.test.tsx" name="useIdleWarning &gt; signs out explicitly from the idle modal path" time="0.010329391">
        </testcase>
        <testcase classname="src/features/session-continuity/tests/useIdleWarning.test.tsx" name="useIdleWarning &gt; does not open the idle modal on public auth routes" time="0.016077179">
        </testcase>
    </testsuite>
    <testsuite name="src/features/communications/components/__tests__/CommunicationPanel.test.tsx" timestamp="2026-07-19T22:31:09.564Z" hostname="50ec39301314" tests="2" failures="0" errors="0" skipped="0" time="0.259043123">
        <testcase classname="src/features/communications/components/__tests__/CommunicationPanel.test.tsx" name="CommunicationPanel &gt; renders the empty history state for the scoped record" time="0.052861003">
        </testcase>
        <testcase classname="src/features/communications/components/__tests__/CommunicationPanel.test.tsx" name="CommunicationPanel &gt; submits a structured communication with primary link and follow-up linkage" time="0.203607312">
        </testcase>
    </testsuite>
    <testsuite name="src/features/lob-attributes/components/__tests__/DynamicAttributePanel.preservation.test.tsx" timestamp="2026-07-19T22:31:09.565Z" hostname="50ec39301314" tests="3" failures="0" errors="0" skipped="0" time="0.29606292">
        <testcase classname="src/features/lob-attributes/components/__tests__/DynamicAttributePanel.preservation.test.tsx" name="DynamicAttributePanel F0035 preservation (F0036-S0006) &gt; snapshots the dirty attribute form on a forced re-auth (registry.snapshotAllDirty)" time="0.149578363">
        </testcase>
        <testcase classname="src/features/lob-attributes/components/__tests__/DynamicAttributePanel.preservation.test.tsx" name="DynamicAttributePanel F0035 preservation (F0036-S0006) &gt; rehydrates a prior snapshot on mount and shows the restore notice (no auto-replay)" time="0.087900717">
        </testcase>
        <testcase classname="src/features/lob-attributes/components/__tests__/DynamicAttributePanel.preservation.test.tsx" name="DynamicAttributePanel F0035 preservation (F0036-S0006) &gt; does not rehydrate another user’s snapshot (per-user isolation)" time="0.056273457">
        </testcase>
    </testsuite>
    <testsuite name="src/features/lob-attributes/components/__tests__/DynamicAttributePanel.test.tsx" timestamp="2026-07-19T22:31:09.566Z" hostname="50ec39301314" tests="8" failures="0" errors="0" skipped="0" time="0.486337531">
        <testcase classname="src/features/lob-attributes/components/__tests__/DynamicAttributePanel.test.tsx" name="DynamicAttributePanel engine swap regression (F0036-S0005) &gt; renders nothing for a non-Cyber line of business (unchanged)" time="0.022131176">
        </testcase>
        <testcase classname="src/features/lob-attributes/components/__tests__/DynamicAttributePanel.test.tsx" name="DynamicAttributePanel engine swap regression (F0036-S0005) &gt; renders all Cyber fields from the bundle (no hardcoded list) with the Cyber heading" time="0.115309016">
        </testcase>
        <testcase classname="src/features/lob-attributes/components/__tests__/DynamicAttributePanel.test.tsx" name="DynamicAttributePanel engine swap regression (F0036-S0005) &gt; read-only context renders disabled controls and no host-independent Save button" time="0.058121673">
        </testcase>
        <testcase classname="src/features/lob-attributes/components/__tests__/DynamicAttributePanel.test.tsx" name="DynamicAttributePanel engine swap regression (F0036-S0005) &gt; preserves MFA-maturity conditional gating (disabled when MFA off, enabled when on)" time="0.051558058">
        </testcase>
        <testcase classname="src/features/lob-attributes/components/__tests__/DynamicAttributePanel.test.tsx" name="DynamicAttributePanel engine swap regression (F0036-S0005) &gt; round-trips edits back to the flat CyberLobAttributeValues shape" time="0.176224167">
        </testcase>
        <testcase classname="src/features/lob-attributes/components/__tests__/DynamicAttributePanel.test.tsx" name="DynamicAttributePanel engine swap regression (F0036-S0005) &gt; binds host-supplied (backend) errors to fields by pointer" time="0.052865882">
        </testcase>
        <testcase classname="src/features/lob-attributes/components/__tests__/DynamicAttributePanel.test.tsx" name="DynamicAttributePanel engine swap regression (F0036-S0005) &gt; renders a controlled error (not a guessed form) when the bundle fails to load" time="0.004993843">
        </testcase>
        <testcase classname="src/features/lob-attributes/components/__tests__/DynamicAttributePanel.test.tsx" name="DynamicAttributePanel engine swap regression (F0036-S0005) &gt; shows a loading region while the bundle resolves" time="0.002076842">
        </testcase>
    </testsuite>
    <testsuite name="src/features/lob-attributes/engine/__tests__/SchemaDrivenForm.test.tsx" timestamp="2026-07-19T22:31:09.568Z" hostname="50ec39301314" tests="6" failures="0" errors="0" skipped="0" time="0.523271823">
        <testcase classname="src/features/lob-attributes/engine/__tests__/SchemaDrivenForm.test.tsx" name="SchemaDrivenForm (F0036-S0003) &gt; renders fields, sections, and labels entirely from the bundle (no hardcoded list)" time="0.133366017">
        </testcase>
        <testcase classname="src/features/lob-attributes/engine/__tests__/SchemaDrivenForm.test.tsx" name="SchemaDrivenForm (F0036-S0003) &gt; blocks its own submit affordance while data-schema-invalid and shows an inline error" time="0.111521177">
        </testcase>
        <testcase classname="src/features/lob-attributes/engine/__tests__/SchemaDrivenForm.test.tsx" name="SchemaDrivenForm (F0036-S0003) &gt; enables submit and calls onSubmit when data-schema-valid" time="0.107951574">
        </testcase>
        <testcase classname="src/features/lob-attributes/engine/__tests__/SchemaDrivenForm.test.tsx" name="SchemaDrivenForm (F0036-S0003) &gt; binds a backend-authoritative cross-field error to its field by pointer (submit stays enabled)" time="0.073524954">
        </testcase>
        <testcase classname="src/features/lob-attributes/engine/__tests__/SchemaDrivenForm.test.tsx" name="SchemaDrivenForm (F0036-S0003) &gt; read-only mode renders no submit affordance and disables controls" time="0.041951059">
        </testcase>
        <testcase classname="src/features/lob-attributes/engine/__tests__/SchemaDrivenForm.test.tsx" name="SchemaDrivenForm (F0036-S0003) &gt; fails closed on a malformed bundle (controlled error, not a guessed render)" time="0.052075688">
        </testcase>
    </testsuite>
    <testsuite name="src/features/lob-attributes/engine/__tests__/deriveWidgets.test.ts" timestamp="2026-07-19T22:31:09.571Z" hostname="50ec39301314" tests="6" failures="0" errors="0" skipped="0" time="0.015278768">
        <testcase classname="src/features/lob-attributes/engine/__tests__/deriveWidgets.test.ts" name="deriveSections (F0036-S0003) &gt; derives sections and order from ui-schema (no hardcoded Cyber list)" time="0.007035246">
        </testcase>
        <testcase classname="src/features/lob-attributes/engine/__tests__/deriveWidgets.test.ts" name="deriveSections (F0036-S0003) &gt; derives each widget from the data-schema type/enum" time="0.000827456">
        </testcase>
        <testcase classname="src/features/lob-attributes/engine/__tests__/deriveWidgets.test.ts" name="deriveSections (F0036-S0003) &gt; binds money-minor widgets to the .amountMinor value path" time="0.000428913">
        </testcase>
        <testcase classname="src/features/lob-attributes/engine/__tests__/deriveWidgets.test.ts" name="deriveSections (F0036-S0003) &gt; derives required from the parent schema required[] and labels from ui-schema" time="0.000254964">
        </testcase>
        <testcase classname="src/features/lob-attributes/engine/__tests__/deriveWidgets.test.ts" name="deriveSections (F0036-S0003) &gt; derives select options from the data-schema enum" time="0.000317266">
        </testcase>
        <testcase classname="src/features/lob-attributes/engine/__tests__/deriveWidgets.test.ts" name="deriveSections (F0036-S0003) &gt; fails closed on a field with no data-schema property" time="0.000514299">
        </testcase>
    </testsuite>
    <testsuite name="src/features/lob-attributes/engine/__tests__/parity.test.ts" timestamp="2026-07-19T22:31:09.573Z" hostname="50ec39301314" tests="11" failures="0" errors="0" skipped="0" time="0.015759182">
        <testcase classname="src/features/lob-attributes/engine/__tests__/parity.test.ts" name="Cyber client/backend parity matrix (F0036-S0003, ADR-022) &gt; data-schema parity: 0 disagreements for &quot;&apos;valid-baseline&apos;&quot;" time="0.00650163">
        </testcase>
        <testcase classname="src/features/lob-attributes/engine/__tests__/parity.test.ts" name="Cyber client/backend parity matrix (F0036-S0003, ADR-022) &gt; data-schema parity: 0 disagreements for &quot;&apos;missing-required-top-level&apos;&quot;" time="0.000943812">
        </testcase>
        <testcase classname="src/features/lob-attributes/engine/__tests__/parity.test.ts" name="Cyber client/backend parity matrix (F0036-S0003, ADR-022) &gt; data-schema parity: 0 disagreements for &quot;&apos;invalid-enum-and-negative-minimum&apos;&quot;" time="0.000545409">
        </testcase>
        <testcase classname="src/features/lob-attributes/engine/__tests__/parity.test.ts" name="Cyber client/backend parity matrix (F0036-S0003, ADR-022) &gt; data-schema parity: 0 disagreements for &quot;&apos;invalid-enum-nested-control&apos;&quot;" time="0.000370439">
        </testcase>
        <testcase classname="src/features/lob-attributes/engine/__tests__/parity.test.ts" name="Cyber client/backend parity matrix (F0036-S0003, ADR-022) &gt; data-schema parity: 0 disagreements for &quot;&apos;cross-field-only-backend-authoritative&apos;&quot;" time="0.000437941">
        </testcase>
        <testcase classname="src/features/lob-attributes/engine/__tests__/parity.test.ts" name="Cyber client/backend parity matrix (F0036-S0003, ADR-022) &gt; client AJV never duplicates backend-authoritative cross-field rules for &quot;&apos;valid-baseline&apos;&quot;" time="0.000354738">
        </testcase>
        <testcase classname="src/features/lob-attributes/engine/__tests__/parity.test.ts" name="Cyber client/backend parity matrix (F0036-S0003, ADR-022) &gt; client AJV never duplicates backend-authoritative cross-field rules for &quot;&apos;missing-required-top-level&apos;&quot;" time="0.000692805">
        </testcase>
        <testcase classname="src/features/lob-attributes/engine/__tests__/parity.test.ts" name="Cyber client/backend parity matrix (F0036-S0003, ADR-022) &gt; client AJV never duplicates backend-authoritative cross-field rules for &quot;&apos;invalid-enum-and-negative-minimum&apos;&quot;" time="0.000615605">
        </testcase>
        <testcase classname="src/features/lob-attributes/engine/__tests__/parity.test.ts" name="Cyber client/backend parity matrix (F0036-S0003, ADR-022) &gt; client AJV never duplicates backend-authoritative cross-field rules for &quot;&apos;invalid-enum-nested-control&apos;&quot;" time="0.00088636">
        </testcase>
        <testcase classname="src/features/lob-attributes/engine/__tests__/parity.test.ts" name="Cyber client/backend parity matrix (F0036-S0003, ADR-022) &gt; client AJV never duplicates backend-authoritative cross-field rules for &quot;&apos;cross-field-only-backend-authoritative&apos;&quot;" time="0.00039153">
        </testcase>
        <testcase classname="src/features/lob-attributes/engine/__tests__/parity.test.ts" name="Cyber client/backend parity matrix (F0036-S0003, ADR-022) &gt; records at least one parity row per example with no aggregate disagreement" time="0.000719427">
        </testcase>
    </testsuite>
    <testsuite name="src/features/lob-attributes/engine/__tests__/rhfDirtyAdapter.test.ts" timestamp="2026-07-19T22:31:09.576Z" hostname="50ec39301314" tests="4" failures="0" errors="0" skipped="0" time="0.014942905">
        <testcase classname="src/features/lob-attributes/engine/__tests__/rhfDirtyAdapter.test.ts" name="flattenDirtyFields (F0036-S0006) &gt; flattens nested RHF dirtyFields into dotted string paths" time="0.007700137">
        </testcase>
        <testcase classname="src/features/lob-attributes/engine/__tests__/rhfDirtyAdapter.test.ts" name="flattenDirtyFields (F0036-S0006) &gt; handles array dirty markers" time="0.000832767">
        </testcase>
        <testcase classname="src/features/lob-attributes/engine/__tests__/rhfDirtyAdapter.test.ts" name="flattenDirtyFields (F0036-S0006) &gt; returns no paths when nothing is dirty" time="0.00057201">
        </testcase>
        <testcase classname="src/features/lob-attributes/engine/__tests__/rhfDirtyAdapter.test.ts" name="rhfDirtyAdapter (F0036-S0006) &gt; builds a DirtyFormRegistration source from an RHF form" time="0.001073915">
        </testcase>
    </testsuite>
    <testsuite name="src/features/lob-attributes/engine/__tests__/usePinnedBundle.test.ts" timestamp="2026-07-19T22:31:09.578Z" hostname="50ec39301314" tests="5" failures="0" errors="0" skipped="0" time="0.02494868">
        <testcase classname="src/features/lob-attributes/engine/__tests__/usePinnedBundle.test.ts" name="usePinnedBundle (F0036-S0004) &gt; binds the bundle at open from (productVersionId, stage)" time="0.013820848">
        </testcase>
        <testcase classname="src/features/lob-attributes/engine/__tests__/usePinnedBundle.test.ts" name="usePinnedBundle (F0036-S0004) &gt; does NOT rebind when a newer version activates while the form is open" time="0.002754918">
        </testcase>
        <testcase classname="src/features/lob-attributes/engine/__tests__/usePinnedBundle.test.ts" name="usePinnedBundle (F0036-S0004) &gt; a new form instance binds the now-active newer version" time="0.001523287">
        </testcase>
        <testcase classname="src/features/lob-attributes/engine/__tests__/usePinnedBundle.test.ts" name="usePinnedBundle (F0036-S0004) &gt; resolves an activation race deterministically to the version captured at open" time="0.002861304">
        </testcase>
        <testcase classname="src/features/lob-attributes/engine/__tests__/usePinnedBundle.test.ts" name="usePinnedBundle (F0036-S0004) &gt; surfaces a controlled error for an unresolvable pinned version (no silent fallback)" time="0.001334832">
        </testcase>
    </testsuite>
    <testsuite name="src/features/lob-attributes/engine/__tests__/widgetRegistry.test.ts" timestamp="2026-07-19T22:31:09.580Z" hostname="50ec39301314" tests="4" failures="0" errors="0" skipped="0" time="0.012215105">
        <testcase classname="src/features/lob-attributes/engine/__tests__/widgetRegistry.test.ts" name="widgetRegistry (F0036-S0001) &gt; resolves a registered widget to its entry" time="0.007353257">
        </testcase>
        <testcase classname="src/features/lob-attributes/engine/__tests__/widgetRegistry.test.ts" name="widgetRegistry (F0036-S0001) &gt; fails closed: resolving an unregistered widget throws (does not render a fallback)" time="0.001515211">
        </testcase>
        <testcase classname="src/features/lob-attributes/engine/__tests__/widgetRegistry.test.ts" name="widgetRegistry (F0036-S0001) &gt; fails closed on an unknown option for a widget with an option schema" time="0.000652126">
        </testcase>
        <testcase classname="src/features/lob-attributes/engine/__tests__/widgetRegistry.test.ts" name="widgetRegistry (F0036-S0001) &gt; allows all options when a widget declares no option schema" time="0.000306625">
        </testcase>
    </testsuite>
    <testsuite name="src/features/lob-attributes/engine/__tests__/widgets.test.tsx" timestamp="2026-07-19T22:31:09.581Z" hostname="50ec39301314" tests="11" failures="0" errors="0" skipped="0" time="0.307253047">
        <testcase classname="src/features/lob-attributes/engine/__tests__/widgets.test.tsx" name="MVP widget vocabulary (F0036-S0002) &gt; registers all ten MVP widgets" time="0.012327264">
        </testcase>
        <testcase classname="src/features/lob-attributes/engine/__tests__/widgets.test.tsx" name="MVP widget vocabulary (F0036-S0002) &gt; text widget propagates input to onChange (engine-controlled, not lifted)" time="0.113095734">
        </testcase>
        <testcase classname="src/features/lob-attributes/engine/__tests__/widgets.test.tsx" name="MVP widget vocabulary (F0036-S0002) &gt; number widget emits a number, empty clears to undefined" time="0.062374506">
        </testcase>
        <testcase classname="src/features/lob-attributes/engine/__tests__/widgets.test.tsx" name="MVP widget vocabulary (F0036-S0002) &gt; money-minor stores integer minor units while displaying the major unit (round-trip)" time="0.018776423">
        </testcase>
        <testcase classname="src/features/lob-attributes/engine/__tests__/widgets.test.tsx" name="MVP widget vocabulary (F0036-S0002) &gt; checkbox widget toggles boolean" time="0.030511713">
        </testcase>
        <testcase classname="src/features/lob-attributes/engine/__tests__/widgets.test.tsx" name="MVP widget vocabulary (F0036-S0002) &gt; select widget renders derived options and emits the chosen value" time="0.023149758">
        </testcase>
        <testcase classname="src/features/lob-attributes/engine/__tests__/widgets.test.tsx" name="MVP widget vocabulary (F0036-S0002) &gt; multi-select toggles membership in a string array" time="0.028789916">
        </testcase>
        <testcase classname="src/features/lob-attributes/engine/__tests__/widgets.test.tsx" name="MVP widget vocabulary (F0036-S0002) &gt; required widget exposes a required affordance and renders an inline error slot" time="0.007260695">
        </testcase>
        <testcase classname="src/features/lob-attributes/engine/__tests__/widgets.test.tsx" name="MVP widget vocabulary (F0036-S0002) &gt; disabled widget renders a non-editable control" time="0.002515558">
        </testcase>
        <testcase classname="src/features/lob-attributes/engine/__tests__/widgets.test.tsx" name="MVP widget vocabulary (F0036-S0002) &gt; read-only summary renders a value without an editable control" time="0.00286938">
        </testcase>
        <testcase classname="src/features/lob-attributes/engine/__tests__/widgets.test.tsx" name="MVP widget vocabulary (F0036-S0002) &gt; fails closed: a configured option outside the data-schema enum throws" time="0.002128412">
        </testcase>
    </testsuite>
    <testsuite name="src/features/reports/components/__tests__/DistributionRollupReportView.test.tsx" timestamp="2026-07-19T22:31:09.585Z" hostname="50ec39301314" tests="4" failures="0" errors="0" skipped="0" time="0.103442279">
        <testcase classname="src/features/reports/components/__tests__/DistributionRollupReportView.test.tsx" name="DistributionRollupReportView &gt; renders authorized rollup metrics and drilldown links" time="0.084895717">
        </testcase>
        <testcase classname="src/features/reports/components/__tests__/DistributionRollupReportView.test.tsx" name="DistributionRollupReportView &gt; shows a no-leak empty state for scoped-away rollups" time="0.00479571">
        </testcase>
        <testcase classname="src/features/reports/components/__tests__/DistributionRollupReportView.test.tsx" name="DistributionRollupReportView &gt; renders &quot;—&quot; for metrics not applicable to the selected metric family" time="0.004956592">
        </testcase>
        <testcase classname="src/features/reports/components/__tests__/DistributionRollupReportView.test.tsx" name="DistributionRollupReportView &gt; renders every metric column for the Workflow family" time="0.006249471">
        </testcase>
    </testsuite>
    <testsuite name="src/features/search/components/__tests__/SearchOverlay.test.tsx" timestamp="2026-07-19T22:31:09.586Z" hostname="50ec39301314" tests="2" failures="0" errors="0" skipped="0" time="0.09123386">
        <testcase classname="src/features/search/components/__tests__/SearchOverlay.test.tsx" name="SearchOverlay &gt; navigates to the search workspace on submit" time="0.072755591">
        </testcase>
        <testcase classname="src/features/search/components/__tests__/SearchOverlay.test.tsx" name="SearchOverlay &gt; does not navigate for queries under 2 characters" time="0.01678376">
        </testcase>
    </testsuite>
    <testsuite name="src/features/search/components/__tests__/SearchResultsList.test.tsx" timestamp="2026-07-19T22:31:09.587Z" hostname="50ec39301314" tests="3" failures="0" errors="0" skipped="0" time="0.095047143">
        <testcase classname="src/features/search/components/__tests__/SearchResultsList.test.tsx" name="SearchResultsList &gt; prompts when the query is too short" time="0.027826601">
        </testcase>
        <testcase classname="src/features/search/components/__tests__/SearchResultsList.test.tsx" name="SearchResultsList &gt; renders authorized results with a title and authorized-count copy" time="0.062356951">
        </testcase>
        <testcase classname="src/features/search/components/__tests__/SearchResultsList.test.tsx" name="SearchResultsList &gt; shows an access-scoped empty state" time="0.002752263">
        </testcase>
    </testsuite>
    <testsuite name="src/features/service-cases/components/__tests__/ServiceCaseListPanel.test.tsx" timestamp="2026-07-19T22:31:09.588Z" hostname="50ec39301314" tests="2" failures="0" errors="0" skipped="0" time="0.092018545">
        <testcase classname="src/features/service-cases/components/__tests__/ServiceCaseListPanel.test.tsx" name="ServiceCaseListPanel &gt; renders the empty state for an account without service cases" time="0.031397668">
        </testcase>
        <testcase classname="src/features/service-cases/components/__tests__/ServiceCaseListPanel.test.tsx" name="ServiceCaseListPanel &gt; renders service-case rows with status, priority, and detail links" time="0.05847459">
        </testcase>
    </testsuite>
    <testsuite name="src/features/tasks/components/__tests__/TaskCreateModal.test.tsx" timestamp="2026-07-19T22:31:09.589Z" hostname="50ec39301314" tests="3" failures="0" errors="0" skipped="0" time="0.210965541">
        <testcase classname="src/features/tasks/components/__tests__/TaskCreateModal.test.tsx" name="TaskCreateModal — S0007 wiring regression &gt; creates a task with the same payload as before wiring" time="0.170577922">
        </testcase>
        <testcase classname="src/features/tasks/components/__tests__/TaskCreateModal.test.tsx" name="TaskCreateModal — S0007 wiring regression &gt; blocks submit and shows a validation error for an empty title (unchanged)" time="0.028795301">
        </testcase>
        <testcase classname="src/features/tasks/components/__tests__/TaskCreateModal.test.tsx" name="TaskCreateModal — S0007 wiring regression &gt; registers with F0035 so dirty values snapshot on a forced re-auth" time="0.009134802">
        </testcase>
    </testsuite>
    <testsuite name="src/features/tasks/components/__tests__/TaskDetailPanel.test.tsx" timestamp="2026-07-19T22:31:09.590Z" hostname="50ec39301314" tests="2" failures="0" errors="0" skipped="0" time="0.191010808">
        <testcase classname="src/features/tasks/components/__tests__/TaskDetailPanel.test.tsx" name="TaskDetailPanel inline edit — S0007 wiring regression &gt; saves an inline title edit with the same update payload (unchanged)" time="0.154943781">
        </testcase>
        <testcase classname="src/features/tasks/components/__tests__/TaskDetailPanel.test.tsx" name="TaskDetailPanel inline edit — S0007 wiring regression &gt; registers the inline edit with F0035 so dirty values snapshot on a forced re-auth" time="0.0336522">
        </testcase>
    </testsuite>
</testsuites>
