{"total": {"lines":{"total":686,"covered":567,"skipped":0,"pct":82.65},"statements":{"total":686,"covered":567,"skipped":0,"pct":82.65},"functions":{"total":79,"covered":28,"skipped":0,"pct":35.44},"branches":{"total":104,"covered":49,"skipped":0,"pct":47.11},"branchesTrue":{"total":0,"covered":0,"skipped":0,"pct":100}}
,"/home/gajap/uSandbox/repos/nebula/nebula-insurance-crm/experience/src/features/billing/hooks.ts": {"lines":{"total":109,"covered":25,"skipped":0,"pct":22.93},"functions":{"total":17,"covered":4,"skipped":0,"pct":23.52},"statements":{"total":109,"covered":25,"skipped":0,"pct":22.93},"branches":{"total":4,"covered":4,"skipped":0,"pct":100}}
,"/home/gajap/uSandbox/repos/nebula/nebula-insurance-crm/experience/src/features/billing/index.ts": {"lines":{"total":2,"covered":2,"skipped":0,"pct":100},"functions":{"total":0,"covered":0,"skipped":0,"pct":100},"statements":{"total":2,"covered":2,"skipped":0,"pct":100},"branches":{"total":0,"covered":0,"skipped":0,"pct":100}}
,"/home/gajap/uSandbox/repos/nebula/nebula-insurance-crm/experience/src/features/billing/presentation.ts": {"lines":{"total":8,"covered":8,"skipped":0,"pct":100},"functions":{"total":2,"covered":2,"skipped":0,"pct":100},"statements":{"total":8,"covered":8,"skipped":0,"pct":100},"branches":{"total":2,"covered":2,"skipped":0,"pct":100}}
,"/home/gajap/uSandbox/repos/nebula/nebula-insurance-crm/experience/src/features/billing/types.ts": {"lines":{"total":0,"covered":0,"skipped":0,"pct":100},"functions":{"total":0,"covered":0,"skipped":0,"pct":100},"statements":{"total":0,"covered":0,"skipped":0,"pct":100},"branches":{"total":0,"covered":0,"skipped":0,"pct":100}}
,"/home/gajap/uSandbox/repos/nebula/nebula-insurance-crm/experience/src/features/billing/components/BillingUi.tsx": {"lines":{"total":59,"covered":59,"skipped":0,"pct":100},"functions":{"total":5,"covered":4,"skipped":0,"pct":80},"statements":{"total":59,"covered":59,"skipped":0,"pct":100},"branches":{"total":10,"covered":5,"skipped":0,"pct":50}}
,"/home/gajap/uSandbox/repos/nebula/nebula-insurance-crm/experience/src/features/billing/tests/BillingHooks.test.tsx": {"lines":{"total":47,"covered":46,"skipped":0,"pct":97.87},"functions":{"total":2,"covered":2,"skipped":0,"pct":100},"statements":{"total":47,"covered":46,"skipped":0,"pct":97.87},"branches":{"total":8,"covered":7,"skipped":0,"pct":87.5}}
,"/home/gajap/uSandbox/repos/nebula/nebula-insurance-crm/experience/src/features/billing/tests/BillingPages.test.tsx": {"lines":{"total":33,"covered":33,"skipped":0,"pct":100},"functions":{"total":0,"covered":0,"skipped":0,"pct":100},"statements":{"total":33,"covered":33,"skipped":0,"pct":100},"branches":{"total":4,"covered":4,"skipped":0,"pct":100}}
,"/home/gajap/uSandbox/repos/nebula/nebula-insurance-crm/experience/src/pages/BillingInvoiceDetailPage.tsx": {"lines":{"total":153,"covered":149,"skipped":0,"pct":97.38},"functions":{"total":9,"covered":5,"skipped":0,"pct":55.55},"statements":{"total":153,"covered":149,"skipped":0,"pct":97.38},"branches":{"total":37,"covered":13,"skipped":0,"pct":35.13}}
,"/home/gajap/uSandbox/repos/nebula/nebula-insurance-crm/experience/src/pages/BillingPage.tsx": {"lines":{"total":138,"covered":125,"skipped":0,"pct":90.57},"functions":{"total":25,"covered":3,"skipped":0,"pct":12},"statements":{"total":138,"covered":125,"skipped":0,"pct":90.57},"branches":{"total":14,"covered":4,"skipped":0,"pct":28.57}}
,"/home/gajap/uSandbox/repos/nebula/nebula-insurance-crm/experience/src/pages/BillingReconciliationPage.tsx": {"lines":{"total":137,"covered":120,"skipped":0,"pct":87.59},"functions":{"total":19,"covered":8,"skipped":0,"pct":42.1},"statements":{"total":137,"covered":120,"skipped":0,"pct":87.59},"branches":{"total":25,"covered":10,"skipped":0,"pct":40}}
}
