<?xml version="1.0" encoding="utf-8"?>
<TestRun id="1e7218a8-983e-4716-afad-374641d5c153" name="@myStarPort-01 2026-06-30 21:14:33" xmlns="http://microsoft.com/schemas/VisualStudio/TeamTest/2010">
  <Times creation="2026-06-30T21:14:33.1028322-04:00" queuing="2026-06-30T21:14:33.1028325-04:00" start="2026-06-30T21:14:29.0149490-04:00" finish="2026-06-30T21:14:33.8612574-04:00" />
  <TestSettings name="default" id="01e7874e-0498-4cef-aae3-d7cf826d1904">
    <Deployment runDeploymentRoot="_myStarPort-01_2026-06-30_21_14_33" />
  </TestSettings>
  <Results>
    <UnitTestResult executionId="b024856b-ecbf-4240-8133-563055342b2f" testId="0751c625-9039-3884-8eaa-01f4a2f2c4c6" testName="Nebula.Tests.Unit.WorkflowStateMachineTests.ValidateRenewalTransition_ForDistributionUserIntoUnderwriterStage_ReturnsPolicyDenied" computerName="myStarPort-01" duration="00:00:00.0009353" startTime="2026-06-30T21:14:33.0841942-04:00" endTime="2026-06-30T21:14:33.0842482-04:00" testType="13cdc9d9-ddb5-4fa4-a97d-d965ccfc6d4b" outcome="Passed" testListId="8c84fa94-04c1-424b-9868-57a2d4851a1d" relativeResultsDirectory="b024856b-ecbf-4240-8133-563055342b2f" />
    <UnitTestResult executionId="d8be08dc-a53b-43fa-9c2c-ec39715c3348" testId="49dce665-7a9b-6811-e0d7-667125afb925" testName="Nebula.Tests.Unit.WorkflowStateMachineTests.IsValidTransition_WithDisallowedTransition_ReturnsFalse(workflowType: &quot;Renewal&quot;, from: &quot;Identified&quot;, to: &quot;Completed&quot;)" computerName="myStarPort-01" duration="00:00:00.0068702" startTime="2026-06-30T21:14:33.0406882-04:00" endTime="2026-06-30T21:14:33.0423580-04:00" testType="13cdc9d9-ddb5-4fa4-a97d-d965ccfc6d4b" outcome="Passed" testListId="8c84fa94-04c1-424b-9868-57a2d4851a1d" relativeResultsDirectory="d8be08dc-a53b-43fa-9c2c-ec39715c3348" />
    <UnitTestResult executionId="b3b2208d-3b44-4fd6-baa5-e900ffd48119" testId="4921b85e-3cfa-3dfc-664b-56f050531ed0" testName="Nebula.Tests.Unit.WorkflowStateMachineTests.IsValidTransition_WithDisallowedTransition_ReturnsFalse(workflowType: &quot;Renewal&quot;, from: &quot;Completed&quot;, to: &quot;Quoted&quot;)" computerName="myStarPort-01" duration="00:00:00.0000017" startTime="2026-06-30T21:14:33.0546567-04:00" endTime="2026-06-30T21:14:33.0546934-04:00" testType="13cdc9d9-ddb5-4fa4-a97d-d965ccfc6d4b" outcome="Passed" testListId="8c84fa94-04c1-424b-9868-57a2d4851a1d" relativeResultsDirectory="b3b2208d-3b44-4fd6-baa5-e900ffd48119" />
    <UnitTestResult executionId="db0d5788-83f9-4ade-baf0-bda79ad8e35e" testId="2f412fd8-ece3-2512-e65d-8bd284233da0" testName="Nebula.Tests.Unit.WorkflowServiceTests.SubmissionService_UpdateAsync_OmittedOptionalFields_PreserveExistingValues" computerName="myStarPort-01" duration="00:00:00.0024485" startTime="2026-06-30T21:14:33.1281361-04:00" endTime="2026-06-30T21:14:33.1286919-04:00" testType="13cdc9d9-ddb5-4fa4-a97d-d965ccfc6d4b" outcome="Passed" testListId="8c84fa94-04c1-424b-9868-57a2d4851a1d" relativeResultsDirectory="db0d5788-83f9-4ade-baf0-bda79ad8e35e" />
    <UnitTestResult executionId="f7f30587-8fd2-42d8-8ca6-8c86a8c5c3c3" testId="5f073d36-48da-310d-94ad-88e6b9f82b75" testName="Nebula.Tests.Unit.WorkflowStateMachineTests.IsTerminalState_ReturnsExpectedValue(workflowType: &quot;Renewal&quot;, state: &quot;Completed&quot;, expected: True)" computerName="myStarPort-01" duration="00:00:00.0002648" startTime="2026-06-30T21:14:33.0805545-04:00" endTime="2026-06-30T21:14:33.0806095-04:00" testType="13cdc9d9-ddb5-4fa4-a97d-d965ccfc6d4b" outcome="Passed" testListId="8c84fa94-04c1-424b-9868-57a2d4851a1d" relativeResultsDirectory="f7f30587-8fd2-42d8-8ca6-8c86a8c5c3c3" />
    <UnitTestResult executionId="1e23ada7-2640-40d2-b438-f20ef0c720d9" testId="27e333e8-c793-7403-bb24-6b00f770ece6" testName="Nebula.Tests.Unit.WorkflowServiceTests.RenewalService_TransitionAsync_NotFound_ReturnsNotFound" computerName="myStarPort-01" duration="00:00:00.0002991" startTime="2026-06-30T21:14:33.1270724-04:00" endTime="2026-06-30T21:14:33.1271136-04:00" testType="13cdc9d9-ddb5-4fa4-a97d-d965ccfc6d4b" outcome="Passed" testListId="8c84fa94-04c1-424b-9868-57a2d4851a1d" relativeResultsDirectory="1e23ada7-2640-40d2-b438-f20ef0c720d9" />
    <UnitTestResult executionId="0bce96c2-6daf-4576-aa25-59b71a60b438" testId="c11a43c2-91f1-a81b-f004-230669f0664b" testName="Nebula.Tests.Unit.WorkflowServiceTests.SubmissionService_TransitionAsync_ValidTransition_PersistsTransitionAndTimeline" computerName="myStarPort-01" duration="00:00:00.0270895" startTime="2026-06-30T21:14:33.0856354-04:00" endTime="2026-06-30T21:14:33.0864407-04:00" testType="13cdc9d9-ddb5-4fa4-a97d-d965ccfc6d4b" outcome="Passed" testListId="8c84fa94-04c1-424b-9868-57a2d4851a1d" relativeResultsDirectory="0bce96c2-6daf-4576-aa25-59b71a60b438" />
    <UnitTestResult executionId="73baee9d-6267-487f-bd0a-c1470878bddd" testId="a55e747a-3e95-98b8-f831-207d1ec0e6d8" testName="Nebula.Tests.Unit.WorkflowStateMachineTests.IsTerminalState_ReturnsExpectedValue(workflowType: &quot;Submission&quot;, state: &quot;Received&quot;, expected: False)" computerName="myStarPort-01" duration="00:00:00.0000074" startTime="2026-06-30T21:14:33.0812223-04:00" endTime="2026-06-30T21:14:33.0812764-04:00" testType="13cdc9d9-ddb5-4fa4-a97d-d965ccfc6d4b" outcome="Passed" testListId="8c84fa94-04c1-424b-9868-57a2d4851a1d" relativeResultsDirectory="73baee9d-6267-487f-bd0a-c1470878bddd" />
    <UnitTestResult executionId="79fa64de-6e1a-4652-a00a-c75d06debbc6" testId="eab6e3ec-045e-1e2f-0795-5ee4ae87cf11" testName="Nebula.Tests.Unit.WorkflowStateMachineTests.IsValidTransition_WithDisallowedTransition_ReturnsFalse(workflowType: &quot;Submission&quot;, from: &quot;Received&quot;, to: &quot;WaitingOnBroker&quot;)" computerName="myStarPort-01" duration="00:00:00.0000018" startTime="2026-06-30T21:14:33.0550423-04:00" endTime="2026-06-30T21:14:33.0550820-04:00" testType="13cdc9d9-ddb5-4fa4-a97d-d965ccfc6d4b" outcome="Passed" testListId="8c84fa94-04c1-424b-9868-57a2d4851a1d" relativeResultsDirectory="79fa64de-6e1a-4652-a00a-c75d06debbc6" />
    <UnitTestResult executionId="e8402e31-29a3-418c-992a-0ddcb69a254b" testId="7e3cd50a-b2e3-bcea-a827-25bb7cacc6f1" testName="Nebula.Tests.Unit.WorkflowStateMachineTests.IsValidTransition_WithDisallowedTransition_ReturnsFalse(workflowType: &quot;Unknown&quot;, from: &quot;Open&quot;, to: &quot;Closed&quot;)" computerName="myStarPort-01" duration="00:00:00.0000016" startTime="2026-06-30T21:14:33.0538472-04:00" endTime="2026-06-30T21:14:33.0538862-04:00" testType="13cdc9d9-ddb5-4fa4-a97d-d965ccfc6d4b" outcome="Passed" testListId="8c84fa94-04c1-424b-9868-57a2d4851a1d" relativeResultsDirectory="e8402e31-29a3-418c-992a-0ddcb69a254b" />
    <UnitTestResult executionId="66d1e501-4f78-41a2-be7c-11801633ceb8" testId="2f9d9795-f676-352f-e98f-000790fcca63" testName="Nebula.Tests.Unit.WorkflowStateMachineTests.IsValidTransition_WithAllowedTransition_ReturnsTrue(workflowType: &quot;Submission&quot;, from: &quot;BindRequested&quot;, to: &quot;Bound&quot;)" computerName="myStarPort-01" duration="00:00:00.0000020" startTime="2026-06-30T21:14:33.0788095-04:00" endTime="2026-06-30T21:14:33.0788483-04:00" testType="13cdc9d9-ddb5-4fa4-a97d-d965ccfc6d4b" outcome="Passed" testListId="8c84fa94-04c1-424b-9868-57a2d4851a1d" relativeResultsDirectory="66d1e501-4f78-41a2-be7c-11801633ceb8" />
    <UnitTestResult executionId="7f9bb0ea-14c5-4f94-9f94-de21de4f8b5d" testId="0f41d32f-a4cb-d3a1-900f-10b3fc559b06" testName="Nebula.Tests.Unit.WorkflowStateMachineTests.IsValidTransition_WithAllowedTransition_ReturnsTrue(workflowType: &quot;Renewal&quot;, from: &quot;Quoted&quot;, to: &quot;Completed&quot;)" computerName="myStarPort-01" duration="00:00:00.0000023" startTime="2026-06-30T21:14:33.0783950-04:00" endTime="2026-06-30T21:14:33.0784359-04:00" testType="13cdc9d9-ddb5-4fa4-a97d-d965ccfc6d4b" outcome="Passed" testListId="8c84fa94-04c1-424b-9868-57a2d4851a1d" relativeResultsDirectory="7f9bb0ea-14c5-4f94-9f94-de21de4f8b5d" />
    <UnitTestResult executionId="58e9b899-fac3-4e7a-8960-fdf11268f082" testId="960eb042-0c7b-1a10-fe8f-4ecfbf884988" testName="Nebula.Tests.Unit.WorkflowServiceTests.SubmissionService_TransitionAsync_NotFound_ReturnsNotFound" computerName="myStarPort-01" duration="00:00:00.0002877" startTime="2026-06-30T21:14:33.0932760-04:00" endTime="2026-06-30T21:14:33.0933795-04:00" testType="13cdc9d9-ddb5-4fa4-a97d-d965ccfc6d4b" outcome="Passed" testListId="8c84fa94-04c1-424b-9868-57a2d4851a1d" relativeResultsDirectory="58e9b899-fac3-4e7a-8960-fdf11268f082" />
    <UnitTestResult executionId="436ccec1-84db-4335-b89b-4bbb94a3715d" testId="d7638616-7845-edf2-7c0f-d9e23175973f" testName="Nebula.Tests.Unit.WorkflowStateMachineTests.IsTerminalState_ReturnsExpectedValue(workflowType: &quot;Unknown&quot;, state: &quot;Anything&quot;, expected: False)" computerName="myStarPort-01" duration="00:00:00.0011069" startTime="2026-06-30T21:14:33.0800188-04:00" endTime="2026-06-30T21:14:33.0800559-04:00" testType="13cdc9d9-ddb5-4fa4-a97d-d965ccfc6d4b" outcome="Passed" testListId="8c84fa94-04c1-424b-9868-57a2d4851a1d" relativeResultsDirectory="436ccec1-84db-4335-b89b-4bbb94a3715d" />
    <UnitTestResult executionId="26594241-82d3-4328-8e3e-3ab1f40d2d19" testId="2adc37cd-e5d2-a054-4a84-98b0c4a201f0" testName="Nebula.Tests.Unit.WorkflowStateMachineTests.GetAvailableRenewalTransitions_FiltersByRole" computerName="myStarPort-01" duration="00:00:00.0004958" startTime="2026-06-30T21:14:33.0848544-04:00" endTime="2026-06-30T21:14:33.0848976-04:00" testType="13cdc9d9-ddb5-4fa4-a97d-d965ccfc6d4b" outcome="Passed" testListId="8c84fa94-04c1-424b-9868-57a2d4851a1d" relativeResultsDirectory="26594241-82d3-4328-8e3e-3ab1f40d2d19" />
    <UnitTestResult executionId="f553b1b2-b00a-42f8-afd8-e702411c49c4" testId="ec9b1951-9c47-9f93-0bd5-a2407435b557" testName="Nebula.Tests.Unit.WorkflowServiceTests.SubmissionService_GetTransitionsAsync_MapsTransitions" computerName="myStarPort-01" duration="00:00:00.0006958" startTime="2026-06-30T21:14:33.1275982-04:00" endTime="2026-06-30T21:14:33.1276591-04:00" testType="13cdc9d9-ddb5-4fa4-a97d-d965ccfc6d4b" outcome="Passed" testListId="8c84fa94-04c1-424b-9868-57a2d4851a1d" relativeResultsDirectory="f553b1b2-b00a-42f8-afd8-e702411c49c4" />
    <UnitTestResult executionId="4f57bc57-26a5-4a65-8b7f-15f2124d9f31" testId="8ded1678-34e4-9e88-0c89-f16a9bae94b7" testName="Nebula.Tests.Unit.WorkflowServiceTests.SubmissionService_GetByIdAsync_MapsDto" computerName="myStarPort-01" duration="00:00:00.0151840" startTime="2026-06-30T21:14:33.0869531-04:00" endTime="2026-06-30T21:14:33.0869978-04:00" testType="13cdc9d9-ddb5-4fa4-a97d-d965ccfc6d4b" outcome="Passed" testListId="8c84fa94-04c1-424b-9868-57a2d4851a1d" relativeResultsDirectory="4f57bc57-26a5-4a65-8b7f-15f2124d9f31" />
    <UnitTestResult executionId="4e90fb87-a4e1-4ab2-8e8e-9b4601a04cc2" testId="4934f454-9a5b-c51b-13c6-34d5d451ff21" testName="Nebula.Tests.Unit.WorkflowStateMachineTests.IsValidTransition_WithAllowedTransition_ReturnsTrue(workflowType: &quot;Renewal&quot;, from: &quot;Identified&quot;, to: &quot;Outreach&quot;)" computerName="myStarPort-01" duration="00:00:00.0001000" startTime="2026-06-30T21:14:33.0778613-04:00" endTime="2026-06-30T21:14:33.0779181-04:00" testType="13cdc9d9-ddb5-4fa4-a97d-d965ccfc6d4b" outcome="Passed" testListId="8c84fa94-04c1-424b-9868-57a2d4851a1d" relativeResultsDirectory="4e90fb87-a4e1-4ab2-8e8e-9b4601a04cc2" />
    <UnitTestResult executionId="6563c954-be3f-4df8-87e1-2bd6a10328b2" testId="bbafbb2c-d5d0-b318-f6a5-844732bc98dd" testName="Nebula.Tests.Unit.WorkflowStateMachineTests.IsTerminalState_ReturnsExpectedValue(workflowType: &quot;Submission&quot;, state: &quot;Bound&quot;, expected: True)" computerName="myStarPort-01" duration="00:00:00.0000022" startTime="2026-06-30T21:14:33.0836021-04:00" endTime="2026-06-30T21:14:33.0836514-04:00" testType="13cdc9d9-ddb5-4fa4-a97d-d965ccfc6d4b" outcome="Passed" testListId="8c84fa94-04c1-424b-9868-57a2d4851a1d" relativeResultsDirectory="6563c954-be3f-4df8-87e1-2bd6a10328b2" />
    <UnitTestResult executionId="ce6c76ce-9d41-4d59-a0a5-5da13a60db5c" testId="f7d0fd99-b170-9794-6684-9f182b45266e" testName="Nebula.Tests.Unit.WorkflowServiceTests.SubmissionService_UpdateAsync_ClearOptionalFields_SetsNullAndTracksChanges" computerName="myStarPort-01" duration="00:00:00.0094921" startTime="2026-06-30T21:14:33.1145089-04:00" endTime="2026-06-30T21:14:33.1234805-04:00" testType="13cdc9d9-ddb5-4fa4-a97d-d965ccfc6d4b" outcome="Passed" testListId="8c84fa94-04c1-424b-9868-57a2d4851a1d" relativeResultsDirectory="ce6c76ce-9d41-4d59-a0a5-5da13a60db5c" />
    <UnitTestResult executionId="b658d1e8-c64f-4efc-bb66-48cc4fd807c2" testId="a9e0d65e-1899-9f2c-4afb-5706a066bd2a" testName="Nebula.Tests.Unit.WorkflowServiceTests.SubmissionService_UpdateQuotePacketAsync_MarkReady_TransitionsToQuotedAndAuditsPacket" computerName="myStarPort-01" duration="00:00:00.0156916" startTime="2026-06-30T21:14:33.0944568-04:00" endTime="2026-06-30T21:14:33.1088587-04:00" testType="13cdc9d9-ddb5-4fa4-a97d-d965ccfc6d4b" outcome="Passed" testListId="8c84fa94-04c1-424b-9868-57a2d4851a1d" relativeResultsDirectory="b658d1e8-c64f-4efc-bb66-48cc4fd807c2" />
    <UnitTestResult executionId="58392c5a-5413-4ab1-a468-a6afb7348d8b" testId="f0884657-1ce9-3e5e-6223-f364c136cf70" testName="Nebula.Tests.Unit.WorkflowStateMachineTests.IsValidTransition_WithDisallowedTransition_ReturnsFalse(workflowType: &quot;Submission&quot;, from: &quot;Quoted&quot;, to: &quot;Bound&quot;)" computerName="myStarPort-01" duration="00:00:00.0001446" startTime="2026-06-30T21:14:33.0524372-04:00" endTime="2026-06-30T21:14:33.0525200-04:00" testType="13cdc9d9-ddb5-4fa4-a97d-d965ccfc6d4b" outcome="Passed" testListId="8c84fa94-04c1-424b-9868-57a2d4851a1d" relativeResultsDirectory="58392c5a-5413-4ab1-a468-a6afb7348d8b" />
    <UnitTestResult executionId="8b5fb3c3-fe00-4fbd-bffb-ad852dffe3c2" testId="adb0eed8-5b99-c7f9-3398-8e7389a9d31d" testName="Nebula.Tests.Unit.WorkflowServiceTests.RenewalService_GetTransitionsAsync_MapsTransitions" computerName="myStarPort-01" duration="00:00:00.0010539" startTime="2026-06-30T21:14:33.1241116-04:00" endTime="2026-06-30T21:14:33.1245670-04:00" testType="13cdc9d9-ddb5-4fa4-a97d-d965ccfc6d4b" outcome="Passed" testListId="8c84fa94-04c1-424b-9868-57a2d4851a1d" relativeResultsDirectory="8b5fb3c3-fe00-4fbd-bffb-ad852dffe3c2" />
    <UnitTestResult executionId="cd3c6f27-6221-435e-afab-33607b6761fa" testId="819ca164-bbb6-cf70-4219-08e0b04fc229" testName="Nebula.Tests.Unit.WorkflowStateMachineTests.IsValidTransition_WithAllowedTransition_ReturnsTrue(workflowType: &quot;Submission&quot;, from: &quot;Received&quot;, to: &quot;Triaging&quot;)" computerName="myStarPort-01" duration="00:00:00.0000015" startTime="2026-06-30T21:14:33.0791922-04:00" endTime="2026-06-30T21:14:33.0792286-04:00" testType="13cdc9d9-ddb5-4fa4-a97d-d965ccfc6d4b" outcome="Passed" testListId="8c84fa94-04c1-424b-9868-57a2d4851a1d" relativeResultsDirectory="cd3c6f27-6221-435e-afab-33607b6761fa" />
    <UnitTestResult executionId="00062b0e-b3c1-43d8-9382-6d57e9aac41a" testId="62fabfe3-1e71-41d8-f148-29722063eb35" testName="Nebula.Tests.Unit.WorkflowServiceTests.SubmissionService_TransitionAsync_InvalidTransition_ReturnsInvalidTransition" computerName="myStarPort-01" duration="00:00:00.0005390" startTime="2026-06-30T21:14:33.0927363-04:00" endTime="2026-06-30T21:14:33.0927826-04:00" testType="13cdc9d9-ddb5-4fa4-a97d-d965ccfc6d4b" outcome="Passed" testListId="8c84fa94-04c1-424b-9868-57a2d4851a1d" relativeResultsDirectory="00062b0e-b3c1-43d8-9382-6d57e9aac41a" />
    <UnitTestResult executionId="6191006c-3a46-4a69-bac1-856214150a92" testId="c1081c82-7187-6a4c-83fa-f252b8fc9849" testName="Nebula.Tests.Unit.WorkflowStateMachineTests.IsTerminalState_ReturnsExpectedValue(workflowType: &quot;Renewal&quot;, state: &quot;Identified&quot;, expected: False)" computerName="myStarPort-01" duration="00:00:00.0000027" startTime="2026-06-30T21:14:33.0818032-04:00" endTime="2026-06-30T21:14:33.0818564-04:00" testType="13cdc9d9-ddb5-4fa4-a97d-d965ccfc6d4b" outcome="Passed" testListId="8c84fa94-04c1-424b-9868-57a2d4851a1d" relativeResultsDirectory="6191006c-3a46-4a69-bac1-856214150a92" />
    <UnitTestResult executionId="aefc1bcb-910a-4878-b1ec-377a0c1346ba" testId="b6b14cd1-74f8-6a25-3bd9-1e7fac53e7f0" testName="Nebula.Tests.Unit.WorkflowStateMachineTests.IsValidTransition_WithDisallowedTransition_ReturnsFalse(workflowType: &quot;Submission&quot;, from: &quot;Bound&quot;, to: &quot;Quoted&quot;)" computerName="myStarPort-01" duration="00:00:00.0000018" startTime="2026-06-30T21:14:33.0542499-04:00" endTime="2026-06-30T21:14:33.0542883-04:00" testType="13cdc9d9-ddb5-4fa4-a97d-d965ccfc6d4b" outcome="Passed" testListId="8c84fa94-04c1-424b-9868-57a2d4851a1d" relativeResultsDirectory="aefc1bcb-910a-4878-b1ec-377a0c1346ba" />
    <UnitTestResult executionId="67058ed1-0231-4e2f-973a-b6e61feea9ad" testId="13b677fb-3fe8-14c8-4888-1f7977e90541" testName="Nebula.Tests.Unit.WorkflowStateMachineTests.GetAvailableTransitions_Submission_ReturnsConfiguredTargets" computerName="myStarPort-01" duration="00:00:00.0035571" startTime="2026-06-30T21:14:33.0796233-04:00" endTime="2026-06-30T21:14:33.0796617-04:00" testType="13cdc9d9-ddb5-4fa4-a97d-d965ccfc6d4b" outcome="Passed" testListId="8c84fa94-04c1-424b-9868-57a2d4851a1d" relativeResultsDirectory="67058ed1-0231-4e2f-973a-b6e61feea9ad" />
    <UnitTestResult executionId="71c2e8e3-b23f-4716-be6b-67ea6d3531ea" testId="46d73bc3-ee39-1c16-81c6-de554b8ca49e" testName="Nebula.Tests.Unit.WorkflowServiceTests.RenewalService_TransitionAsync_ValidTransition_PersistsTransitionAndTimeline" computerName="myStarPort-01" duration="00:00:00.0049710" startTime="2026-06-30T21:14:33.1095195-04:00" endTime="2026-06-30T21:14:33.1138953-04:00" testType="13cdc9d9-ddb5-4fa4-a97d-d965ccfc6d4b" outcome="Passed" testListId="8c84fa94-04c1-424b-9868-57a2d4851a1d" relativeResultsDirectory="71c2e8e3-b23f-4716-be6b-67ea6d3531ea" />
    <UnitTestResult executionId="4ef3ab44-4e17-4b19-b257-72b8d9595c2a" testId="051a3367-88d2-eb5a-de14-e0d0cc7c22e2" testName="Nebula.Tests.Unit.WorkflowServiceTests.RenewalService_GetByIdAsync_MapsDto" computerName="myStarPort-01" duration="00:00:00.0056264" startTime="2026-06-30T21:14:33.0874882-04:00" endTime="2026-06-30T21:14:33.0921378-04:00" testType="13cdc9d9-ddb5-4fa4-a97d-d965ccfc6d4b" outcome="Passed" testListId="8c84fa94-04c1-424b-9868-57a2d4851a1d" relativeResultsDirectory="4ef3ab44-4e17-4b19-b257-72b8d9595c2a" />
    <UnitTestResult executionId="654efce6-a73c-43a1-b4a8-b7a7d1d6580d" testId="b95855f2-1ea2-d880-6871-ff7a5f031bdb" testName="Nebula.Tests.Unit.WorkflowServiceTests.RenewalService_TransitionAsync_InvalidTransition_ReturnsInvalidTransition" computerName="myStarPort-01" duration="00:00:00.0005723" startTime="2026-06-30T21:14:33.1264538-04:00" endTime="2026-06-30T21:14:33.1265422-04:00" testType="13cdc9d9-ddb5-4fa4-a97d-d965ccfc6d4b" outcome="Passed" testListId="8c84fa94-04c1-424b-9868-57a2d4851a1d" relativeResultsDirectory="654efce6-a73c-43a1-b4a8-b7a7d1d6580d" />
    <UnitTestResult executionId="51b97830-8f90-4fc2-a3ee-fb92760c003a" testId="ea4c0745-7100-fdd6-92ba-cc3edd5e00e5" testName="Nebula.Tests.Unit.WorkflowStateMachineTests.IsValidTransition_WithAllowedTransition_ReturnsTrue(workflowType: &quot;Submission&quot;, from: &quot;ReadyForUWReview&quot;, to: &quot;InReview&quot;)" computerName="myStarPort-01" duration="00:00:00.0000949" startTime="2026-06-30T21:14:33.0614061-04:00" endTime="2026-06-30T21:14:33.0614876-04:00" testType="13cdc9d9-ddb5-4fa4-a97d-d965ccfc6d4b" outcome="Passed" testListId="8c84fa94-04c1-424b-9868-57a2d4851a1d" relativeResultsDirectory="51b97830-8f90-4fc2-a3ee-fb92760c003a" />
    <UnitTestResult executionId="d9bcde36-93af-4fbf-b6f9-45144be4d093" testId="9c01cb2a-c86e-d4c3-c876-38fe2c5bbe47" testName="Nebula.Tests.Unit.WorkflowStateMachineTests.IsValidTransition_WithDisallowedTransition_ReturnsFalse(workflowType: &quot;Submission&quot;, from: &quot;ReadyForUWReview&quot;, to: &quot;Bound&quot;)" computerName="myStarPort-01" duration="00:00:00.0000029" startTime="2026-06-30T21:14:33.0534161-04:00" endTime="2026-06-30T21:14:33.0534609-04:00" testType="13cdc9d9-ddb5-4fa4-a97d-d965ccfc6d4b" outcome="Passed" testListId="8c84fa94-04c1-424b-9868-57a2d4851a1d" relativeResultsDirectory="d9bcde36-93af-4fbf-b6f9-45144be4d093" />
    <UnitTestResult executionId="d1ab3397-2cd3-4bc0-b346-9ab474da5c0f" testId="67ae502e-e4f9-240c-f914-0ada732b8146" testName="Nebula.Tests.Unit.WorkflowServiceTests.SubmissionService_ArchiveAndReactivateAsync_BlankReason_ReturnsMissingReason" computerName="myStarPort-01" duration="00:00:00.0161811" startTime="2026-06-30T21:14:33.0417535-04:00" endTime="2026-06-30T21:14:33.0851547-04:00" testType="13cdc9d9-ddb5-4fa4-a97d-d965ccfc6d4b" outcome="Passed" testListId="8c84fa94-04c1-424b-9868-57a2d4851a1d" relativeResultsDirectory="d1ab3397-2cd3-4bc0-b346-9ab474da5c0f" />
  </Results>
  <TestDefinitions>
    <UnitTest name="Nebula.Tests.Unit.WorkflowServiceTests.RenewalService_TransitionAsync_NotFound_ReturnsNotFound" storage="/home/gajap/usandbox/repos/nebula/nebula-insurance-crm/engine/tests/nebula.tests/bin/debug/net10.0/nebula.tests.dll" id="27e333e8-c793-7403-bb24-6b00f770ece6">
      <Execution id="1e23ada7-2640-40d2-b438-f20ef0c720d9" />
      <TestMethod codeBase="/home/gajap/uSandbox/repos/nebula/nebula-insurance-crm/engine/tests/Nebula.Tests/bin/Debug/net10.0/Nebula.Tests.dll" adapterTypeName="executor://xunit/VsTestRunner3/netcore/" className="Nebula.Tests.Unit.WorkflowServiceTests" name="RenewalService_TransitionAsync_NotFound_ReturnsNotFound" />
    </UnitTest>
    <UnitTest name="Nebula.Tests.Unit.WorkflowStateMachineTests.IsValidTransition_WithDisallowedTransition_ReturnsFalse(workflowType: &quot;Submission&quot;, from: &quot;Bound&quot;, to: &quot;Quoted&quot;)" storage="/home/gajap/usandbox/repos/nebula/nebula-insurance-crm/engine/tests/nebula.tests/bin/debug/net10.0/nebula.tests.dll" id="b6b14cd1-74f8-6a25-3bd9-1e7fac53e7f0">
      <Execution id="aefc1bcb-910a-4878-b1ec-377a0c1346ba" />
      <TestMethod codeBase="/home/gajap/uSandbox/repos/nebula/nebula-insurance-crm/engine/tests/Nebula.Tests/bin/Debug/net10.0/Nebula.Tests.dll" adapterTypeName="executor://xunit/VsTestRunner3/netcore/" className="Nebula.Tests.Unit.WorkflowStateMachineTests" name="IsValidTransition_WithDisallowedTransition_ReturnsFalse" />
    </UnitTest>
    <UnitTest name="Nebula.Tests.Unit.WorkflowServiceTests.SubmissionService_UpdateQuotePacketAsync_MarkReady_TransitionsToQuotedAndAuditsPacket" storage="/home/gajap/usandbox/repos/nebula/nebula-insurance-crm/engine/tests/nebula.tests/bin/debug/net10.0/nebula.tests.dll" id="a9e0d65e-1899-9f2c-4afb-5706a066bd2a">
      <Execution id="b658d1e8-c64f-4efc-bb66-48cc4fd807c2" />
      <TestMethod codeBase="/home/gajap/uSandbox/repos/nebula/nebula-insurance-crm/engine/tests/Nebula.Tests/bin/Debug/net10.0/Nebula.Tests.dll" adapterTypeName="executor://xunit/VsTestRunner3/netcore/" className="Nebula.Tests.Unit.WorkflowServiceTests" name="SubmissionService_UpdateQuotePacketAsync_MarkReady_TransitionsToQuotedAndAuditsPacket" />
    </UnitTest>
    <UnitTest name="Nebula.Tests.Unit.WorkflowStateMachineTests.ValidateRenewalTransition_ForDistributionUserIntoUnderwriterStage_ReturnsPolicyDenied" storage="/home/gajap/usandbox/repos/nebula/nebula-insurance-crm/engine/tests/nebula.tests/bin/debug/net10.0/nebula.tests.dll" id="0751c625-9039-3884-8eaa-01f4a2f2c4c6">
      <Execution id="b024856b-ecbf-4240-8133-563055342b2f" />
      <TestMethod codeBase="/home/gajap/uSandbox/repos/nebula/nebula-insurance-crm/engine/tests/Nebula.Tests/bin/Debug/net10.0/Nebula.Tests.dll" adapterTypeName="executor://xunit/VsTestRunner3/netcore/" className="Nebula.Tests.Unit.WorkflowStateMachineTests" name="ValidateRenewalTransition_ForDistributionUserIntoUnderwriterStage_ReturnsPolicyDenied" />
    </UnitTest>
    <UnitTest name="Nebula.Tests.Unit.WorkflowStateMachineTests.IsValidTransition_WithAllowedTransition_ReturnsTrue(workflowType: &quot;Submission&quot;, from: &quot;ReadyForUWReview&quot;, to: &quot;InReview&quot;)" storage="/home/gajap/usandbox/repos/nebula/nebula-insurance-crm/engine/tests/nebula.tests/bin/debug/net10.0/nebula.tests.dll" id="ea4c0745-7100-fdd6-92ba-cc3edd5e00e5">
      <Execution id="51b97830-8f90-4fc2-a3ee-fb92760c003a" />
      <TestMethod codeBase="/home/gajap/uSandbox/repos/nebula/nebula-insurance-crm/engine/tests/Nebula.Tests/bin/Debug/net10.0/Nebula.Tests.dll" adapterTypeName="executor://xunit/VsTestRunner3/netcore/" className="Nebula.Tests.Unit.WorkflowStateMachineTests" name="IsValidTransition_WithAllowedTransition_ReturnsTrue" />
    </UnitTest>
    <UnitTest name="Nebula.Tests.Unit.WorkflowStateMachineTests.IsValidTransition_WithAllowedTransition_ReturnsTrue(workflowType: &quot;Renewal&quot;, from: &quot;Quoted&quot;, to: &quot;Completed&quot;)" storage="/home/gajap/usandbox/repos/nebula/nebula-insurance-crm/engine/tests/nebula.tests/bin/debug/net10.0/nebula.tests.dll" id="0f41d32f-a4cb-d3a1-900f-10b3fc559b06">
      <Execution id="7f9bb0ea-14c5-4f94-9f94-de21de4f8b5d" />
      <TestMethod codeBase="/home/gajap/uSandbox/repos/nebula/nebula-insurance-crm/engine/tests/Nebula.Tests/bin/Debug/net10.0/Nebula.Tests.dll" adapterTypeName="executor://xunit/VsTestRunner3/netcore/" className="Nebula.Tests.Unit.WorkflowStateMachineTests" name="IsValidTransition_WithAllowedTransition_ReturnsTrue" />
    </UnitTest>
    <UnitTest name="Nebula.Tests.Unit.WorkflowStateMachineTests.GetAvailableTransitions_Submission_ReturnsConfiguredTargets" storage="/home/gajap/usandbox/repos/nebula/nebula-insurance-crm/engine/tests/nebula.tests/bin/debug/net10.0/nebula.tests.dll" id="13b677fb-3fe8-14c8-4888-1f7977e90541">
      <Execution id="67058ed1-0231-4e2f-973a-b6e61feea9ad" />
      <TestMethod codeBase="/home/gajap/uSandbox/repos/nebula/nebula-insurance-crm/engine/tests/Nebula.Tests/bin/Debug/net10.0/Nebula.Tests.dll" adapterTypeName="executor://xunit/VsTestRunner3/netcore/" className="Nebula.Tests.Unit.WorkflowStateMachineTests" name="GetAvailableTransitions_Submission_ReturnsConfiguredTargets" />
    </UnitTest>
    <UnitTest name="Nebula.Tests.Unit.WorkflowStateMachineTests.IsValidTransition_WithDisallowedTransition_ReturnsFalse(workflowType: &quot;Renewal&quot;, from: &quot;Identified&quot;, to: &quot;Completed&quot;)" storage="/home/gajap/usandbox/repos/nebula/nebula-insurance-crm/engine/tests/nebula.tests/bin/debug/net10.0/nebula.tests.dll" id="49dce665-7a9b-6811-e0d7-667125afb925">
      <Execution id="d8be08dc-a53b-43fa-9c2c-ec39715c3348" />
      <TestMethod codeBase="/home/gajap/uSandbox/repos/nebula/nebula-insurance-crm/engine/tests/Nebula.Tests/bin/Debug/net10.0/Nebula.Tests.dll" adapterTypeName="executor://xunit/VsTestRunner3/netcore/" className="Nebula.Tests.Unit.WorkflowStateMachineTests" name="IsValidTransition_WithDisallowedTransition_ReturnsFalse" />
    </UnitTest>
    <UnitTest name="Nebula.Tests.Unit.WorkflowServiceTests.SubmissionService_TransitionAsync_ValidTransition_PersistsTransitionAndTimeline" storage="/home/gajap/usandbox/repos/nebula/nebula-insurance-crm/engine/tests/nebula.tests/bin/debug/net10.0/nebula.tests.dll" id="c11a43c2-91f1-a81b-f004-230669f0664b">
      <Execution id="0bce96c2-6daf-4576-aa25-59b71a60b438" />
      <TestMethod codeBase="/home/gajap/uSandbox/repos/nebula/nebula-insurance-crm/engine/tests/Nebula.Tests/bin/Debug/net10.0/Nebula.Tests.dll" adapterTypeName="executor://xunit/VsTestRunner3/netcore/" className="Nebula.Tests.Unit.WorkflowServiceTests" name="SubmissionService_TransitionAsync_ValidTransition_PersistsTransitionAndTimeline" />
    </UnitTest>
    <UnitTest name="Nebula.Tests.Unit.WorkflowServiceTests.RenewalService_TransitionAsync_InvalidTransition_ReturnsInvalidTransition" storage="/home/gajap/usandbox/repos/nebula/nebula-insurance-crm/engine/tests/nebula.tests/bin/debug/net10.0/nebula.tests.dll" id="b95855f2-1ea2-d880-6871-ff7a5f031bdb">
      <Execution id="654efce6-a73c-43a1-b4a8-b7a7d1d6580d" />
      <TestMethod codeBase="/home/gajap/uSandbox/repos/nebula/nebula-insurance-crm/engine/tests/Nebula.Tests/bin/Debug/net10.0/Nebula.Tests.dll" adapterTypeName="executor://xunit/VsTestRunner3/netcore/" className="Nebula.Tests.Unit.WorkflowServiceTests" name="RenewalService_TransitionAsync_InvalidTransition_ReturnsInvalidTransition" />
    </UnitTest>
    <UnitTest name="Nebula.Tests.Unit.WorkflowStateMachineTests.IsValidTransition_WithAllowedTransition_ReturnsTrue(workflowType: &quot;Submission&quot;, from: &quot;BindRequested&quot;, to: &quot;Bound&quot;)" storage="/home/gajap/usandbox/repos/nebula/nebula-insurance-crm/engine/tests/nebula.tests/bin/debug/net10.0/nebula.tests.dll" id="2f9d9795-f676-352f-e98f-000790fcca63">
      <Execution id="66d1e501-4f78-41a2-be7c-11801633ceb8" />
      <TestMethod codeBase="/home/gajap/uSandbox/repos/nebula/nebula-insurance-crm/engine/tests/Nebula.Tests/bin/Debug/net10.0/Nebula.Tests.dll" adapterTypeName="executor://xunit/VsTestRunner3/netcore/" className="Nebula.Tests.Unit.WorkflowStateMachineTests" name="IsValidTransition_WithAllowedTransition_ReturnsTrue" />
    </UnitTest>
    <UnitTest name="Nebula.Tests.Unit.WorkflowStateMachineTests.IsTerminalState_ReturnsExpectedValue(workflowType: &quot;Submission&quot;, state: &quot;Received&quot;, expected: False)" storage="/home/gajap/usandbox/repos/nebula/nebula-insurance-crm/engine/tests/nebula.tests/bin/debug/net10.0/nebula.tests.dll" id="a55e747a-3e95-98b8-f831-207d1ec0e6d8">
      <Execution id="73baee9d-6267-487f-bd0a-c1470878bddd" />
      <TestMethod codeBase="/home/gajap/uSandbox/repos/nebula/nebula-insurance-crm/engine/tests/Nebula.Tests/bin/Debug/net10.0/Nebula.Tests.dll" adapterTypeName="executor://xunit/VsTestRunner3/netcore/" className="Nebula.Tests.Unit.WorkflowStateMachineTests" name="IsTerminalState_ReturnsExpectedValue" />
    </UnitTest>
    <UnitTest name="Nebula.Tests.Unit.WorkflowServiceTests.SubmissionService_GetTransitionsAsync_MapsTransitions" storage="/home/gajap/usandbox/repos/nebula/nebula-insurance-crm/engine/tests/nebula.tests/bin/debug/net10.0/nebula.tests.dll" id="ec9b1951-9c47-9f93-0bd5-a2407435b557">
      <Execution id="f553b1b2-b00a-42f8-afd8-e702411c49c4" />
      <TestMethod codeBase="/home/gajap/uSandbox/repos/nebula/nebula-insurance-crm/engine/tests/Nebula.Tests/bin/Debug/net10.0/Nebula.Tests.dll" adapterTypeName="executor://xunit/VsTestRunner3/netcore/" className="Nebula.Tests.Unit.WorkflowServiceTests" name="SubmissionService_GetTransitionsAsync_MapsTransitions" />
    </UnitTest>
    <UnitTest name="Nebula.Tests.Unit.WorkflowServiceTests.SubmissionService_TransitionAsync_NotFound_ReturnsNotFound" storage="/home/gajap/usandbox/repos/nebula/nebula-insurance-crm/engine/tests/nebula.tests/bin/debug/net10.0/nebula.tests.dll" id="960eb042-0c7b-1a10-fe8f-4ecfbf884988">
      <Execution id="58e9b899-fac3-4e7a-8960-fdf11268f082" />
      <TestMethod codeBase="/home/gajap/uSandbox/repos/nebula/nebula-insurance-crm/engine/tests/Nebula.Tests/bin/Debug/net10.0/Nebula.Tests.dll" adapterTypeName="executor://xunit/VsTestRunner3/netcore/" className="Nebula.Tests.Unit.WorkflowServiceTests" name="SubmissionService_TransitionAsync_NotFound_ReturnsNotFound" />
    </UnitTest>
    <UnitTest name="Nebula.Tests.Unit.WorkflowStateMachineTests.IsTerminalState_ReturnsExpectedValue(workflowType: &quot;Renewal&quot;, state: &quot;Completed&quot;, expected: True)" storage="/home/gajap/usandbox/repos/nebula/nebula-insurance-crm/engine/tests/nebula.tests/bin/debug/net10.0/nebula.tests.dll" id="5f073d36-48da-310d-94ad-88e6b9f82b75">
      <Execution id="f7f30587-8fd2-42d8-8ca6-8c86a8c5c3c3" />
      <TestMethod codeBase="/home/gajap/uSandbox/repos/nebula/nebula-insurance-crm/engine/tests/Nebula.Tests/bin/Debug/net10.0/Nebula.Tests.dll" adapterTypeName="executor://xunit/VsTestRunner3/netcore/" className="Nebula.Tests.Unit.WorkflowStateMachineTests" name="IsTerminalState_ReturnsExpectedValue" />
    </UnitTest>
    <UnitTest name="Nebula.Tests.Unit.WorkflowServiceTests.SubmissionService_UpdateAsync_OmittedOptionalFields_PreserveExistingValues" storage="/home/gajap/usandbox/repos/nebula/nebula-insurance-crm/engine/tests/nebula.tests/bin/debug/net10.0/nebula.tests.dll" id="2f412fd8-ece3-2512-e65d-8bd284233da0">
      <Execution id="db0d5788-83f9-4ade-baf0-bda79ad8e35e" />
      <TestMethod codeBase="/home/gajap/uSandbox/repos/nebula/nebula-insurance-crm/engine/tests/Nebula.Tests/bin/Debug/net10.0/Nebula.Tests.dll" adapterTypeName="executor://xunit/VsTestRunner3/netcore/" className="Nebula.Tests.Unit.WorkflowServiceTests" name="SubmissionService_UpdateAsync_OmittedOptionalFields_PreserveExistingValues" />
    </UnitTest>
    <UnitTest name="Nebula.Tests.Unit.WorkflowServiceTests.SubmissionService_UpdateAsync_ClearOptionalFields_SetsNullAndTracksChanges" storage="/home/gajap/usandbox/repos/nebula/nebula-insurance-crm/engine/tests/nebula.tests/bin/debug/net10.0/nebula.tests.dll" id="f7d0fd99-b170-9794-6684-9f182b45266e">
      <Execution id="ce6c76ce-9d41-4d59-a0a5-5da13a60db5c" />
      <TestMethod codeBase="/home/gajap/uSandbox/repos/nebula/nebula-insurance-crm/engine/tests/Nebula.Tests/bin/Debug/net10.0/Nebula.Tests.dll" adapterTypeName="executor://xunit/VsTestRunner3/netcore/" className="Nebula.Tests.Unit.WorkflowServiceTests" name="SubmissionService_UpdateAsync_ClearOptionalFields_SetsNullAndTracksChanges" />
    </UnitTest>
    <UnitTest name="Nebula.Tests.Unit.WorkflowStateMachineTests.IsValidTransition_WithDisallowedTransition_ReturnsFalse(workflowType: &quot;Submission&quot;, from: &quot;ReadyForUWReview&quot;, to: &quot;Bound&quot;)" storage="/home/gajap/usandbox/repos/nebula/nebula-insurance-crm/engine/tests/nebula.tests/bin/debug/net10.0/nebula.tests.dll" id="9c01cb2a-c86e-d4c3-c876-38fe2c5bbe47">
      <Execution id="d9bcde36-93af-4fbf-b6f9-45144be4d093" />
      <TestMethod codeBase="/home/gajap/uSandbox/repos/nebula/nebula-insurance-crm/engine/tests/Nebula.Tests/bin/Debug/net10.0/Nebula.Tests.dll" adapterTypeName="executor://xunit/VsTestRunner3/netcore/" className="Nebula.Tests.Unit.WorkflowStateMachineTests" name="IsValidTransition_WithDisallowedTransition_ReturnsFalse" />
    </UnitTest>
    <UnitTest name="Nebula.Tests.Unit.WorkflowServiceTests.RenewalService_GetByIdAsync_MapsDto" storage="/home/gajap/usandbox/repos/nebula/nebula-insurance-crm/engine/tests/nebula.tests/bin/debug/net10.0/nebula.tests.dll" id="051a3367-88d2-eb5a-de14-e0d0cc7c22e2">
      <Execution id="4ef3ab44-4e17-4b19-b257-72b8d9595c2a" />
      <TestMethod codeBase="/home/gajap/uSandbox/repos/nebula/nebula-insurance-crm/engine/tests/Nebula.Tests/bin/Debug/net10.0/Nebula.Tests.dll" adapterTypeName="executor://xunit/VsTestRunner3/netcore/" className="Nebula.Tests.Unit.WorkflowServiceTests" name="RenewalService_GetByIdAsync_MapsDto" />
    </UnitTest>
    <UnitTest name="Nebula.Tests.Unit.WorkflowStateMachineTests.IsValidTransition_WithDisallowedTransition_ReturnsFalse(workflowType: &quot;Submission&quot;, from: &quot;Quoted&quot;, to: &quot;Bound&quot;)" storage="/home/gajap/usandbox/repos/nebula/nebula-insurance-crm/engine/tests/nebula.tests/bin/debug/net10.0/nebula.tests.dll" id="f0884657-1ce9-3e5e-6223-f364c136cf70">
      <Execution id="58392c5a-5413-4ab1-a468-a6afb7348d8b" />
      <TestMethod codeBase="/home/gajap/uSandbox/repos/nebula/nebula-insurance-crm/engine/tests/Nebula.Tests/bin/Debug/net10.0/Nebula.Tests.dll" adapterTypeName="executor://xunit/VsTestRunner3/netcore/" className="Nebula.Tests.Unit.WorkflowStateMachineTests" name="IsValidTransition_WithDisallowedTransition_ReturnsFalse" />
    </UnitTest>
    <UnitTest name="Nebula.Tests.Unit.WorkflowStateMachineTests.IsTerminalState_ReturnsExpectedValue(workflowType: &quot;Unknown&quot;, state: &quot;Anything&quot;, expected: False)" storage="/home/gajap/usandbox/repos/nebula/nebula-insurance-crm/engine/tests/nebula.tests/bin/debug/net10.0/nebula.tests.dll" id="d7638616-7845-edf2-7c0f-d9e23175973f">
      <Execution id="436ccec1-84db-4335-b89b-4bbb94a3715d" />
      <TestMethod codeBase="/home/gajap/uSandbox/repos/nebula/nebula-insurance-crm/engine/tests/Nebula.Tests/bin/Debug/net10.0/Nebula.Tests.dll" adapterTypeName="executor://xunit/VsTestRunner3/netcore/" className="Nebula.Tests.Unit.WorkflowStateMachineTests" name="IsTerminalState_ReturnsExpectedValue" />
    </UnitTest>
    <UnitTest name="Nebula.Tests.Unit.WorkflowServiceTests.SubmissionService_ArchiveAndReactivateAsync_BlankReason_ReturnsMissingReason" storage="/home/gajap/usandbox/repos/nebula/nebula-insurance-crm/engine/tests/nebula.tests/bin/debug/net10.0/nebula.tests.dll" id="67ae502e-e4f9-240c-f914-0ada732b8146">
      <Execution id="d1ab3397-2cd3-4bc0-b346-9ab474da5c0f" />
      <TestMethod codeBase="/home/gajap/uSandbox/repos/nebula/nebula-insurance-crm/engine/tests/Nebula.Tests/bin/Debug/net10.0/Nebula.Tests.dll" adapterTypeName="executor://xunit/VsTestRunner3/netcore/" className="Nebula.Tests.Unit.WorkflowServiceTests" name="SubmissionService_ArchiveAndReactivateAsync_BlankReason_ReturnsMissingReason" />
    </UnitTest>
    <UnitTest name="Nebula.Tests.Unit.WorkflowServiceTests.RenewalService_TransitionAsync_ValidTransition_PersistsTransitionAndTimeline" storage="/home/gajap/usandbox/repos/nebula/nebula-insurance-crm/engine/tests/nebula.tests/bin/debug/net10.0/nebula.tests.dll" id="46d73bc3-ee39-1c16-81c6-de554b8ca49e">
      <Execution id="71c2e8e3-b23f-4716-be6b-67ea6d3531ea" />
      <TestMethod codeBase="/home/gajap/uSandbox/repos/nebula/nebula-insurance-crm/engine/tests/Nebula.Tests/bin/Debug/net10.0/Nebula.Tests.dll" adapterTypeName="executor://xunit/VsTestRunner3/netcore/" className="Nebula.Tests.Unit.WorkflowServiceTests" name="RenewalService_TransitionAsync_ValidTransition_PersistsTransitionAndTimeline" />
    </UnitTest>
    <UnitTest name="Nebula.Tests.Unit.WorkflowStateMachineTests.GetAvailableRenewalTransitions_FiltersByRole" storage="/home/gajap/usandbox/repos/nebula/nebula-insurance-crm/engine/tests/nebula.tests/bin/debug/net10.0/nebula.tests.dll" id="2adc37cd-e5d2-a054-4a84-98b0c4a201f0">
      <Execution id="26594241-82d3-4328-8e3e-3ab1f40d2d19" />
      <TestMethod codeBase="/home/gajap/uSandbox/repos/nebula/nebula-insurance-crm/engine/tests/Nebula.Tests/bin/Debug/net10.0/Nebula.Tests.dll" adapterTypeName="executor://xunit/VsTestRunner3/netcore/" className="Nebula.Tests.Unit.WorkflowStateMachineTests" name="GetAvailableRenewalTransitions_FiltersByRole" />
    </UnitTest>
    <UnitTest name="Nebula.Tests.Unit.WorkflowStateMachineTests.IsValidTransition_WithDisallowedTransition_ReturnsFalse(workflowType: &quot;Unknown&quot;, from: &quot;Open&quot;, to: &quot;Closed&quot;)" storage="/home/gajap/usandbox/repos/nebula/nebula-insurance-crm/engine/tests/nebula.tests/bin/debug/net10.0/nebula.tests.dll" id="7e3cd50a-b2e3-bcea-a827-25bb7cacc6f1">
      <Execution id="e8402e31-29a3-418c-992a-0ddcb69a254b" />
      <TestMethod codeBase="/home/gajap/uSandbox/repos/nebula/nebula-insurance-crm/engine/tests/Nebula.Tests/bin/Debug/net10.0/Nebula.Tests.dll" adapterTypeName="executor://xunit/VsTestRunner3/netcore/" className="Nebula.Tests.Unit.WorkflowStateMachineTests" name="IsValidTransition_WithDisallowedTransition_ReturnsFalse" />
    </UnitTest>
    <UnitTest name="Nebula.Tests.Unit.WorkflowStateMachineTests.IsValidTransition_WithAllowedTransition_ReturnsTrue(workflowType: &quot;Submission&quot;, from: &quot;Received&quot;, to: &quot;Triaging&quot;)" storage="/home/gajap/usandbox/repos/nebula/nebula-insurance-crm/engine/tests/nebula.tests/bin/debug/net10.0/nebula.tests.dll" id="819ca164-bbb6-cf70-4219-08e0b04fc229">
      <Execution id="cd3c6f27-6221-435e-afab-33607b6761fa" />
      <TestMethod codeBase="/home/gajap/uSandbox/repos/nebula/nebula-insurance-crm/engine/tests/Nebula.Tests/bin/Debug/net10.0/Nebula.Tests.dll" adapterTypeName="executor://xunit/VsTestRunner3/netcore/" className="Nebula.Tests.Unit.WorkflowStateMachineTests" name="IsValidTransition_WithAllowedTransition_ReturnsTrue" />
    </UnitTest>
    <UnitTest name="Nebula.Tests.Unit.WorkflowStateMachineTests.IsValidTransition_WithDisallowedTransition_ReturnsFalse(workflowType: &quot;Renewal&quot;, from: &quot;Completed&quot;, to: &quot;Quoted&quot;)" storage="/home/gajap/usandbox/repos/nebula/nebula-insurance-crm/engine/tests/nebula.tests/bin/debug/net10.0/nebula.tests.dll" id="4921b85e-3cfa-3dfc-664b-56f050531ed0">
      <Execution id="b3b2208d-3b44-4fd6-baa5-e900ffd48119" />
      <TestMethod codeBase="/home/gajap/uSandbox/repos/nebula/nebula-insurance-crm/engine/tests/Nebula.Tests/bin/Debug/net10.0/Nebula.Tests.dll" adapterTypeName="executor://xunit/VsTestRunner3/netcore/" className="Nebula.Tests.Unit.WorkflowStateMachineTests" name="IsValidTransition_WithDisallowedTransition_ReturnsFalse" />
    </UnitTest>
    <UnitTest name="Nebula.Tests.Unit.WorkflowServiceTests.SubmissionService_TransitionAsync_InvalidTransition_ReturnsInvalidTransition" storage="/home/gajap/usandbox/repos/nebula/nebula-insurance-crm/engine/tests/nebula.tests/bin/debug/net10.0/nebula.tests.dll" id="62fabfe3-1e71-41d8-f148-29722063eb35">
      <Execution id="00062b0e-b3c1-43d8-9382-6d57e9aac41a" />
      <TestMethod codeBase="/home/gajap/uSandbox/repos/nebula/nebula-insurance-crm/engine/tests/Nebula.Tests/bin/Debug/net10.0/Nebula.Tests.dll" adapterTypeName="executor://xunit/VsTestRunner3/netcore/" className="Nebula.Tests.Unit.WorkflowServiceTests" name="SubmissionService_TransitionAsync_InvalidTransition_ReturnsInvalidTransition" />
    </UnitTest>
    <UnitTest name="Nebula.Tests.Unit.WorkflowServiceTests.SubmissionService_GetByIdAsync_MapsDto" storage="/home/gajap/usandbox/repos/nebula/nebula-insurance-crm/engine/tests/nebula.tests/bin/debug/net10.0/nebula.tests.dll" id="8ded1678-34e4-9e88-0c89-f16a9bae94b7">
      <Execution id="4f57bc57-26a5-4a65-8b7f-15f2124d9f31" />
      <TestMethod codeBase="/home/gajap/uSandbox/repos/nebula/nebula-insurance-crm/engine/tests/Nebula.Tests/bin/Debug/net10.0/Nebula.Tests.dll" adapterTypeName="executor://xunit/VsTestRunner3/netcore/" className="Nebula.Tests.Unit.WorkflowServiceTests" name="SubmissionService_GetByIdAsync_MapsDto" />
    </UnitTest>
    <UnitTest name="Nebula.Tests.Unit.WorkflowStateMachineTests.IsValidTransition_WithAllowedTransition_ReturnsTrue(workflowType: &quot;Renewal&quot;, from: &quot;Identified&quot;, to: &quot;Outreach&quot;)" storage="/home/gajap/usandbox/repos/nebula/nebula-insurance-crm/engine/tests/nebula.tests/bin/debug/net10.0/nebula.tests.dll" id="4934f454-9a5b-c51b-13c6-34d5d451ff21">
      <Execution id="4e90fb87-a4e1-4ab2-8e8e-9b4601a04cc2" />
      <TestMethod codeBase="/home/gajap/uSandbox/repos/nebula/nebula-insurance-crm/engine/tests/Nebula.Tests/bin/Debug/net10.0/Nebula.Tests.dll" adapterTypeName="executor://xunit/VsTestRunner3/netcore/" className="Nebula.Tests.Unit.WorkflowStateMachineTests" name="IsValidTransition_WithAllowedTransition_ReturnsTrue" />
    </UnitTest>
    <UnitTest name="Nebula.Tests.Unit.WorkflowServiceTests.RenewalService_GetTransitionsAsync_MapsTransitions" storage="/home/gajap/usandbox/repos/nebula/nebula-insurance-crm/engine/tests/nebula.tests/bin/debug/net10.0/nebula.tests.dll" id="adb0eed8-5b99-c7f9-3398-8e7389a9d31d">
      <Execution id="8b5fb3c3-fe00-4fbd-bffb-ad852dffe3c2" />
      <TestMethod codeBase="/home/gajap/uSandbox/repos/nebula/nebula-insurance-crm/engine/tests/Nebula.Tests/bin/Debug/net10.0/Nebula.Tests.dll" adapterTypeName="executor://xunit/VsTestRunner3/netcore/" className="Nebula.Tests.Unit.WorkflowServiceTests" name="RenewalService_GetTransitionsAsync_MapsTransitions" />
    </UnitTest>
    <UnitTest name="Nebula.Tests.Unit.WorkflowStateMachineTests.IsTerminalState_ReturnsExpectedValue(workflowType: &quot;Renewal&quot;, state: &quot;Identified&quot;, expected: False)" storage="/home/gajap/usandbox/repos/nebula/nebula-insurance-crm/engine/tests/nebula.tests/bin/debug/net10.0/nebula.tests.dll" id="c1081c82-7187-6a4c-83fa-f252b8fc9849">
      <Execution id="6191006c-3a46-4a69-bac1-856214150a92" />
      <TestMethod codeBase="/home/gajap/uSandbox/repos/nebula/nebula-insurance-crm/engine/tests/Nebula.Tests/bin/Debug/net10.0/Nebula.Tests.dll" adapterTypeName="executor://xunit/VsTestRunner3/netcore/" className="Nebula.Tests.Unit.WorkflowStateMachineTests" name="IsTerminalState_ReturnsExpectedValue" />
    </UnitTest>
    <UnitTest name="Nebula.Tests.Unit.WorkflowStateMachineTests.IsValidTransition_WithDisallowedTransition_ReturnsFalse(workflowType: &quot;Submission&quot;, from: &quot;Received&quot;, to: &quot;WaitingOnBroker&quot;)" storage="/home/gajap/usandbox/repos/nebula/nebula-insurance-crm/engine/tests/nebula.tests/bin/debug/net10.0/nebula.tests.dll" id="eab6e3ec-045e-1e2f-0795-5ee4ae87cf11">
      <Execution id="79fa64de-6e1a-4652-a00a-c75d06debbc6" />
      <TestMethod codeBase="/home/gajap/uSandbox/repos/nebula/nebula-insurance-crm/engine/tests/Nebula.Tests/bin/Debug/net10.0/Nebula.Tests.dll" adapterTypeName="executor://xunit/VsTestRunner3/netcore/" className="Nebula.Tests.Unit.WorkflowStateMachineTests" name="IsValidTransition_WithDisallowedTransition_ReturnsFalse" />
    </UnitTest>
    <UnitTest name="Nebula.Tests.Unit.WorkflowStateMachineTests.IsTerminalState_ReturnsExpectedValue(workflowType: &quot;Submission&quot;, state: &quot;Bound&quot;, expected: True)" storage="/home/gajap/usandbox/repos/nebula/nebula-insurance-crm/engine/tests/nebula.tests/bin/debug/net10.0/nebula.tests.dll" id="bbafbb2c-d5d0-b318-f6a5-844732bc98dd">
      <Execution id="6563c954-be3f-4df8-87e1-2bd6a10328b2" />
      <TestMethod codeBase="/home/gajap/uSandbox/repos/nebula/nebula-insurance-crm/engine/tests/Nebula.Tests/bin/Debug/net10.0/Nebula.Tests.dll" adapterTypeName="executor://xunit/VsTestRunner3/netcore/" className="Nebula.Tests.Unit.WorkflowStateMachineTests" name="IsTerminalState_ReturnsExpectedValue" />
    </UnitTest>
  </TestDefinitions>
  <TestEntries>
    <TestEntry testId="0751c625-9039-3884-8eaa-01f4a2f2c4c6" executionId="b024856b-ecbf-4240-8133-563055342b2f" testListId="8c84fa94-04c1-424b-9868-57a2d4851a1d" />
    <TestEntry testId="49dce665-7a9b-6811-e0d7-667125afb925" executionId="d8be08dc-a53b-43fa-9c2c-ec39715c3348" testListId="8c84fa94-04c1-424b-9868-57a2d4851a1d" />
    <TestEntry testId="4921b85e-3cfa-3dfc-664b-56f050531ed0" executionId="b3b2208d-3b44-4fd6-baa5-e900ffd48119" testListId="8c84fa94-04c1-424b-9868-57a2d4851a1d" />
    <TestEntry testId="2f412fd8-ece3-2512-e65d-8bd284233da0" executionId="db0d5788-83f9-4ade-baf0-bda79ad8e35e" testListId="8c84fa94-04c1-424b-9868-57a2d4851a1d" />
    <TestEntry testId="5f073d36-48da-310d-94ad-88e6b9f82b75" executionId="f7f30587-8fd2-42d8-8ca6-8c86a8c5c3c3" testListId="8c84fa94-04c1-424b-9868-57a2d4851a1d" />
    <TestEntry testId="27e333e8-c793-7403-bb24-6b00f770ece6" executionId="1e23ada7-2640-40d2-b438-f20ef0c720d9" testListId="8c84fa94-04c1-424b-9868-57a2d4851a1d" />
    <TestEntry testId="c11a43c2-91f1-a81b-f004-230669f0664b" executionId="0bce96c2-6daf-4576-aa25-59b71a60b438" testListId="8c84fa94-04c1-424b-9868-57a2d4851a1d" />
    <TestEntry testId="a55e747a-3e95-98b8-f831-207d1ec0e6d8" executionId="73baee9d-6267-487f-bd0a-c1470878bddd" testListId="8c84fa94-04c1-424b-9868-57a2d4851a1d" />
    <TestEntry testId="eab6e3ec-045e-1e2f-0795-5ee4ae87cf11" executionId="79fa64de-6e1a-4652-a00a-c75d06debbc6" testListId="8c84fa94-04c1-424b-9868-57a2d4851a1d" />
    <TestEntry testId="7e3cd50a-b2e3-bcea-a827-25bb7cacc6f1" executionId="e8402e31-29a3-418c-992a-0ddcb69a254b" testListId="8c84fa94-04c1-424b-9868-57a2d4851a1d" />
    <TestEntry testId="2f9d9795-f676-352f-e98f-000790fcca63" executionId="66d1e501-4f78-41a2-be7c-11801633ceb8" testListId="8c84fa94-04c1-424b-9868-57a2d4851a1d" />
    <TestEntry testId="0f41d32f-a4cb-d3a1-900f-10b3fc559b06" executionId="7f9bb0ea-14c5-4f94-9f94-de21de4f8b5d" testListId="8c84fa94-04c1-424b-9868-57a2d4851a1d" />
    <TestEntry testId="960eb042-0c7b-1a10-fe8f-4ecfbf884988" executionId="58e9b899-fac3-4e7a-8960-fdf11268f082" testListId="8c84fa94-04c1-424b-9868-57a2d4851a1d" />
    <TestEntry testId="d7638616-7845-edf2-7c0f-d9e23175973f" executionId="436ccec1-84db-4335-b89b-4bbb94a3715d" testListId="8c84fa94-04c1-424b-9868-57a2d4851a1d" />
    <TestEntry testId="2adc37cd-e5d2-a054-4a84-98b0c4a201f0" executionId="26594241-82d3-4328-8e3e-3ab1f40d2d19" testListId="8c84fa94-04c1-424b-9868-57a2d4851a1d" />
    <TestEntry testId="ec9b1951-9c47-9f93-0bd5-a2407435b557" executionId="f553b1b2-b00a-42f8-afd8-e702411c49c4" testListId="8c84fa94-04c1-424b-9868-57a2d4851a1d" />
    <TestEntry testId="8ded1678-34e4-9e88-0c89-f16a9bae94b7" executionId="4f57bc57-26a5-4a65-8b7f-15f2124d9f31" testListId="8c84fa94-04c1-424b-9868-57a2d4851a1d" />
    <TestEntry testId="4934f454-9a5b-c51b-13c6-34d5d451ff21" executionId="4e90fb87-a4e1-4ab2-8e8e-9b4601a04cc2" testListId="8c84fa94-04c1-424b-9868-57a2d4851a1d" />
    <TestEntry testId="bbafbb2c-d5d0-b318-f6a5-844732bc98dd" executionId="6563c954-be3f-4df8-87e1-2bd6a10328b2" testListId="8c84fa94-04c1-424b-9868-57a2d4851a1d" />
    <TestEntry testId="f7d0fd99-b170-9794-6684-9f182b45266e" executionId="ce6c76ce-9d41-4d59-a0a5-5da13a60db5c" testListId="8c84fa94-04c1-424b-9868-57a2d4851a1d" />
    <TestEntry testId="a9e0d65e-1899-9f2c-4afb-5706a066bd2a" executionId="b658d1e8-c64f-4efc-bb66-48cc4fd807c2" testListId="8c84fa94-04c1-424b-9868-57a2d4851a1d" />
    <TestEntry testId="f0884657-1ce9-3e5e-6223-f364c136cf70" executionId="58392c5a-5413-4ab1-a468-a6afb7348d8b" testListId="8c84fa94-04c1-424b-9868-57a2d4851a1d" />
    <TestEntry testId="adb0eed8-5b99-c7f9-3398-8e7389a9d31d" executionId="8b5fb3c3-fe00-4fbd-bffb-ad852dffe3c2" testListId="8c84fa94-04c1-424b-9868-57a2d4851a1d" />
    <TestEntry testId="819ca164-bbb6-cf70-4219-08e0b04fc229" executionId="cd3c6f27-6221-435e-afab-33607b6761fa" testListId="8c84fa94-04c1-424b-9868-57a2d4851a1d" />
    <TestEntry testId="62fabfe3-1e71-41d8-f148-29722063eb35" executionId="00062b0e-b3c1-43d8-9382-6d57e9aac41a" testListId="8c84fa94-04c1-424b-9868-57a2d4851a1d" />
    <TestEntry testId="c1081c82-7187-6a4c-83fa-f252b8fc9849" executionId="6191006c-3a46-4a69-bac1-856214150a92" testListId="8c84fa94-04c1-424b-9868-57a2d4851a1d" />
    <TestEntry testId="b6b14cd1-74f8-6a25-3bd9-1e7fac53e7f0" executionId="aefc1bcb-910a-4878-b1ec-377a0c1346ba" testListId="8c84fa94-04c1-424b-9868-57a2d4851a1d" />
    <TestEntry testId="13b677fb-3fe8-14c8-4888-1f7977e90541" executionId="67058ed1-0231-4e2f-973a-b6e61feea9ad" testListId="8c84fa94-04c1-424b-9868-57a2d4851a1d" />
    <TestEntry testId="46d73bc3-ee39-1c16-81c6-de554b8ca49e" executionId="71c2e8e3-b23f-4716-be6b-67ea6d3531ea" testListId="8c84fa94-04c1-424b-9868-57a2d4851a1d" />
    <TestEntry testId="051a3367-88d2-eb5a-de14-e0d0cc7c22e2" executionId="4ef3ab44-4e17-4b19-b257-72b8d9595c2a" testListId="8c84fa94-04c1-424b-9868-57a2d4851a1d" />
    <TestEntry testId="b95855f2-1ea2-d880-6871-ff7a5f031bdb" executionId="654efce6-a73c-43a1-b4a8-b7a7d1d6580d" testListId="8c84fa94-04c1-424b-9868-57a2d4851a1d" />
    <TestEntry testId="ea4c0745-7100-fdd6-92ba-cc3edd5e00e5" executionId="51b97830-8f90-4fc2-a3ee-fb92760c003a" testListId="8c84fa94-04c1-424b-9868-57a2d4851a1d" />
    <TestEntry testId="9c01cb2a-c86e-d4c3-c876-38fe2c5bbe47" executionId="d9bcde36-93af-4fbf-b6f9-45144be4d093" testListId="8c84fa94-04c1-424b-9868-57a2d4851a1d" />
    <TestEntry testId="67ae502e-e4f9-240c-f914-0ada732b8146" executionId="d1ab3397-2cd3-4bc0-b346-9ab474da5c0f" testListId="8c84fa94-04c1-424b-9868-57a2d4851a1d" />
  </TestEntries>
  <TestLists>
    <TestList name="Results Not in a List" id="8c84fa94-04c1-424b-9868-57a2d4851a1d" />
    <TestList name="All Loaded Results" id="19431567-8539-422a-85d7-44ee4e166bda" />
  </TestLists>
  <ResultSummary outcome="Completed">
    <Counters total="34" executed="34" passed="34" failed="0" error="0" timeout="0" aborted="0" inconclusive="0" passedButRunAborted="0" notRunnable="0" notExecuted="0" disconnected="0" warning="0" completed="0" inProgress="0" pending="0" />
    <Output>
      <StdOut>[xUnit.net 00:00:00.00] xUnit.net VSTest Adapter v3.1.4+50e68bbb8b (64-bit .NET 10.0.9)
[xUnit.net 00:00:00.08]   Discovering: Nebula.Tests
[xUnit.net 00:00:00.17]   Discovered:  Nebula.Tests
[xUnit.net 00:00:00.19]   Starting:    Nebula.Tests
[xUnit.net 00:00:00.32]   Finished:    Nebula.Tests
</StdOut>
    </Output>
    <CollectorDataEntries>
      <Collector agentName="myStarPort-01" uri="datacollector://microsoft/CoverletCodeCoverage/1.0" collectorDisplayName="XPlat code coverage">
        <UriAttachments>
          <UriAttachment>
            <A href="myStarPort-01/coverage.cobertura.xml"></A>
          </UriAttachment>
        </UriAttachments>
      </Collector>
    </CollectorDataEntries>
  </ResultSummary>
</TestRun>